#! /c/iverilog/bin/vvp
:ivl_version "0.9.6 " "(v0_9_6)";
:vpi_time_precision + 0;
:vpi_module "system";
:vpi_module "v2005_math";
:vpi_module "va_math";
S_0097A5E0 .scope module, "mux2" "mux2" 2 1;
 .timescale 0 0;
P_009707C4 .param/l "WIDTH" 2 4, +C4<01000>;
v0097BDD8_0 .net "d0", 7 0, C4<zzzzzzzz>; 0 drivers
v0097BE30_0 .net "d1", 7 0, C4<zzzzzzzz>; 0 drivers
v0097C148_0 .net "s", 0 0, C4<z>; 0 drivers
v0097BE88_0 .net "y", 7 0, L_009C2A08; 1 drivers
L_009C2A08 .functor MUXZ 8, C4<zzzzzzzz>, C4<zzzzzzzz>, C4<z>, C4<>;
S_0097A228 .scope module, "tb_waly_lwsp_swsp" "tb_waly_lwsp_swsp" 3 13;
 .timescale 0 0;
v009C2850_0 .var "clk", 0 0;
v009C2488_0 .var "reset", 0 0;
S_0097A4D0 .scope module, "dut" "top_pipe" 3 19, 4 1, S_0097A228;
 .timescale 0 0;
P_00970744 .param/str "INSTR_MEM_FILE" 4 2, "mem/test_waly_lwsp_swsp.mem";
v009C2430_0 .net "clk", 0 0, v009C2850_0; 1 drivers
v009C2B68_0 .net "reset", 0 0, v009C2488_0; 1 drivers
S_0097A2B0 .scope module, "pipe" "pipeline" 4 9, 5 1, S_0097A4D0;
 .timescale 0 0;
P_00970664 .param/str "INSTR_MEM_FILE" 5 2, "mem/test_waly_lwsp_swsp.mem";
v009C0BE8_0 .net "ALUControlD", 3 0, v009BDB00_0; 1 drivers
v009C0928_0 .var "ALUControlE", 3 0;
v009C0A30_0 .net "ALUResultE", 31 0, L_009C8748; 1 drivers
v009C0980_0 .var "ALUResultM", 31 0;
v009C09D8_0 .var "ALUResultW", 31 0;
v009C0AE0_0 .net "ALUSrcD", 0 0, L_009C6208; 1 drivers
v009C1690_0 .var "ALUSrcE", 0 0;
v009C1638_0 .net "BranchD", 0 0, L_009C6788; 1 drivers
v009C1588_0 .var "BranchE", 0 0;
v009C17F0_0 .net "FlushD", 0 0, L_009CA680; 1 drivers
v009C1798_0 .net "FlushE", 0 0, L_009CA338; 1 drivers
v009C18A0_0 .net "ForwardAE", 1 0, L_009C6C58; 1 drivers
v009C1740_0 .net "ForwardBE", 1 0, L_009C7440; 1 drivers
v009C16E8_0 .net "ImmExtD", 31 0, v009BE480_0; 1 drivers
v009C15E0_0 .var "ImmExtE", 31 0;
v009C1848_0 .net "ImmSrcD", 2 0, L_009C6310; 1 drivers
v009C1428_0 .var "InstrD", 31 0;
v009C1480_0 .net "InstrF", 31 0, L_009C3668; 1 drivers
v009C14D8_0 .net "JalrD", 0 0, L_009C6A48; 1 drivers
v009C2220_0 .var "JalrE", 0 0;
v009C1FB8_0 .net "JumpD", 0 0, L_009C6578; 1 drivers
v009C2170_0 .var "JumpE", 0 0;
v009C1DA8_0 .net "MemReadE", 0 0, L_009C28A8; 1 drivers
v009C1E58_0 .net "MemWriteD", 0 0, L_009C65D0; 1 drivers
v009C1C48_0 .var "MemWriteE", 0 0;
v009C2328_0 .var "MemWriteM", 0 0;
v009C1B98_0 .var "PCD", 31 0;
v009C2278_0 .var "PCE", 31 0;
v009C2068_0 .net "PCF", 31 0, v009C10B8_0; 1 drivers
v009C1BF0_0 .net "PCJalrE", 31 0, L_009C6AA0; 1 drivers
v009C1AE8_0 .var "PCPlus4D", 31 0;
v009C1E00_0 .var "PCPlus4E", 31 0;
v009C22D0_0 .net "PCPlus4F", 31 0, L_009C47D0; 1 drivers
v009C2380_0 .var "PCPlus4M", 31 0;
v009C1CA0_0 .var "PCPlus4W", 31 0;
v009C20C0_0 .net "PCSrcE", 1 0, L_009C75A0; 1 drivers
v009C2010_0 .net "PCSrcTakenE", 0 0, L_009C2A60; 1 drivers
v009C1CF8_0 .net "PCTargetE", 31 0, L_009C6470; 1 drivers
v009C1EB0_0 .net "RD1D", 31 0, L_009C6C00; 1 drivers
v009C1D50_0 .var "RD1E", 31 0;
v009C1F08_0 .net "RD2D", 31 0, L_009C6BA8; 1 drivers
v009C1F60_0 .var "RD2E", 31 0;
v009C1930_0 .net "RdD", 4 0, L_009C33A8; 1 drivers
v009C23D8_0 .var "RdE", 4 0;
v009C2118_0 .var "RdM", 4 0;
v009C21C8_0 .var "RdW", 4 0;
v009C1988_0 .net "ReadDataM", 31 0, L_009C86A0; 1 drivers
v009C19E0_0 .var "ReadDataW", 31 0;
v009C1A38_0 .net "RegWriteD", 0 0, L_009C6520; 1 drivers
v009C1A90_0 .var "RegWriteE", 0 0;
v009C1B40_0 .var "RegWriteM", 0 0;
v009C2698_0 .var "RegWriteW", 0 0;
v009C24E0_0 .net "ResultSrcD", 1 0, L_009C6B50; 1 drivers
v009C2538_0 .var "ResultSrcE", 1 0;
v009C2590_0 .var "ResultSrcM", 1 0;
v009C2900_0 .var "ResultSrcW", 1 0;
v009C25E8_0 .net "ResultW", 31 0, L_009C7020; 1 drivers
v009C2B10_0 .net "Rs1D", 4 0, L_009C3198; 1 drivers
v009C2CC8_0 .var "Rs1E", 4 0;
v009C2958_0 .net "Rs2D", 4 0, L_009C31F0; 1 drivers
v009C2D78_0 .var "Rs2E", 4 0;
v009C2640_0 .net "StallD", 0 0, L_009CA760; 1 drivers
v009C2DD0_0 .net "StallF", 0 0, L_009CA4C0; 1 drivers
v009C2E28_0 .net "WriteDataE", 31 0, L_009C8828; 1 drivers
v009C2C18_0 .var "WriteDataM", 31 0;
v009C2E80_0 .net *"_s2", 1 0, C4<00>; 1 drivers
v009C26F0_0 .alias "clk", 0 0, v009C2430_0;
v009C2748_0 .net "funct3D", 2 0, L_009C3090; 1 drivers
v009C2ED8_0 .var "funct3E", 2 0;
v009C27F8_0 .net "funct7b5D", 0 0, L_009C3140; 1 drivers
v009C27A0_0 .net "opD", 6 0, L_009C3038; 1 drivers
v009C29B0_0 .alias "reset", 0 0, v009C2B68_0;
L_009C28A8 .part v009C2538_0, 0, 1;
L_009C2A60 .cmp/ne 2, L_009C75A0, C4<00>;
S_009645E8 .scope module, "ifs" "if_stage" 5 40, 6 1, S_0097A2B0;
 .timescale 0 0;
P_0096DAC4 .param/str "INSTR_MEM_FILE" 6 2, "mem/test_waly_lwsp_swsp.mem";
L_009C47D0 .functor BUFZ 32, L_009C32F8, C4<00000000000000000000000000000000>, C4<00000000000000000000000000000000>, C4<00000000000000000000000000000000>;
v009C0CF0_0 .net "DecompInstrF", 31 0, v009BFC70_0; 1 drivers
v009C0B38_0 .alias "InstrF", 31 0, v009C1480_0;
v009C0C98_0 .net "IsCompressedF", 0 0, L_009C3508; 1 drivers
v009C1168_0 .alias "PCF", 31 0, v009C2068_0;
v009C1378_0 .net "PCIncF", 31 0, L_009C32F8; 1 drivers
v009C0DF8_0 .alias "PCJalrE", 31 0, v009C1BF0_0;
v009C0E50_0 .net "PCMuxOut", 31 0, L_009C3770; 1 drivers
v009C0FB0_0 .net "PCNextF", 31 0, L_009C2FE0; 1 drivers
v009C0C40_0 .alias "PCPlus4F", 31 0, v009C22D0_0;
v009C0EA8_0 .alias "PCSrcE", 1 0, v009C20C0_0;
v009C11C0_0 .alias "PCTargetE", 31 0, v009C1CF8_0;
v009C1218_0 .net "RawInstrF", 31 0, L_009C34B0; 1 drivers
v009C1320_0 .alias "StallF", 0 0, v009C2DD0_0;
v009C0A88_0 .net *"_s10", 31 0, L_009C3820; 1 drivers
v009C0D48_0 .net *"_s4", 31 0, C4<00000000000000000000000000000010>; 1 drivers
v009C0DA0_0 .net *"_s6", 31 0, L_009C36C0; 1 drivers
v009C0F00_0 .net *"_s8", 31 0, C4<00000000000000000000000000000100>; 1 drivers
v009C13D0_0 .alias "clk", 0 0, v009C2430_0;
v009C0B90_0 .alias "reset", 0 0, v009C2B68_0;
L_009C32A0 .part L_009C34B0, 0, 16;
L_009C3668 .functor MUXZ 32, L_009C34B0, v009BFC70_0, L_009C3508, C4<>;
L_009C36C0 .arith/sum 32, v009C10B8_0, C4<00000000000000000000000000000010>;
L_009C3820 .arith/sum 32, v009C10B8_0, C4<00000000000000000000000000000100>;
L_009C32F8 .functor MUXZ 32, L_009C3820, L_009C36C0, L_009C3508, C4<>;
L_009C2FE0 .functor MUXZ 32, L_009C3770, v009C10B8_0, L_009CA4C0, C4<>;
S_00963F00 .scope module, "pcreg" "flopr" 6 18, 7 1, S_009645E8;
 .timescale 0 0;
P_0096E004 .param/l "WIDTH" 7 4, +C4<0100000>;
v009C1060_0 .alias "clk", 0 0, v009C2430_0;
v009C12C8_0 .alias "d", 31 0, v009C0FB0_0;
v009C10B8_0 .var "q", 31 0;
v009C1110_0 .alias "reset", 0 0, v009C2B68_0;
E_0096E020 .event posedge, v009BF488_0, v009BCE10_0;
S_00963D68 .scope module, "im" "imem" 6 19, 8 1, S_009645E8;
 .timescale 0 0;
P_0096DB44 .param/str "MEM_FILE" 8 2, "mem/test_waly_lwsp_swsp.mem";
v009BFD20 .array "RAM", 127 0, 15 0;
v009C0090_0 .net *"_s2", 15 0, L_009C2C70; 1 drivers
v009BFD78_0 .net *"_s4", 6 0, C4<0000001>; 1 drivers
v009BFE80_0 .net *"_s6", 6 0, L_009C2D20; 1 drivers
v009BFED8_0 .net *"_s8", 15 0, L_009C2BC0; 1 drivers
v009BFDD0_0 .alias "a", 31 0, v009C2068_0;
v009C1270_0 .net "idx", 6 0, L_009C2AB8; 1 drivers
v009C1008_0 .alias "rd", 31 0, v009C1218_0;
L_009C2AB8 .part v009C10B8_0, 1, 7;
L_009C2C70 .array/port v009BFD20, L_009C2D20;
L_009C2D20 .arith/sum 7, L_009C2AB8, C4<0000001>;
L_009C2BC0 .array/port v009BFD20, L_009C2AB8;
L_009C34B0 .concat [ 16 16 0 0], L_009C2BC0, L_009C2C70;
S_00964808 .scope module, "decomp" "decompressor" 6 20, 9 1, S_009645E8;
 .timescale 0 0;
v009BF850_0 .net *"_s1", 1 0, L_009C3248; 1 drivers
v009BF8A8_0 .net *"_s12", 1 0, C4<01>; 1 drivers
v009BF958_0 .net *"_s15", 2 0, L_009C35B8; 1 drivers
v009BFBC0_0 .net *"_s18", 1 0, C4<01>; 1 drivers
v009BF170_0 .net *"_s2", 1 0, C4<11>; 1 drivers
v009BF430_0 .net *"_s21", 2 0, L_009C3458; 1 drivers
v009BF118_0 .net *"_s6", 1 0, C4<01>; 1 drivers
v009BF220_0 .net *"_s9", 2 0, L_009C30E8; 1 drivers
v009BFC18_0 .net "instr16", 15 0, L_009C32A0; 1 drivers
v009BFC70_0 .var "instr32", 31 0;
v009BFF88_0 .alias "is_compressed", 0 0, v009C0C98_0;
v009BFF30_0 .net "rd_f", 4 0, L_009C3878; 1 drivers
v009BFE28_0 .net "rd_p", 4 0, L_009C3560; 1 drivers
v009BFCC8_0 .net "rs1_p", 4 0, L_009C3610; 1 drivers
v009BFFE0_0 .net "rs2_f", 4 0, L_009C37C8; 1 drivers
v009C0038_0 .net "rs2_p", 4 0, L_009C3350; 1 drivers
E_0096D220/0 .event edge, v009BFC18_0, v009BFCC8_0, v009BFE28_0, v009C0038_0;
E_0096D220/1 .event edge, v009BFF30_0, v009BFFE0_0;
E_0096D220 .event/or E_0096D220/0, E_0096D220/1;
L_009C3248 .part L_009C32A0, 0, 2;
L_009C3508 .cmp/ne 2, L_009C3248, C4<11>;
L_009C30E8 .part L_009C32A0, 2, 3;
L_009C3560 .concat [ 3 2 0 0], L_009C30E8, C4<01>;
L_009C35B8 .part L_009C32A0, 7, 3;
L_009C3610 .concat [ 3 2 0 0], L_009C35B8, C4<01>;
L_009C3458 .part L_009C32A0, 2, 3;
L_009C3350 .concat [ 3 2 0 0], L_009C3458, C4<01>;
L_009C3878 .part L_009C32A0, 7, 5;
L_009C37C8 .part L_009C32A0, 2, 5;
S_00964780 .scope module, "pcmux" "mux3" 6 28, 10 1, S_009645E8;
 .timescale 0 0;
P_0096DB64 .param/l "WIDTH" 10 4, +C4<0100000>;
v009BF538_0 .net *"_s1", 0 0, L_009C2F30; 1 drivers
v009BF3D8_0 .net *"_s3", 0 0, L_009C2F88; 1 drivers
v009BFB68_0 .net *"_s4", 31 0, L_009C3718; 1 drivers
v009BF6F0_0 .alias "d0", 31 0, v009C1378_0;
v009BFAB8_0 .alias "d1", 31 0, v009C1CF8_0;
v009BF590_0 .alias "d2", 31 0, v009C1BF0_0;
v009BF698_0 .alias "s", 1 0, v009C20C0_0;
v009BFA08_0 .alias "y", 31 0, v009C0E50_0;
L_009C2F30 .part L_009C75A0, 1, 1;
L_009C2F88 .part L_009C75A0, 0, 1;
L_009C3718 .functor MUXZ 32, L_009C32F8, L_009C6470, L_009C2F88, C4<>;
L_009C3770 .functor MUXZ 32, L_009C3718, L_009C6AA0, L_009C2F30, C4<>;
S_00964450 .scope module, "ids" "id_stage" 5 56, 11 1, S_0097A2B0;
 .timescale 0 0;
v009BE378_0 .alias "ImmExtD", 31 0, v009C16E8_0;
v009BE3D0_0 .alias "ImmSrcD", 2 0, v009C1848_0;
v009BF9B0_0 .net "InstrD", 31 0, v009C1428_0; 1 drivers
v009BF7A0_0 .net "PCD", 31 0, v009C1B98_0; 1 drivers
v009BF1C8_0 .net "PCPlus4D", 31 0, v009C1AE8_0; 1 drivers
v009BF748_0 .alias "RD1D", 31 0, v009C1EB0_0;
v009BF5E8_0 .alias "RD2D", 31 0, v009C1F08_0;
v009BF7F8_0 .alias "RdD", 4 0, v009C1930_0;
v009BF640_0 .net "RdW", 4 0, v009C21C8_0; 1 drivers
v009BF328_0 .net "RegWriteW", 0 0, v009C2698_0; 1 drivers
v009BF278_0 .alias "ResultW", 31 0, v009C25E8_0;
v009BF900_0 .alias "Rs1D", 4 0, v009C2B10_0;
v009BF380_0 .alias "Rs2D", 4 0, v009C2958_0;
v009BFA60_0 .alias "clk", 0 0, v009C2430_0;
v009BF4E0_0 .alias "funct3D", 2 0, v009C2748_0;
v009BFB10_0 .alias "funct7b5D", 0 0, v009C27F8_0;
v009BF2D0_0 .alias "opD", 6 0, v009C27A0_0;
v009BF488_0 .alias "reset", 0 0, v009C2B68_0;
L_009C3038 .part v009C1428_0, 0, 7;
L_009C3090 .part v009C1428_0, 12, 3;
L_009C3140 .part v009C1428_0, 30, 1;
L_009C3198 .part v009C1428_0, 15, 5;
L_009C31F0 .part v009C1428_0, 20, 5;
L_009C33A8 .part v009C1428_0, 7, 5;
L_009C6628 .part v009C1428_0, 7, 25;
S_009644D8 .scope module, "rf" "regfile" 11 27, 12 1, S_00964450;
 .timescale 0 0;
v009BE110_0 .net *"_s0", 5 0, L_009C3400; 1 drivers
v009BE168_0 .net *"_s10", 31 0, C4<00000000000000000000000000000000>; 1 drivers
v009BE740_0 .net *"_s14", 5 0, L_009C61B0; 1 drivers
v009BE6E8_0 .net *"_s17", 0 0, C4<0>; 1 drivers
v009BE588_0 .net *"_s18", 5 0, C4<000000>; 1 drivers
v009BEB60_0 .net *"_s20", 0 0, L_009C6418; 1 drivers
v009BE798_0 .net *"_s22", 31 0, L_009C6158; 1 drivers
v009BE5E0_0 .net *"_s24", 31 0, C4<00000000000000000000000000000000>; 1 drivers
v009BE638_0 .net *"_s3", 0 0, C4<0>; 1 drivers
v009BEA58_0 .net *"_s4", 5 0, C4<000000>; 1 drivers
v009BE8F8_0 .net *"_s6", 0 0, L_009C1530; 1 drivers
v009BEBB8_0 .net *"_s8", 31 0, L_009C63C0; 1 drivers
v009BE7F0_0 .alias "a1", 4 0, v009C2B10_0;
v009BE8A0_0 .alias "a2", 4 0, v009C2958_0;
v009BEAB0_0 .alias "a3", 4 0, v009BF640_0;
v009BE950_0 .alias "clk", 0 0, v009C2430_0;
v009BE9A8_0 .var/i "i", 31 0;
v009BEB08_0 .alias "rd1", 31 0, v009C1EB0_0;
v009BE1C0_0 .alias "rd2", 31 0, v009C1F08_0;
v009BE2C8 .array "rf", 0 31, 31 0;
v009BE218_0 .alias "wd3", 31 0, v009C25E8_0;
v009BE320_0 .alias "we3", 0 0, v009BF328_0;
E_0096D840 .event negedge, v009BCE10_0;
L_009C3400 .concat [ 5 1 0 0], L_009C3198, C4<0>;
L_009C1530 .cmp/ne 6, L_009C3400, C4<000000>;
L_009C63C0 .array/port v009BE2C8, L_009C3198;
L_009C6C00 .functor MUXZ 32, C4<00000000000000000000000000000000>, L_009C63C0, L_009C1530, C4<>;
L_009C61B0 .concat [ 5 1 0 0], L_009C31F0, C4<0>;
L_009C6418 .cmp/ne 6, L_009C61B0, C4<000000>;
L_009C6158 .array/port v009BE2C8, L_009C31F0;
L_009C6BA8 .functor MUXZ 32, C4<00000000000000000000000000000000>, L_009C6158, L_009C6418, C4<>;
S_00963818 .scope module, "ext" "extend" 11 37, 13 1, S_00964450;
 .timescale 0 0;
v009BE270_0 .alias "immext", 31 0, v009C16E8_0;
v009BE480_0 .var "immext_reg", 31 0;
v009BE4D8_0 .alias "immsrc", 2 0, v009C1848_0;
v009BE530_0 .net "instr", 31 7, L_009C6628; 1 drivers
E_0096D8E0 .event edge, v009BD790_0, v009BE530_0;
S_00963A38 .scope module, "ctrl" "controller_pipe" 5 65, 14 1, S_0097A2B0;
 .timescale 0 0;
v009BEE20_0 .alias "ALUControlD", 3 0, v009C0BE8_0;
v009BEF80_0 .net "ALUOp", 1 0, L_009C67E0; 1 drivers
v009BEC10_0 .alias "ALUSrcD", 0 0, v009C0AE0_0;
v009BED70_0 .alias "BranchD", 0 0, v009C1638_0;
v009BEF28_0 .alias "ImmSrcD", 2 0, v009C1848_0;
v009BEE78_0 .alias "JalrD", 0 0, v009C14D8_0;
v009BECC0_0 .alias "JumpD", 0 0, v009C1FB8_0;
v009BF030_0 .alias "MemWriteD", 0 0, v009C1E58_0;
v009BF088_0 .alias "RegWriteD", 0 0, v009C1A38_0;
v009BEA00_0 .alias "ResultSrcD", 1 0, v009C24E0_0;
v009BE428_0 .alias "funct3D", 2 0, v009C2748_0;
v009BE690_0 .alias "funct7b5D", 0 0, v009C27F8_0;
v009BE848_0 .alias "opD", 6 0, v009C27A0_0;
L_009C6838 .part L_009C3038, 5, 1;
S_00963CE0 .scope module, "md" "maindec" 14 16, 15 1, S_00963A38;
 .timescale 0 0;
v009BD210_0 .alias "ALUOp", 1 0, v009BEF80_0;
v009BD2C0_0 .alias "ALUSrc", 0 0, v009C0AE0_0;
v009BD688_0 .alias "Branch", 0 0, v009C1638_0;
v009BD790_0 .alias "ImmSrc", 2 0, v009C1848_0;
v009BD268_0 .alias "Jalr", 0 0, v009C14D8_0;
v009BD420_0 .alias "Jump", 0 0, v009C1FB8_0;
v009BD7E8_0 .alias "MemWrite", 0 0, v009C1E58_0;
v009BEDC8_0 .alias "RegWrite", 0 0, v009C1A38_0;
v009BEC68_0 .alias "ResultSrc", 1 0, v009C24E0_0;
v009BED18_0 .net *"_s11", 12 0, v009BEED0_0; 1 drivers
v009BEED0_0 .var "controls", 12 0;
v009BEFD8_0 .alias "op", 6 0, v009C27A0_0;
E_0096D6C0 .event edge, v009BEFD8_0;
L_009C6520 .part v009BEED0_0, 12, 1;
L_009C6310 .part v009BEED0_0, 9, 3;
L_009C6208 .part v009BEED0_0, 8, 1;
L_009C65D0 .part v009BEED0_0, 7, 1;
L_009C6B50 .part v009BEED0_0, 5, 2;
L_009C6788 .part v009BEED0_0, 4, 1;
L_009C67E0 .part v009BEED0_0, 2, 2;
L_009C6578 .part v009BEED0_0, 1, 1;
L_009C6A48 .part v009BEED0_0, 0, 1;
S_009643C8 .scope module, "ad" "aludec" 14 28, 16 1, S_00963A38;
 .timescale 0 0;
L_009C03C0 .functor AND 1, L_009C3140, L_009C6838, C4<1>, C4<1>;
v009BDA50_0 .alias "ALUControl", 3 0, v009C0BE8_0;
v009BDB00_0 .var "ALUControl_reg", 3 0;
v009BDBB0_0 .alias "ALUOp", 1 0, v009BEF80_0;
v009BD108_0 .net "RtypeSub", 0 0, L_009C03C0; 1 drivers
v009BD160_0 .alias "funct3", 2 0, v009C2748_0;
v009BD630_0 .alias "funct7b5", 0 0, v009C27F8_0;
v009BD3C8_0 .net "opb5", 0 0, L_009C6838; 1 drivers
E_0096D500 .event edge, v009BDBB0_0, v009BD160_0, v009BD108_0, v009BD630_0;
S_00979D60 .scope module, "exs" "ex_stage" 5 84, 17 1, S_0097A2B0;
 .timescale 0 0;
L_009C8828 .functor BUFZ 32, L_009C62B8, C4<00000000000000000000000000000000>, C4<00000000000000000000000000000000>, C4<00000000000000000000000000000000>;
L_009C8780 .functor AND 1, v009C1588_0, v009BD9F8_0, C4<1>, C4<1>;
L_009C84E0 .functor OR 1, L_009C8780, v009C2170_0, C4<0>, C4<0>;
v009BC2B8_0 .net "ALUControlE", 3 0, v009C0928_0; 1 drivers
v009BC520_0 .alias "ALUResultE", 31 0, v009C0A30_0;
v009BC578_0 .net "ALUResultM", 31 0, v009C0980_0; 1 drivers
v009BDC08_0 .net "ALUSrcE", 0 0, v009C1690_0; 1 drivers
v009BDC60_0 .net "BranchE", 0 0, v009C1588_0; 1 drivers
v009BDCB8_0 .alias "ForwardAE", 1 0, v009C18A0_0;
v009BDF20_0 .alias "ForwardBE", 1 0, v009C1740_0;
v009BDE70_0 .net "ImmExtE", 31 0, v009C15E0_0; 1 drivers
v009BDEC8_0 .net "JalrE", 0 0, v009C2220_0; 1 drivers
v009BDE18_0 .net "JumpE", 0 0, v009C2170_0; 1 drivers
v009BDD10_0 .net "PCE", 31 0, v009C2278_0; 1 drivers
v009BDFD0_0 .alias "PCJalrE", 31 0, v009C1BF0_0;
v009BDD68_0 .net "PCPlus4E", 31 0, v009C1E00_0; 1 drivers
v009BE080_0 .alias "PCSrcE", 1 0, v009C20C0_0;
v009BDF78_0 .alias "PCTargetE", 31 0, v009C1CF8_0;
v009BE028_0 .net "RD1E", 31 0, v009C1D50_0; 1 drivers
v009BDDC0_0 .net "RD2E", 31 0, v009C1F60_0; 1 drivers
v009BD840_0 .net "RdE", 4 0, v009C23D8_0; 1 drivers
v009BD898_0 .alias "ResultW", 31 0, v009C25E8_0;
v009BDAA8_0 .net "SrcAE", 31 0, L_009C6730; 1 drivers
v009BD8F0_0 .net "SrcBE", 31 0, L_009C62B8; 1 drivers
v009BD948_0 .net "SrcBE_alu", 31 0, L_009C6940; 1 drivers
v009BD4D0_0 .alias "WriteDataE", 31 0, v009C2E28_0;
v009BD318_0 .net *"_s16", 1 0, C4<10>; 1 drivers
v009BD478_0 .net *"_s18", 0 0, L_009C84E0; 1 drivers
v009BD9A0_0 .net *"_s20", 1 0, C4<01>; 1 drivers
v009BDB58_0 .net *"_s22", 1 0, C4<00>; 1 drivers
v009BD580_0 .net *"_s24", 1 0, L_009C6DB8; 1 drivers
v009BD528_0 .net *"_s5", 30 0, L_009C69F0; 1 drivers
v009BD5D8_0 .net *"_s6", 0 0, C4<0>; 1 drivers
v009BD9F8_0 .var "branchCond", 0 0;
v009BD6E0_0 .net "branchTakenE", 0 0, L_009C8780; 1 drivers
v009BD370_0 .net "eqE", 0 0, L_009C6AF8; 1 drivers
v009BD738_0 .net "funct3E", 2 0, v009C2ED8_0; 1 drivers
v009BD1B8_0 .net "ltE", 0 0, L_009C64C8; 1 drivers
E_0096D1C0 .event edge, v009BD738_0, v009BD370_0, v009BD1B8_0;
L_009C6940 .functor MUXZ 32, L_009C62B8, v009C15E0_0, v009C1690_0, C4<>;
L_009C69F0 .part L_009C8748, 1, 31;
L_009C6AA0 .concat [ 1 31 0 0], C4<0>, L_009C69F0;
L_009C6AF8 .cmp/eq 32, L_009C6730, L_009C62B8;
L_009C64C8 .cmp/gt.s 32, L_009C62B8, L_009C6730;
L_009C6DB8 .functor MUXZ 2, C4<00>, C4<01>, L_009C84E0, C4<>;
L_009C75A0 .functor MUXZ 2, L_009C6DB8, C4<10>, v009C2220_0, C4<>;
S_00963C58 .scope module, "fwdA_mux" "mux3" 17 25, 10 1, S_00979D60;
 .timescale 0 0;
P_009705E4 .param/l "WIDTH" 10 4, +C4<0100000>;
v009BC3C0_0 .net *"_s1", 0 0, L_009C6890; 1 drivers
v009BC9F0_0 .net *"_s3", 0 0, L_009C6680; 1 drivers
v009BCBA8_0 .net *"_s4", 31 0, L_009C66D8; 1 drivers
v009BC158_0 .alias "d0", 31 0, v009BE028_0;
v009BC100_0 .alias "d1", 31 0, v009C25E8_0;
v009BC1B0_0 .alias "d2", 31 0, v009BC578_0;
v009BC260_0 .alias "s", 1 0, v009C18A0_0;
v009BC418_0 .alias "y", 31 0, v009BDAA8_0;
L_009C6890 .part L_009C6C58, 1, 1;
L_009C6680 .part L_009C6C58, 0, 1;
L_009C66D8 .functor MUXZ 32, v009C1D50_0, L_009C7020, L_009C6680, C4<>;
L_009C6730 .functor MUXZ 32, L_009C66D8, v009C0980_0, L_009C6890, C4<>;
S_0097ADD8 .scope module, "fwdB_mux" "mux3" 17 26, 10 1, S_00979D60;
 .timescale 0 0;
P_0096D124 .param/l "WIDTH" 10 4, +C4<0100000>;
v009BC788_0 .net *"_s1", 0 0, L_009C6998; 1 drivers
v009BC208_0 .net *"_s3", 0 0, L_009C68E8; 1 drivers
v009BC8E8_0 .net *"_s4", 31 0, L_009C6260; 1 drivers
v009BC998_0 .alias "d0", 31 0, v009BDDC0_0;
v009BCAA0_0 .alias "d1", 31 0, v009C25E8_0;
v009BCAF8_0 .alias "d2", 31 0, v009BC578_0;
v009BC940_0 .alias "s", 1 0, v009C1740_0;
v009BC7E0_0 .alias "y", 31 0, v009BD8F0_0;
L_009C6998 .part L_009C7440, 1, 1;
L_009C68E8 .part L_009C7440, 0, 1;
L_009C6260 .functor MUXZ 32, v009C1F60_0, L_009C7020, L_009C68E8, C4<>;
L_009C62B8 .functor MUXZ 32, L_009C6260, v009C0980_0, L_009C6998, C4<>;
S_0097B900 .scope module, "alu_inst" "alu" 17 29, 18 1, S_00979D60;
 .timescale 0 0;
L_009C8748 .functor BUFZ 32, v009BC6D8_0, C4<00000000000000000000000000000000>, C4<00000000000000000000000000000000>, C4<00000000000000000000000000000000>;
v009BC310_0 .net *"_s2", 31 0, C4<00000000000000000000000000000000>; 1 drivers
v009BC4C8_0 .alias "a", 31 0, v009BDAA8_0;
v009BC838_0 .alias "alucontrol", 3 0, v009BC2B8_0;
v009BCB50_0 .alias "b", 31 0, v009BD948_0;
v009BC628_0 .alias "result", 31 0, v009C0A30_0;
v009BC6D8_0 .var "result_reg", 31 0;
v009BC730_0 .net "zero", 0 0, L_009C6368; 1 drivers
E_0096D200 .event edge, v009BC838_0, v009BC4C8_0, v009BCB50_0;
L_009C6368 .cmp/eq 32, v009BC6D8_0, C4<00000000000000000000000000000000>;
S_00979E70 .scope module, "branch_adder" "adder" 17 36, 19 1, S_00979D60;
 .timescale 0 0;
v009BC470_0 .alias "a", 31 0, v009BDD10_0;
v009BCA48_0 .alias "b", 31 0, v009BDE70_0;
v009BC890_0 .alias "y", 31 0, v009C1CF8_0;
L_009C6470 .arith/sum 32, v009C2278_0, v009C15E0_0;
S_0097A800 .scope module, "mems" "mem_stage" 5 103, 20 1, S_0097A2B0;
 .timescale 0 0;
v009BD020_0 .alias "ALUResultM", 31 0, v009BC578_0;
v009BCC00_0 .net "MemWriteM", 0 0, v009C2328_0; 1 drivers
v009BC368_0 .alias "ReadDataM", 31 0, v009C1988_0;
v009BC680_0 .net "WriteDataM", 31 0, v009C2C18_0; 1 drivers
v009BC5D0_0 .alias "clk", 0 0, v009C2430_0;
S_00979AB8 .scope module, "dm" "dmem" 20 8, 21 1, S_0097A800;
 .timescale 0 0;
L_009C86A0 .functor BUFZ 32, L_009C7338, C4<00000000000000000000000000000000>, C4<00000000000000000000000000000000>, C4<00000000000000000000000000000000>;
v009BCE68 .array "RAM", 0 63, 31 0;
v009BCF70_0 .net *"_s0", 31 0, L_009C7338; 1 drivers
v009BCD60_0 .net *"_s3", 29 0, L_009C6E68; 1 drivers
v009BD078_0 .alias "a", 31 0, v009BC578_0;
v009BCE10_0 .alias "clk", 0 0, v009C2430_0;
v009BCFC8_0 .alias "rd", 31 0, v009C1988_0;
v009BCCB0_0 .alias "wd", 31 0, v009BC680_0;
v009BCD08_0 .alias "we", 0 0, v009BCC00_0;
E_00970580 .event posedge, v009BCE10_0;
L_009C7338 .array/port v009BCE68, L_009C6E68;
L_009C6E68 .part v009C0980_0, 2, 30;
S_0097AAA8 .scope module, "wbs" "wb_stage" 5 115, 22 1, S_0097A2B0;
 .timescale 0 0;
v009BB308_0 .net "ALUResultW", 31 0, v009C09D8_0; 1 drivers
v009BCC58_0 .net "PCPlus4W", 31 0, v009C1CA0_0; 1 drivers
v009BCDB8_0 .net "ReadDataW", 31 0, v009C19E0_0; 1 drivers
v009BCF18_0 .net "ResultSrcW", 1 0, v009C2900_0; 1 drivers
v009BCEC0_0 .alias "ResultW", 31 0, v009C25E8_0;
S_0097A778 .scope module, "result_mux" "mux3" 22 8, 10 1, S_0097AAA8;
 .timescale 0 0;
P_009705C4 .param/l "WIDTH" 10 4, +C4<0100000>;
v009BB620_0 .net *"_s1", 0 0, L_009C75F8; 1 drivers
v009BB780_0 .net *"_s3", 0 0, L_009C6E10; 1 drivers
v009BB258_0 .net *"_s4", 31 0, L_009C7390; 1 drivers
v009BB2B0_0 .alias "d0", 31 0, v009BB308_0;
v009BB888_0 .alias "d1", 31 0, v009BCDB8_0;
v009BB7D8_0 .alias "d2", 31 0, v009BCC58_0;
v009BB990_0 .alias "s", 1 0, v009BCF18_0;
v009BBA98_0 .alias "y", 31 0, v009C25E8_0;
L_009C75F8 .part v009C2900_0, 1, 1;
L_009C6E10 .part v009C2900_0, 0, 1;
L_009C7390 .functor MUXZ 32, v009C09D8_0, v009C19E0_0, L_009C6E10, C4<>;
L_009C7020 .functor MUXZ 32, L_009C7390, v009C1CA0_0, L_009C75F8, C4<>;
S_0097A668 .scope module, "hu" "hazard_unit" 5 119, 23 1, S_0097A2B0;
 .timescale 0 0;
L_009C0890 .functor AND 1, L_009C7128, L_009C7078, C4<1>, C4<1>;
L_009C8B60 .functor AND 1, L_009C0890, v009C1B40_0, C4<1>, C4<1>;
L_009C8C08 .functor AND 1, L_009C6F70, L_009C7288, C4<1>, C4<1>;
L_009C8F88 .functor AND 1, L_009C8C08, v009C2698_0, C4<1>, C4<1>;
L_009C8FC0 .functor AND 1, L_009C7548, L_009C72E0, C4<1>, C4<1>;
L_009C8A10 .functor AND 1, L_009C8FC0, v009C1B40_0, C4<1>, C4<1>;
L_009C8C40 .functor AND 1, L_009C74F0, L_009C76A8, C4<1>, C4<1>;
L_009C8CE8 .functor AND 1, L_009C8C40, v009C2698_0, C4<1>, C4<1>;
L_009CA3A8 .functor AND 1, L_009C28A8, L_009C6D08, C4<1>, C4<1>;
L_009CA2C8 .functor OR 1, L_009C7498, L_009C6F18, C4<0>, C4<0>;
L_009CA370 .functor AND 1, L_009CA3A8, L_009CA2C8, C4<1>, C4<1>;
L_009CA4C0 .functor BUFZ 1, L_009CA370, C4<0>, C4<0>, C4<0>;
L_009CA760 .functor BUFZ 1, L_009CA370, C4<0>, C4<0>, C4<0>;
L_009CA680 .functor BUFZ 1, L_009C2A60, C4<0>, C4<0>, C4<0>;
L_009CA338 .functor OR 1, L_009CA370, L_009C2A60, C4<0>, C4<0>;
v0097C040_0 .alias "FlushD", 0 0, v009C17F0_0;
v0097BEE0_0 .alias "FlushE", 0 0, v009C1798_0;
v0097C1A0_0 .alias "ForwardAE", 1 0, v009C18A0_0;
v0097C510_0 .alias "ForwardBE", 1 0, v009C1740_0;
v0097BF38_0 .alias "MemReadE", 0 0, v009C1DA8_0;
v0097C250_0 .alias "PCSrcTakenE", 0 0, v009C2010_0;
v0097C300_0 .alias "RdE", 4 0, v009BD840_0;
v0097C358_0 .net "RdM", 4 0, v009C2118_0; 1 drivers
v0097BF90_0 .alias "RdW", 4 0, v009BF640_0;
v0097C568_0 .net "RegWriteM", 0 0, v009C1B40_0; 1 drivers
v0097C618_0 .alias "RegWriteW", 0 0, v009BF328_0;
v0097C828_0 .alias "Rs1D", 4 0, v009C2B10_0;
v0097C7D0_0 .net "Rs1E", 4 0, v009C2CC8_0; 1 drivers
v0097C8D8_0 .alias "Rs2D", 4 0, v009C2958_0;
v0097C9E0_0 .net "Rs2E", 4 0, v009C2D78_0; 1 drivers
v0097C930_0 .alias "StallD", 0 0, v009C2640_0;
v0097C880_0 .alias "StallF", 0 0, v009C2DD0_0;
v0097C988_0 .net *"_s0", 5 0, L_009C6D60; 1 drivers
v0097CA38_0 .net *"_s10", 0 0, L_009C0890; 1 drivers
v0097CA90_0 .net *"_s12", 0 0, L_009C8B60; 1 drivers
v0097CB98_0 .net *"_s14", 1 0, C4<10>; 1 drivers
v0097CAE8_0 .net *"_s16", 5 0, L_009C6EC0; 1 drivers
v0097CB40_0 .net *"_s19", 0 0, C4<0>; 1 drivers
v0097CBF0_0 .net *"_s20", 5 0, C4<000000>; 1 drivers
v0097C778_0 .net *"_s22", 0 0, L_009C6F70; 1 drivers
v009BBBF8_0 .net *"_s24", 0 0, L_009C7288; 1 drivers
v009BBC50_0 .net *"_s26", 0 0, L_009C8C08; 1 drivers
v009BBE08_0 .net *"_s28", 0 0, L_009C8F88; 1 drivers
v009BBE60_0 .net *"_s3", 0 0, C4<0>; 1 drivers
v009BBEB8_0 .net *"_s30", 1 0, C4<01>; 1 drivers
v009BC018_0 .net *"_s32", 1 0, C4<00>; 1 drivers
v009BBFC0_0 .net *"_s34", 1 0, L_009C7650; 1 drivers
v009BC070_0 .net *"_s38", 5 0, L_009C6CB0; 1 drivers
v009BBCA8_0 .net *"_s4", 5 0, C4<000000>; 1 drivers
v009BBD00_0 .net *"_s41", 0 0, C4<0>; 1 drivers
v009BBF68_0 .net *"_s42", 5 0, C4<000000>; 1 drivers
v009BBD58_0 .net *"_s44", 0 0, L_009C7548; 1 drivers
v009BBDB0_0 .net *"_s46", 0 0, L_009C72E0; 1 drivers
v009BBF10_0 .net *"_s48", 0 0, L_009C8FC0; 1 drivers
v009BB468_0 .net *"_s50", 0 0, L_009C8A10; 1 drivers
v009BB830_0 .net *"_s52", 1 0, C4<10>; 1 drivers
v009BB728_0 .net *"_s54", 5 0, L_009C70D0; 1 drivers
v009BBB48_0 .net *"_s57", 0 0, C4<0>; 1 drivers
v009BB8E0_0 .net *"_s58", 5 0, C4<000000>; 1 drivers
v009BB0F8_0 .net *"_s6", 0 0, L_009C7128; 1 drivers
v009BB360_0 .net *"_s60", 0 0, L_009C74F0; 1 drivers
v009BB4C0_0 .net *"_s62", 0 0, L_009C76A8; 1 drivers
v009BB570_0 .net *"_s64", 0 0, L_009C8C40; 1 drivers
v009BB9E8_0 .net *"_s66", 0 0, L_009C8CE8; 1 drivers
v009BBA40_0 .net *"_s68", 1 0, C4<01>; 1 drivers
v009BBBA0_0 .net *"_s70", 1 0, C4<00>; 1 drivers
v009BB678_0 .net *"_s72", 1 0, L_009C73E8; 1 drivers
v009BB150_0 .net *"_s76", 5 0, L_009C7180; 1 drivers
v009BB3B8_0 .net *"_s79", 0 0, C4<0>; 1 drivers
v009BB6D0_0 .net *"_s8", 0 0, L_009C7078; 1 drivers
v009BBAF0_0 .net *"_s80", 5 0, C4<000000>; 1 drivers
v009BB938_0 .net *"_s82", 0 0, L_009C6D08; 1 drivers
v009BB1A8_0 .net *"_s84", 0 0, L_009CA3A8; 1 drivers
v009BB518_0 .net *"_s86", 0 0, L_009C7498; 1 drivers
v009BB200_0 .net *"_s88", 0 0, L_009C6F18; 1 drivers
v009BB410_0 .net *"_s90", 0 0, L_009CA2C8; 1 drivers
v009BB5C8_0 .net "lwStall", 0 0, L_009CA370; 1 drivers
L_009C6D60 .concat [ 5 1 0 0], v009C2CC8_0, C4<0>;
L_009C7128 .cmp/ne 6, L_009C6D60, C4<000000>;
L_009C7078 .cmp/eq 5, v009C2CC8_0, v009C2118_0;
L_009C6EC0 .concat [ 5 1 0 0], v009C2CC8_0, C4<0>;
L_009C6F70 .cmp/ne 6, L_009C6EC0, C4<000000>;
L_009C7288 .cmp/eq 5, v009C2CC8_0, v009C21C8_0;
L_009C7650 .functor MUXZ 2, C4<00>, C4<01>, L_009C8F88, C4<>;
L_009C6C58 .functor MUXZ 2, L_009C7650, C4<10>, L_009C8B60, C4<>;
L_009C6CB0 .concat [ 5 1 0 0], v009C2D78_0, C4<0>;
L_009C7548 .cmp/ne 6, L_009C6CB0, C4<000000>;
L_009C72E0 .cmp/eq 5, v009C2D78_0, v009C2118_0;
L_009C70D0 .concat [ 5 1 0 0], v009C2D78_0, C4<0>;
L_009C74F0 .cmp/ne 6, L_009C70D0, C4<000000>;
L_009C76A8 .cmp/eq 5, v009C2D78_0, v009C21C8_0;
L_009C73E8 .functor MUXZ 2, C4<00>, C4<01>, L_009C8CE8, C4<>;
L_009C7440 .functor MUXZ 2, L_009C73E8, C4<10>, L_009C8A10, C4<>;
L_009C7180 .concat [ 5 1 0 0], v009C23D8_0, C4<0>;
L_009C6D08 .cmp/ne 6, L_009C7180, C4<000000>;
L_009C7498 .cmp/eq 5, L_009C3198, v009C23D8_0;
L_009C6F18 .cmp/eq 5, L_009C31F0, v009C23D8_0;
    .scope S_00963F00;
T_0 ;
    %wait E_0096E020;
    %load/v 8, v009C1110_0, 1;
    %jmp/0xz  T_0.0, 8;
    %ix/load 0, 32, 0;
    %assign/v0 v009C10B8_0, 0, 0;
    %jmp T_0.1;
T_0.0 ;
    %load/v 8, v009C12C8_0, 32;
    %ix/load 0, 32, 0;
    %assign/v0 v009C10B8_0, 0, 8;
T_0.1 ;
    %jmp T_0;
    .thread T_0;
    .scope S_00963D68;
T_1 ;
    %vpi_call 8 9 "$readmemh", P_0096DB44, v009BFD20;
    %vpi_call 8 10 "$display", "imem: Loaded instructions from %s", P_0096DB44;
    %end;
    .thread T_1;
    .scope S_00964808;
T_2 ;
    %wait E_0096D220;
    %load/v 8, v009BFC18_0, 2; Only need 2 of 16 bits
; Save base=8 wid=2 in lookaside.
    %cmpi/u 8, 0, 2;
    %jmp/1 T_2.0, 6;
    %cmpi/u 8, 1, 2;
    %jmp/1 T_2.1, 6;
    %cmpi/u 8, 2, 2;
    %jmp/1 T_2.2, 6;
    %movi 8, 19, 32;
    %set/v v009BFC70_0, 8, 32;
    %jmp T_2.4;
T_2.0 ;
    %ix/load 1, 13, 0;
    %mov 4, 0, 1;
    %jmp/1 T_2.5, 4;
    %load/x1p 8, v009BFC18_0, 3;
    %jmp T_2.6;
T_2.5 ;
    %mov 8, 2, 3;
T_2.6 ;
; Save base=8 wid=3 in lookaside.
    %cmpi/u 8, 2, 3;
    %jmp/1 T_2.7, 6;
    %cmpi/u 8, 6, 3;
    %jmp/1 T_2.8, 6;
    %movi 8, 19, 32;
    %set/v v009BFC70_0, 8, 32;
    %jmp T_2.10;
T_2.7 ;
    %movi 40, 3, 7;
    %mov 8, 40, 7;
    %load/v 15, v009BFE28_0, 5;
    %movi 47, 2, 3;
    %mov 20, 47, 3;
    %load/v 23, v009BFCC8_0, 5;
    %mov 28, 0, 2;
    %ix/load 1, 6, 0;
    %mov 4, 0, 1;
    %jmp/1 T_2.11, 4;
    %load/x1p 50, v009BFC18_0, 1;
    %jmp T_2.12;
T_2.11 ;
    %mov 50, 2, 1;
T_2.12 ;
    %mov 30, 50, 1; Move signal select into place
    %ix/load 1, 10, 0;
    %mov 4, 0, 1;
    %jmp/1 T_2.13, 4;
    %load/x1p 50, v009BFC18_0, 3;
    %jmp T_2.14;
T_2.13 ;
    %mov 50, 2, 3;
T_2.14 ;
    %mov 31, 50, 3; Move signal select into place
    %ix/load 1, 5, 0;
    %mov 4, 0, 1;
    %jmp/1 T_2.15, 4;
    %load/x1p 50, v009BFC18_0, 1;
    %jmp T_2.16;
T_2.15 ;
    %mov 50, 2, 1;
T_2.16 ;
    %mov 34, 50, 1; Move signal select into place
    %mov 35, 0, 5;
    %set/v v009BFC70_0, 8, 32;
    %jmp T_2.10;
T_2.8 ;
    %movi 40, 35, 7;
    %mov 8, 40, 7;
    %mov 15, 0, 2;
    %ix/load 1, 6, 0;
    %mov 4, 0, 1;
    %jmp/1 T_2.17, 4;
    %load/x1p 47, v009BFC18_0, 1;
    %jmp T_2.18;
T_2.17 ;
    %mov 47, 2, 1;
T_2.18 ;
    %mov 17, 47, 1; Move signal select into place
    %ix/load 1, 10, 0;
    %mov 4, 0, 1;
    %jmp/1 T_2.19, 4;
    %load/x1p 47, v009BFC18_0, 2;
    %jmp T_2.20;
T_2.19 ;
    %mov 47, 2, 2;
T_2.20 ;
    %mov 18, 47, 2; Move signal select into place
    %movi 47, 2, 3;
    %mov 20, 47, 3;
    %load/v 23, v009BFCC8_0, 5;
    %load/v 28, v009C0038_0, 5;
    %ix/load 1, 12, 0;
    %mov 4, 0, 1;
    %jmp/1 T_2.21, 4;
    %load/x1p 50, v009BFC18_0, 1;
    %jmp T_2.22;
T_2.21 ;
    %mov 50, 2, 1;
T_2.22 ;
    %mov 33, 50, 1; Move signal select into place
    %ix/load 1, 5, 0;
    %mov 4, 0, 1;
    %jmp/1 T_2.23, 4;
    %load/x1p 50, v009BFC18_0, 1;
    %jmp T_2.24;
T_2.23 ;
    %mov 50, 2, 1;
T_2.24 ;
    %mov 34, 50, 1; Move signal select into place
    %mov 35, 0, 5;
    %set/v v009BFC70_0, 8, 32;
    %jmp T_2.10;
T_2.10 ;
    %jmp T_2.4;
T_2.1 ;
    %ix/load 1, 13, 0;
    %mov 4, 0, 1;
    %jmp/1 T_2.25, 4;
    %load/x1p 8, v009BFC18_0, 3;
    %jmp T_2.26;
T_2.25 ;
    %mov 8, 2, 3;
T_2.26 ;
; Save base=8 wid=3 in lookaside.
    %cmpi/u 8, 0, 3;
    %jmp/1 T_2.27, 6;
    %cmpi/u 8, 1, 3;
    %jmp/1 T_2.28, 6;
    %cmpi/u 8, 3, 3;
    %jmp/1 T_2.29, 6;
    %cmpi/u 8, 4, 3;
    %jmp/1 T_2.30, 6;
    %cmpi/u 8, 5, 3;
    %jmp/1 T_2.31, 6;
    %cmpi/u 8, 6, 3;
    %jmp/1 T_2.32, 6;
    %cmpi/u 8, 7, 3;
    %jmp/1 T_2.33, 6;
    %movi 8, 19, 32;
    %set/v v009BFC70_0, 8, 32;
    %jmp T_2.35;
T_2.27 ;
    %movi 40, 19, 7;
    %mov 8, 40, 7;
    %load/v 15, v009BFF30_0, 5;
    %mov 20, 0, 3;
    %load/v 23, v009BFF30_0, 5;
    %ix/load 1, 2, 0;
    %mov 4, 0, 1;
    %jmp/1 T_2.36, 4;
    %load/x1p 47, v009BFC18_0, 5;
    %jmp T_2.37;
T_2.36 ;
    %mov 47, 2, 5;
T_2.37 ;
    %mov 28, 47, 5; Move signal select into place
    %ix/load 1, 12, 0;
    %mov 4, 0, 1;
    %jmp/1 T_2.38, 4;
    %load/x1p 47, v009BFC18_0, 1;
    %jmp T_2.39;
T_2.38 ;
    %mov 47, 2, 1;
T_2.39 ;
    %mov 33, 47, 1; Move signal select into place
    %ix/load 1, 12, 0;
    %mov 4, 0, 1;
    %jmp/1 T_2.40, 4;
    %load/x1p 53, v009BFC18_0, 1;
    %jmp T_2.41;
T_2.40 ;
    %mov 53, 2, 1;
T_2.41 ;
    %mov 47, 53, 1; Move signal select into place
    %mov 52, 47, 1; Repetition 6
    %mov 51, 47, 1; Repetition 5
    %mov 50, 47, 1; Repetition 4
    %mov 49, 47, 1; Repetition 3
    %mov 48, 47, 1; Repetition 2
    %mov 34, 47, 6;
    %set/v v009BFC70_0, 8, 32;
    %jmp T_2.35;
T_2.28 ;
    %movi 40, 111, 7;
    %mov 8, 40, 7;
    %movi 47, 1, 5;
    %mov 15, 47, 5;
    %ix/load 1, 12, 0;
    %mov 4, 0, 1;
    %jmp/1 T_2.42, 4;
    %load/x1p 60, v009BFC18_0, 1;
    %jmp T_2.43;
T_2.42 ;
    %mov 60, 2, 1;
T_2.43 ;
    %mov 52, 60, 1; Move signal select into place
    %mov 59, 52, 1; Repetition 8
    %mov 58, 52, 1; Repetition 7
    %mov 57, 52, 1; Repetition 6
    %mov 56, 52, 1; Repetition 5
    %mov 55, 52, 1; Repetition 4
    %mov 54, 52, 1; Repetition 3
    %mov 53, 52, 1; Repetition 2
    %mov 20, 52, 8;
    %ix/load 1, 12, 0;
    %mov 4, 0, 1;
    %jmp/1 T_2.44, 4;
    %load/x1p 52, v009BFC18_0, 1;
    %jmp T_2.45;
T_2.44 ;
    %mov 52, 2, 1;
T_2.45 ;
    %mov 28, 52, 1; Move signal select into place
    %ix/load 1, 3, 0;
    %mov 4, 0, 1;
    %jmp/1 T_2.46, 4;
    %load/x1p 52, v009BFC18_0, 3;
    %jmp T_2.47;
T_2.46 ;
    %mov 52, 2, 3;
T_2.47 ;
    %mov 29, 52, 3; Move signal select into place
    %ix/load 1, 11, 0;
    %mov 4, 0, 1;
    %jmp/1 T_2.48, 4;
    %load/x1p 52, v009BFC18_0, 1;
    %jmp T_2.49;
T_2.48 ;
    %mov 52, 2, 1;
T_2.49 ;
    %mov 32, 52, 1; Move signal select into place
    %ix/load 1, 2, 0;
    %mov 4, 0, 1;
    %jmp/1 T_2.50, 4;
    %load/x1p 52, v009BFC18_0, 1;
    %jmp T_2.51;
T_2.50 ;
    %mov 52, 2, 1;
T_2.51 ;
    %mov 33, 52, 1; Move signal select into place
    %ix/load 1, 7, 0;
    %mov 4, 0, 1;
    %jmp/1 T_2.52, 4;
    %load/x1p 52, v009BFC18_0, 1;
    %jmp T_2.53;
T_2.52 ;
    %mov 52, 2, 1;
T_2.53 ;
    %mov 34, 52, 1; Move signal select into place
    %ix/load 1, 6, 0;
    %mov 4, 0, 1;
    %jmp/1 T_2.54, 4;
    %load/x1p 52, v009BFC18_0, 1;
    %jmp T_2.55;
T_2.54 ;
    %mov 52, 2, 1;
T_2.55 ;
    %mov 35, 52, 1; Move signal select into place
    %ix/load 1, 9, 0;
    %mov 4, 0, 1;
    %jmp/1 T_2.56, 4;
    %load/x1p 52, v009BFC18_0, 2;
    %jmp T_2.57;
T_2.56 ;
    %mov 52, 2, 2;
T_2.57 ;
    %mov 36, 52, 2; Move signal select into place
    %ix/load 1, 8, 0;
    %mov 4, 0, 1;
    %jmp/1 T_2.58, 4;
    %load/x1p 52, v009BFC18_0, 1;
    %jmp T_2.59;
T_2.58 ;
    %mov 52, 2, 1;
T_2.59 ;
    %mov 38, 52, 1; Move signal select into place
    %ix/load 1, 12, 0;
    %mov 4, 0, 1;
    %jmp/1 T_2.60, 4;
    %load/x1p 52, v009BFC18_0, 1;
    %jmp T_2.61;
T_2.60 ;
    %mov 52, 2, 1;
T_2.61 ;
    %mov 39, 52, 1; Move signal select into place
    %set/v v009BFC70_0, 8, 32;
    %jmp T_2.35;
T_2.29 ;
    %movi 40, 55, 7;
    %mov 8, 40, 7;
    %load/v 15, v009BFF30_0, 5;
    %ix/load 1, 2, 0;
    %mov 4, 0, 1;
    %jmp/1 T_2.62, 4;
    %load/x1p 47, v009BFC18_0, 5;
    %jmp T_2.63;
T_2.62 ;
    %mov 47, 2, 5;
T_2.63 ;
    %mov 20, 47, 5; Move signal select into place
    %ix/load 1, 12, 0;
    %mov 4, 0, 1;
    %jmp/1 T_2.64, 4;
    %load/x1p 47, v009BFC18_0, 1;
    %jmp T_2.65;
T_2.64 ;
    %mov 47, 2, 1;
T_2.65 ;
    %mov 25, 47, 1; Move signal select into place
    %ix/load 1, 12, 0;
    %mov 4, 0, 1;
    %jmp/1 T_2.66, 4;
    %load/x1p 61, v009BFC18_0, 1;
    %jmp T_2.67;
T_2.66 ;
    %mov 61, 2, 1;
T_2.67 ;
    %mov 47, 61, 1; Move signal select into place
    %mov 60, 47, 1; Repetition 14
    %mov 59, 47, 1; Repetition 13
    %mov 58, 47, 1; Repetition 12
    %mov 57, 47, 1; Repetition 11
    %mov 56, 47, 1; Repetition 10
    %mov 55, 47, 1; Repetition 9
    %mov 54, 47, 1; Repetition 8
    %mov 53, 47, 1; Repetition 7
    %mov 52, 47, 1; Repetition 6
    %mov 51, 47, 1; Repetition 5
    %mov 50, 47, 1; Repetition 4
    %mov 49, 47, 1; Repetition 3
    %mov 48, 47, 1; Repetition 2
    %mov 26, 47, 14;
    %set/v v009BFC70_0, 8, 32;
    %jmp T_2.35;
T_2.30 ;
    %ix/load 1, 10, 0;
    %mov 4, 0, 1;
    %jmp/1 T_2.68, 4;
    %load/x1p 8, v009BFC18_0, 2;
    %jmp T_2.69;
T_2.68 ;
    %mov 8, 2, 2;
T_2.69 ;
; Save base=8 wid=2 in lookaside.
    %cmpi/u 8, 0, 2;
    %jmp/1 T_2.70, 6;
    %cmpi/u 8, 1, 2;
    %jmp/1 T_2.71, 6;
    %cmpi/u 8, 2, 2;
    %jmp/1 T_2.72, 6;
    %cmpi/u 8, 3, 2;
    %jmp/1 T_2.73, 6;
    %jmp T_2.74;
T_2.70 ;
    %movi 40, 19, 7;
    %mov 8, 40, 7;
    %load/v 15, v009BFCC8_0, 5;
    %movi 47, 5, 3;
    %mov 20, 47, 3;
    %load/v 23, v009BFCC8_0, 5;
    %ix/load 1, 2, 0;
    %mov 4, 0, 1;
    %jmp/1 T_2.75, 4;
    %load/x1p 50, v009BFC18_0, 5;
    %jmp T_2.76;
T_2.75 ;
    %mov 50, 2, 5;
T_2.76 ;
    %mov 28, 50, 5; Move signal select into place
    %mov 33, 0, 7;
    %set/v v009BFC70_0, 8, 32;
    %jmp T_2.74;
T_2.71 ;
    %movi 40, 19, 7;
    %mov 8, 40, 7;
    %load/v 15, v009BFCC8_0, 5;
    %movi 47, 5, 3;
    %mov 20, 47, 3;
    %load/v 23, v009BFCC8_0, 5;
    %ix/load 1, 2, 0;
    %mov 4, 0, 1;
    %jmp/1 T_2.77, 4;
    %load/x1p 50, v009BFC18_0, 5;
    %jmp T_2.78;
T_2.77 ;
    %mov 50, 2, 5;
T_2.78 ;
    %mov 28, 50, 5; Move signal select into place
    %movi 50, 32, 7;
    %mov 33, 50, 7;
    %set/v v009BFC70_0, 8, 32;
    %jmp T_2.74;
T_2.72 ;
    %movi 40, 19, 7;
    %mov 8, 40, 7;
    %load/v 15, v009BFCC8_0, 5;
    %mov 20, 1, 3;
    %load/v 23, v009BFCC8_0, 5;
    %ix/load 1, 2, 0;
    %mov 4, 0, 1;
    %jmp/1 T_2.79, 4;
    %load/x1p 47, v009BFC18_0, 5;
    %jmp T_2.80;
T_2.79 ;
    %mov 47, 2, 5;
T_2.80 ;
    %mov 28, 47, 5; Move signal select into place
    %ix/load 1, 12, 0;
    %mov 4, 0, 1;
    %jmp/1 T_2.81, 4;
    %load/x1p 47, v009BFC18_0, 1;
    %jmp T_2.82;
T_2.81 ;
    %mov 47, 2, 1;
T_2.82 ;
    %mov 33, 47, 1; Move signal select into place
    %ix/load 1, 12, 0;
    %mov 4, 0, 1;
    %jmp/1 T_2.83, 4;
    %load/x1p 53, v009BFC18_0, 1;
    %jmp T_2.84;
T_2.83 ;
    %mov 53, 2, 1;
T_2.84 ;
    %mov 47, 53, 1; Move signal select into place
    %mov 52, 47, 1; Repetition 6
    %mov 51, 47, 1; Repetition 5
    %mov 50, 47, 1; Repetition 4
    %mov 49, 47, 1; Repetition 3
    %mov 48, 47, 1; Repetition 2
    %mov 34, 47, 6;
    %set/v v009BFC70_0, 8, 32;
    %jmp T_2.74;
T_2.73 ;
    %ix/load 1, 5, 0;
    %mov 4, 0, 1;
    %jmp/1 T_2.85, 4;
    %load/x1p 11, v009BFC18_0, 2;
    %jmp T_2.86;
T_2.85 ;
    %mov 11, 2, 2;
T_2.86 ;
    %mov 8, 11, 2; Move signal select into place
    %ix/load 1, 12, 0;
    %mov 4, 0, 1;
    %jmp/1 T_2.87, 4;
    %load/x1p 11, v009BFC18_0, 1;
    %jmp T_2.88;
T_2.87 ;
    %mov 11, 2, 1;
T_2.88 ;
    %mov 10, 11, 1; Move signal select into place
    %cmpi/u 8, 0, 3;
    %jmp/1 T_2.89, 6;
    %cmpi/u 8, 1, 3;
    %jmp/1 T_2.90, 6;
    %cmpi/u 8, 2, 3;
    %jmp/1 T_2.91, 6;
    %cmpi/u 8, 3, 3;
    %jmp/1 T_2.92, 6;
    %movi 8, 19, 32;
    %set/v v009BFC70_0, 8, 32;
    %jmp T_2.94;
T_2.89 ;
    %movi 40, 51, 7;
    %mov 8, 40, 7;
    %load/v 15, v009BFCC8_0, 5;
    %mov 20, 0, 3;
    %load/v 23, v009BFCC8_0, 5;
    %load/v 28, v009C0038_0, 5;
    %movi 47, 32, 7;
    %mov 33, 47, 7;
    %set/v v009BFC70_0, 8, 32;
    %jmp T_2.94;
T_2.90 ;
    %movi 40, 51, 7;
    %mov 8, 40, 7;
    %load/v 15, v009BFCC8_0, 5;
    %movi 47, 4, 3;
    %mov 20, 47, 3;
    %load/v 23, v009BFCC8_0, 5;
    %load/v 28, v009C0038_0, 5;
    %mov 33, 0, 7;
    %set/v v009BFC70_0, 8, 32;
    %jmp T_2.94;
T_2.91 ;
    %movi 40, 51, 7;
    %mov 8, 40, 7;
    %load/v 15, v009BFCC8_0, 5;
    %movi 47, 6, 3;
    %mov 20, 47, 3;
    %load/v 23, v009BFCC8_0, 5;
    %load/v 28, v009C0038_0, 5;
    %mov 33, 0, 7;
    %set/v v009BFC70_0, 8, 32;
    %jmp T_2.94;
T_2.92 ;
    %movi 40, 51, 7;
    %mov 8, 40, 7;
    %load/v 15, v009BFCC8_0, 5;
    %mov 20, 1, 3;
    %load/v 23, v009BFCC8_0, 5;
    %load/v 28, v009C0038_0, 5;
    %mov 33, 0, 7;
    %set/v v009BFC70_0, 8, 32;
    %jmp T_2.94;
T_2.94 ;
    %jmp T_2.74;
T_2.74 ;
    %jmp T_2.35;
T_2.31 ;
    %movi 40, 111, 7;
    %mov 8, 40, 7;
    %mov 15, 0, 5;
    %ix/load 1, 12, 0;
    %mov 4, 0, 1;
    %jmp/1 T_2.95, 4;
    %load/x1p 55, v009BFC18_0, 1;
    %jmp T_2.96;
T_2.95 ;
    %mov 55, 2, 1;
T_2.96 ;
    %mov 47, 55, 1; Move signal select into place
    %mov 54, 47, 1; Repetition 8
    %mov 53, 47, 1; Repetition 7
    %mov 52, 47, 1; Repetition 6
    %mov 51, 47, 1; Repetition 5
    %mov 50, 47, 1; Repetition 4
    %mov 49, 47, 1; Repetition 3
    %mov 48, 47, 1; Repetition 2
    %mov 20, 47, 8;
    %ix/load 1, 12, 0;
    %mov 4, 0, 1;
    %jmp/1 T_2.97, 4;
    %load/x1p 47, v009BFC18_0, 1;
    %jmp T_2.98;
T_2.97 ;
    %mov 47, 2, 1;
T_2.98 ;
    %mov 28, 47, 1; Move signal select into place
    %ix/load 1, 3, 0;
    %mov 4, 0, 1;
    %jmp/1 T_2.99, 4;
    %load/x1p 47, v009BFC18_0, 3;
    %jmp T_2.100;
T_2.99 ;
    %mov 47, 2, 3;
T_2.100 ;
    %mov 29, 47, 3; Move signal select into place
    %ix/load 1, 11, 0;
    %mov 4, 0, 1;
    %jmp/1 T_2.101, 4;
    %load/x1p 47, v009BFC18_0, 1;
    %jmp T_2.102;
T_2.101 ;
    %mov 47, 2, 1;
T_2.102 ;
    %mov 32, 47, 1; Move signal select into place
    %ix/load 1, 2, 0;
    %mov 4, 0, 1;
    %jmp/1 T_2.103, 4;
    %load/x1p 47, v009BFC18_0, 1;
    %jmp T_2.104;
T_2.103 ;
    %mov 47, 2, 1;
T_2.104 ;
    %mov 33, 47, 1; Move signal select into place
    %ix/load 1, 7, 0;
    %mov 4, 0, 1;
    %jmp/1 T_2.105, 4;
    %load/x1p 47, v009BFC18_0, 1;
    %jmp T_2.106;
T_2.105 ;
    %mov 47, 2, 1;
T_2.106 ;
    %mov 34, 47, 1; Move signal select into place
    %ix/load 1, 6, 0;
    %mov 4, 0, 1;
    %jmp/1 T_2.107, 4;
    %load/x1p 47, v009BFC18_0, 1;
    %jmp T_2.108;
T_2.107 ;
    %mov 47, 2, 1;
T_2.108 ;
    %mov 35, 47, 1; Move signal select into place
    %ix/load 1, 9, 0;
    %mov 4, 0, 1;
    %jmp/1 T_2.109, 4;
    %load/x1p 47, v009BFC18_0, 2;
    %jmp T_2.110;
T_2.109 ;
    %mov 47, 2, 2;
T_2.110 ;
    %mov 36, 47, 2; Move signal select into place
    %ix/load 1, 8, 0;
    %mov 4, 0, 1;
    %jmp/1 T_2.111, 4;
    %load/x1p 47, v009BFC18_0, 1;
    %jmp T_2.112;
T_2.111 ;
    %mov 47, 2, 1;
T_2.112 ;
    %mov 38, 47, 1; Move signal select into place
    %ix/load 1, 12, 0;
    %mov 4, 0, 1;
    %jmp/1 T_2.113, 4;
    %load/x1p 47, v009BFC18_0, 1;
    %jmp T_2.114;
T_2.113 ;
    %mov 47, 2, 1;
T_2.114 ;
    %mov 39, 47, 1; Move signal select into place
    %set/v v009BFC70_0, 8, 32;
    %jmp T_2.35;
T_2.32 ;
    %movi 40, 99, 7;
    %mov 8, 40, 7;
    %ix/load 1, 12, 0;
    %mov 4, 0, 1;
    %jmp/1 T_2.115, 4;
    %load/x1p 47, v009BFC18_0, 1;
    %jmp T_2.116;
T_2.115 ;
    %mov 47, 2, 1;
T_2.116 ;
    %mov 15, 47, 1; Move signal select into place
    %ix/load 1, 3, 0;
    %mov 4, 0, 1;
    %jmp/1 T_2.117, 4;
    %load/x1p 47, v009BFC18_0, 2;
    %jmp T_2.118;
T_2.117 ;
    %mov 47, 2, 2;
T_2.118 ;
    %mov 16, 47, 2; Move signal select into place
    %ix/load 1, 10, 0;
    %mov 4, 0, 1;
    %jmp/1 T_2.119, 4;
    %load/x1p 47, v009BFC18_0, 2;
    %jmp T_2.120;
T_2.119 ;
    %mov 47, 2, 2;
T_2.120 ;
    %mov 18, 47, 2; Move signal select into place
    %mov 20, 0, 3;
    %load/v 23, v009BFCC8_0, 5;
    %mov 28, 0, 5;
    %ix/load 1, 2, 0;
    %mov 4, 0, 1;
    %jmp/1 T_2.121, 4;
    %load/x1p 47, v009BFC18_0, 1;
    %jmp T_2.122;
T_2.121 ;
    %mov 47, 2, 1;
T_2.122 ;
    %mov 33, 47, 1; Move signal select into place
    %ix/load 1, 5, 0;
    %mov 4, 0, 1;
    %jmp/1 T_2.123, 4;
    %load/x1p 47, v009BFC18_0, 1;
    %jmp T_2.124;
T_2.123 ;
    %mov 47, 2, 1;
T_2.124 ;
    %mov 34, 47, 1; Move signal select into place
    %ix/load 1, 6, 0;
    %mov 4, 0, 1;
    %jmp/1 T_2.125, 4;
    %load/x1p 47, v009BFC18_0, 1;
    %jmp T_2.126;
T_2.125 ;
    %mov 47, 2, 1;
T_2.126 ;
    %mov 35, 47, 1; Move signal select into place
    %ix/load 1, 12, 0;
    %mov 4, 0, 1;
    %jmp/1 T_2.127, 4;
    %load/x1p 47, v009BFC18_0, 1;
    %jmp T_2.128;
T_2.127 ;
    %mov 47, 2, 1;
T_2.128 ;
    %mov 36, 47, 1; Move signal select into place
    %ix/load 1, 12, 0;
    %mov 4, 0, 1;
    %jmp/1 T_2.129, 4;
    %load/x1p 47, v009BFC18_0, 1;
    %jmp T_2.130;
T_2.129 ;
    %mov 47, 2, 1;
T_2.130 ;
    %mov 37, 47, 1; Move signal select into place
    %ix/load 1, 12, 0;
    %mov 4, 0, 1;
    %jmp/1 T_2.131, 4;
    %load/x1p 47, v009BFC18_0, 1;
    %jmp T_2.132;
T_2.131 ;
    %mov 47, 2, 1;
T_2.132 ;
    %mov 38, 47, 1; Move signal select into place
    %ix/load 1, 12, 0;
    %mov 4, 0, 1;
    %jmp/1 T_2.133, 4;
    %load/x1p 47, v009BFC18_0, 1;
    %jmp T_2.134;
T_2.133 ;
    %mov 47, 2, 1;
T_2.134 ;
    %mov 39, 47, 1; Move signal select into place
    %set/v v009BFC70_0, 8, 32;
    %jmp T_2.35;
T_2.33 ;
    %movi 40, 99, 7;
    %mov 8, 40, 7;
    %ix/load 1, 12, 0;
    %mov 4, 0, 1;
    %jmp/1 T_2.135, 4;
    %load/x1p 47, v009BFC18_0, 1;
    %jmp T_2.136;
T_2.135 ;
    %mov 47, 2, 1;
T_2.136 ;
    %mov 15, 47, 1; Move signal select into place
    %ix/load 1, 3, 0;
    %mov 4, 0, 1;
    %jmp/1 T_2.137, 4;
    %load/x1p 47, v009BFC18_0, 2;
    %jmp T_2.138;
T_2.137 ;
    %mov 47, 2, 2;
T_2.138 ;
    %mov 16, 47, 2; Move signal select into place
    %ix/load 1, 10, 0;
    %mov 4, 0, 1;
    %jmp/1 T_2.139, 4;
    %load/x1p 47, v009BFC18_0, 2;
    %jmp T_2.140;
T_2.139 ;
    %mov 47, 2, 2;
T_2.140 ;
    %mov 18, 47, 2; Move signal select into place
    %movi 47, 1, 3;
    %mov 20, 47, 3;
    %load/v 23, v009BFCC8_0, 5;
    %mov 28, 0, 5;
    %ix/load 1, 2, 0;
    %mov 4, 0, 1;
    %jmp/1 T_2.141, 4;
    %load/x1p 50, v009BFC18_0, 1;
    %jmp T_2.142;
T_2.141 ;
    %mov 50, 2, 1;
T_2.142 ;
    %mov 33, 50, 1; Move signal select into place
    %ix/load 1, 5, 0;
    %mov 4, 0, 1;
    %jmp/1 T_2.143, 4;
    %load/x1p 50, v009BFC18_0, 1;
    %jmp T_2.144;
T_2.143 ;
    %mov 50, 2, 1;
T_2.144 ;
    %mov 34, 50, 1; Move signal select into place
    %ix/load 1, 6, 0;
    %mov 4, 0, 1;
    %jmp/1 T_2.145, 4;
    %load/x1p 50, v009BFC18_0, 1;
    %jmp T_2.146;
T_2.145 ;
    %mov 50, 2, 1;
T_2.146 ;
    %mov 35, 50, 1; Move signal select into place
    %ix/load 1, 12, 0;
    %mov 4, 0, 1;
    %jmp/1 T_2.147, 4;
    %load/x1p 50, v009BFC18_0, 1;
    %jmp T_2.148;
T_2.147 ;
    %mov 50, 2, 1;
T_2.148 ;
    %mov 36, 50, 1; Move signal select into place
    %ix/load 1, 12, 0;
    %mov 4, 0, 1;
    %jmp/1 T_2.149, 4;
    %load/x1p 50, v009BFC18_0, 1;
    %jmp T_2.150;
T_2.149 ;
    %mov 50, 2, 1;
T_2.150 ;
    %mov 37, 50, 1; Move signal select into place
    %ix/load 1, 12, 0;
    %mov 4, 0, 1;
    %jmp/1 T_2.151, 4;
    %load/x1p 50, v009BFC18_0, 1;
    %jmp T_2.152;
T_2.151 ;
    %mov 50, 2, 1;
T_2.152 ;
    %mov 38, 50, 1; Move signal select into place
    %ix/load 1, 12, 0;
    %mov 4, 0, 1;
    %jmp/1 T_2.153, 4;
    %load/x1p 50, v009BFC18_0, 1;
    %jmp T_2.154;
T_2.153 ;
    %mov 50, 2, 1;
T_2.154 ;
    %mov 39, 50, 1; Move signal select into place
    %set/v v009BFC70_0, 8, 32;
    %jmp T_2.35;
T_2.35 ;
    %jmp T_2.4;
T_2.2 ;
    %ix/load 1, 13, 0;
    %mov 4, 0, 1;
    %jmp/1 T_2.155, 4;
    %load/x1p 8, v009BFC18_0, 3;
    %jmp T_2.156;
T_2.155 ;
    %mov 8, 2, 3;
T_2.156 ;
; Save base=8 wid=3 in lookaside.
    %cmpi/u 8, 0, 3;
    %jmp/1 T_2.157, 6;
    %cmpi/u 8, 2, 3;
    %jmp/1 T_2.158, 6;
    %cmpi/u 8, 4, 3;
    %jmp/1 T_2.159, 6;
    %cmpi/u 8, 6, 3;
    %jmp/1 T_2.160, 6;
    %movi 8, 19, 32;
    %set/v v009BFC70_0, 8, 32;
    %jmp T_2.162;
T_2.157 ;
    %movi 40, 19, 7;
    %mov 8, 40, 7;
    %load/v 15, v009BFF30_0, 5;
    %movi 47, 1, 3;
    %mov 20, 47, 3;
    %load/v 23, v009BFF30_0, 5;
    %ix/load 1, 2, 0;
    %mov 4, 0, 1;
    %jmp/1 T_2.163, 4;
    %load/x1p 50, v009BFC18_0, 5;
    %jmp T_2.164;
T_2.163 ;
    %mov 50, 2, 5;
T_2.164 ;
    %mov 28, 50, 5; Move signal select into place
    %mov 33, 0, 7;
    %set/v v009BFC70_0, 8, 32;
    %jmp T_2.162;
T_2.158 ;
    %movi 40, 3, 7;
    %mov 8, 40, 7;
    %load/v 15, v009BFF30_0, 5;
    %movi 47, 2, 3;
    %mov 20, 47, 3;
    %movi 50, 2, 5;
    %mov 23, 50, 5;
    %mov 28, 0, 2;
    %ix/load 1, 4, 0;
    %mov 4, 0, 1;
    %jmp/1 T_2.165, 4;
    %load/x1p 55, v009BFC18_0, 3;
    %jmp T_2.166;
T_2.165 ;
    %mov 55, 2, 3;
T_2.166 ;
    %mov 30, 55, 3; Move signal select into place
    %ix/load 1, 12, 0;
    %mov 4, 0, 1;
    %jmp/1 T_2.167, 4;
    %load/x1p 55, v009BFC18_0, 1;
    %jmp T_2.168;
T_2.167 ;
    %mov 55, 2, 1;
T_2.168 ;
    %mov 33, 55, 1; Move signal select into place
    %ix/load 1, 2, 0;
    %mov 4, 0, 1;
    %jmp/1 T_2.169, 4;
    %load/x1p 55, v009BFC18_0, 2;
    %jmp T_2.170;
T_2.169 ;
    %mov 55, 2, 2;
T_2.170 ;
    %mov 34, 55, 2; Move signal select into place
    %mov 36, 0, 4;
    %set/v v009BFC70_0, 8, 32;
    %jmp T_2.162;
T_2.159 ;
    %ix/load 1, 12, 0;
    %mov 4, 0, 1;
    %jmp/1 T_2.171, 4;
    %load/x1p 8, v009BFC18_0, 1;
    %jmp T_2.172;
T_2.171 ;
    %mov 8, 2, 1;
T_2.172 ;
; Save base=8 wid=1 in lookaside.
    %inv 8, 1;
    %jmp/0xz  T_2.173, 8;
    %ix/load 1, 2, 0;
    %mov 4, 0, 1;
    %jmp/1 T_2.175, 4;
    %load/x1p 8, v009BFC18_0, 5;
    %jmp T_2.176;
T_2.175 ;
    %mov 8, 2, 5;
T_2.176 ;
; Save base=8 wid=5 in lookaside.
    %cmpi/u 8, 0, 5;
    %jmp/0xz  T_2.177, 4;
    %movi 40, 103, 7;
    %mov 8, 40, 7;
    %mov 15, 0, 5;
    %mov 20, 0, 3;
    %load/v 23, v009BFF30_0, 5;
    %mov 28, 0, 12;
    %set/v v009BFC70_0, 8, 32;
    %jmp T_2.178;
T_2.177 ;
    %movi 40, 51, 7;
    %mov 8, 40, 7;
    %load/v 15, v009BFF30_0, 5;
    %mov 20, 0, 3;
    %mov 23, 0, 5;
    %load/v 28, v009BFFE0_0, 5;
    %mov 33, 0, 7;
    %set/v v009BFC70_0, 8, 32;
T_2.178 ;
    %jmp T_2.174;
T_2.173 ;
    %ix/load 1, 2, 0;
    %mov 4, 0, 1;
    %jmp/1 T_2.179, 4;
    %load/x1p 8, v009BFC18_0, 5;
    %jmp T_2.180;
T_2.179 ;
    %mov 8, 2, 5;
T_2.180 ;
; Save base=8 wid=5 in lookaside.
    %cmpi/u 8, 0, 5;
    %jmp/0xz  T_2.181, 4;
    %movi 40, 103, 7;
    %mov 8, 40, 7;
    %movi 47, 1, 5;
    %mov 15, 47, 5;
    %mov 20, 0, 3;
    %load/v 23, v009BFF30_0, 5;
    %mov 28, 0, 12;
    %set/v v009BFC70_0, 8, 32;
    %jmp T_2.182;
T_2.181 ;
    %movi 40, 51, 7;
    %mov 8, 40, 7;
    %load/v 15, v009BFF30_0, 5;
    %mov 20, 0, 3;
    %load/v 23, v009BFF30_0, 5;
    %load/v 28, v009BFFE0_0, 5;
    %mov 33, 0, 7;
    %set/v v009BFC70_0, 8, 32;
T_2.182 ;
T_2.174 ;
    %jmp T_2.162;
T_2.160 ;
    %movi 40, 35, 7;
    %mov 8, 40, 7;
    %mov 15, 0, 2;
    %ix/load 1, 9, 0;
    %mov 4, 0, 1;
    %jmp/1 T_2.183, 4;
    %load/x1p 47, v009BFC18_0, 3;
    %jmp T_2.184;
T_2.183 ;
    %mov 47, 2, 3;
T_2.184 ;
    %mov 17, 47, 3; Move signal select into place
    %movi 47, 2, 3;
    %mov 20, 47, 3;
    %movi 50, 2, 5;
    %mov 23, 50, 5;
    %load/v 28, v009BFFE0_0, 5;
    %ix/load 1, 12, 0;
    %mov 4, 0, 1;
    %jmp/1 T_2.185, 4;
    %load/x1p 55, v009BFC18_0, 1;
    %jmp T_2.186;
T_2.185 ;
    %mov 55, 2, 1;
T_2.186 ;
    %mov 33, 55, 1; Move signal select into place
    %ix/load 1, 7, 0;
    %mov 4, 0, 1;
    %jmp/1 T_2.187, 4;
    %load/x1p 55, v009BFC18_0, 2;
    %jmp T_2.188;
T_2.187 ;
    %mov 55, 2, 2;
T_2.188 ;
    %mov 34, 55, 2; Move signal select into place
    %mov 36, 0, 4;
    %set/v v009BFC70_0, 8, 32;
    %jmp T_2.162;
T_2.162 ;
    %jmp T_2.4;
T_2.4 ;
    %jmp T_2;
    .thread T_2, $push;
    .scope S_009644D8;
T_3 ;
    %set/v v009BE9A8_0, 0, 32;
T_3.0 ;
    %load/v 8, v009BE9A8_0, 32;
   %cmpi/s 8, 32, 32;
    %jmp/0xz T_3.1, 5;
    %ix/getv/s 3, v009BE9A8_0;
   %jmp/1 t_0, 4;
   %ix/load 1, 0, 0;
   %set/av v009BE2C8, 0, 32;
t_0 ;
    %ix/load 0, 1, 0;
    %load/vp0/s 8, v009BE9A8_0, 32;
    %set/v v009BE9A8_0, 8, 32;
    %jmp T_3.0;
T_3.1 ;
    %end;
    .thread T_3;
    .scope S_009644D8;
T_4 ;
    %wait E_0096D840;
    %load/v 8, v009BE320_0, 1;
    %jmp/0xz  T_4.0, 8;
    %load/v 8, v009BE218_0, 32;
    %ix/getv 3, v009BEAB0_0;
    %jmp/1 t_1, 4;
    %ix/load 0, 32, 0; word width
    %ix/load 1, 0, 0; part off
    %assign/av v009BE2C8, 0, 8;
t_1 ;
T_4.0 ;
    %jmp T_4;
    .thread T_4;
    .scope S_00963818;
T_5 ;
    %wait E_0096D8E0;
    %load/v 8, v009BE4D8_0, 3;
    %cmpi/u 8, 0, 3;
    %jmp/1 T_5.0, 6;
    %cmpi/u 8, 1, 3;
    %jmp/1 T_5.1, 6;
    %cmpi/u 8, 2, 3;
    %jmp/1 T_5.2, 6;
    %cmpi/u 8, 3, 3;
    %jmp/1 T_5.3, 6;
    %cmpi/u 8, 4, 3;
    %jmp/1 T_5.4, 6;
    %set/v v009BE480_0, 0, 32;
    %jmp T_5.6;
T_5.0 ;
    %ix/load 1, 13, 0;
    %mov 4, 0, 1;
    %jmp/1 T_5.7, 4;
    %load/x1p 40, v009BE530_0, 12;
    %jmp T_5.8;
T_5.7 ;
    %mov 40, 2, 12;
T_5.8 ;
    %mov 8, 40, 12; Move signal select into place
    %ix/load 1, 24, 0;
    %mov 4, 0, 1;
    %jmp/1 T_5.9, 4;
    %load/x1p 60, v009BE530_0, 1;
    %jmp T_5.10;
T_5.9 ;
    %mov 60, 2, 1;
T_5.10 ;
    %mov 40, 60, 1; Move signal select into place
    %mov 59, 40, 1; Repetition 20
    %mov 58, 40, 1; Repetition 19
    %mov 57, 40, 1; Repetition 18
    %mov 56, 40, 1; Repetition 17
    %mov 55, 40, 1; Repetition 16
    %mov 54, 40, 1; Repetition 15
    %mov 53, 40, 1; Repetition 14
    %mov 52, 40, 1; Repetition 13
    %mov 51, 40, 1; Repetition 12
    %mov 50, 40, 1; Repetition 11
    %mov 49, 40, 1; Repetition 10
    %mov 48, 40, 1; Repetition 9
    %mov 47, 40, 1; Repetition 8
    %mov 46, 40, 1; Repetition 7
    %mov 45, 40, 1; Repetition 6
    %mov 44, 40, 1; Repetition 5
    %mov 43, 40, 1; Repetition 4
    %mov 42, 40, 1; Repetition 3
    %mov 41, 40, 1; Repetition 2
    %mov 20, 40, 20;
    %set/v v009BE480_0, 8, 32;
    %jmp T_5.6;
T_5.1 ;
    %load/v 8, v009BE530_0, 5; Select 5 out of 25 bits
    %ix/load 1, 18, 0;
    %mov 4, 0, 1;
    %jmp/1 T_5.11, 4;
    %load/x1p 40, v009BE530_0, 7;
    %jmp T_5.12;
T_5.11 ;
    %mov 40, 2, 7;
T_5.12 ;
    %mov 13, 40, 7; Move signal select into place
    %ix/load 1, 24, 0;
    %mov 4, 0, 1;
    %jmp/1 T_5.13, 4;
    %load/x1p 60, v009BE530_0, 1;
    %jmp T_5.14;
T_5.13 ;
    %mov 60, 2, 1;
T_5.14 ;
    %mov 40, 60, 1; Move signal select into place
    %mov 59, 40, 1; Repetition 20
    %mov 58, 40, 1; Repetition 19
    %mov 57, 40, 1; Repetition 18
    %mov 56, 40, 1; Repetition 17
    %mov 55, 40, 1; Repetition 16
    %mov 54, 40, 1; Repetition 15
    %mov 53, 40, 1; Repetition 14
    %mov 52, 40, 1; Repetition 13
    %mov 51, 40, 1; Repetition 12
    %mov 50, 40, 1; Repetition 11
    %mov 49, 40, 1; Repetition 10
    %mov 48, 40, 1; Repetition 9
    %mov 47, 40, 1; Repetition 8
    %mov 46, 40, 1; Repetition 7
    %mov 45, 40, 1; Repetition 6
    %mov 44, 40, 1; Repetition 5
    %mov 43, 40, 1; Repetition 4
    %mov 42, 40, 1; Repetition 3
    %mov 41, 40, 1; Repetition 2
    %mov 20, 40, 20;
    %set/v v009BE480_0, 8, 32;
    %jmp T_5.6;
T_5.2 ;
    %mov 8, 0, 1;
    %ix/load 1, 1, 0;
    %mov 4, 0, 1;
    %jmp/1 T_5.15, 4;
    %load/x1p 40, v009BE530_0, 4;
    %jmp T_5.16;
T_5.15 ;
    %mov 40, 2, 4;
T_5.16 ;
    %mov 9, 40, 4; Move signal select into place
    %ix/load 1, 18, 0;
    %mov 4, 0, 1;
    %jmp/1 T_5.17, 4;
    %load/x1p 40, v009BE530_0, 6;
    %jmp T_5.18;
T_5.17 ;
    %mov 40, 2, 6;
T_5.18 ;
    %mov 13, 40, 6; Move signal select into place
    %load/v 19, v009BE530_0, 1; Select 1 out of 25 bits
    %ix/load 1, 24, 0;
    %mov 4, 0, 1;
    %jmp/1 T_5.19, 4;
    %load/x1p 60, v009BE530_0, 1;
    %jmp T_5.20;
T_5.19 ;
    %mov 60, 2, 1;
T_5.20 ;
    %mov 40, 60, 1; Move signal select into place
    %mov 59, 40, 1; Repetition 20
    %mov 58, 40, 1; Repetition 19
    %mov 57, 40, 1; Repetition 18
    %mov 56, 40, 1; Repetition 17
    %mov 55, 40, 1; Repetition 16
    %mov 54, 40, 1; Repetition 15
    %mov 53, 40, 1; Repetition 14
    %mov 52, 40, 1; Repetition 13
    %mov 51, 40, 1; Repetition 12
    %mov 50, 40, 1; Repetition 11
    %mov 49, 40, 1; Repetition 10
    %mov 48, 40, 1; Repetition 9
    %mov 47, 40, 1; Repetition 8
    %mov 46, 40, 1; Repetition 7
    %mov 45, 40, 1; Repetition 6
    %mov 44, 40, 1; Repetition 5
    %mov 43, 40, 1; Repetition 4
    %mov 42, 40, 1; Repetition 3
    %mov 41, 40, 1; Repetition 2
    %mov 20, 40, 20;
    %set/v v009BE480_0, 8, 32;
    %jmp T_5.6;
T_5.3 ;
    %mov 8, 0, 1;
    %ix/load 1, 14, 0;
    %mov 4, 0, 1;
    %jmp/1 T_5.21, 4;
    %load/x1p 40, v009BE530_0, 10;
    %jmp T_5.22;
T_5.21 ;
    %mov 40, 2, 10;
T_5.22 ;
    %mov 9, 40, 10; Move signal select into place
    %ix/load 1, 13, 0;
    %mov 4, 0, 1;
    %jmp/1 T_5.23, 4;
    %load/x1p 40, v009BE530_0, 1;
    %jmp T_5.24;
T_5.23 ;
    %mov 40, 2, 1;
T_5.24 ;
    %mov 19, 40, 1; Move signal select into place
    %ix/load 1, 5, 0;
    %mov 4, 0, 1;
    %jmp/1 T_5.25, 4;
    %load/x1p 40, v009BE530_0, 8;
    %jmp T_5.26;
T_5.25 ;
    %mov 40, 2, 8;
T_5.26 ;
    %mov 20, 40, 8; Move signal select into place
    %ix/load 1, 24, 0;
    %mov 4, 0, 1;
    %jmp/1 T_5.27, 4;
    %load/x1p 52, v009BE530_0, 1;
    %jmp T_5.28;
T_5.27 ;
    %mov 52, 2, 1;
T_5.28 ;
    %mov 40, 52, 1; Move signal select into place
    %mov 51, 40, 1; Repetition 12
    %mov 50, 40, 1; Repetition 11
    %mov 49, 40, 1; Repetition 10
    %mov 48, 40, 1; Repetition 9
    %mov 47, 40, 1; Repetition 8
    %mov 46, 40, 1; Repetition 7
    %mov 45, 40, 1; Repetition 6
    %mov 44, 40, 1; Repetition 5
    %mov 43, 40, 1; Repetition 4
    %mov 42, 40, 1; Repetition 3
    %mov 41, 40, 1; Repetition 2
    %mov 28, 40, 12;
    %set/v v009BE480_0, 8, 32;
    %jmp T_5.6;
T_5.4 ;
    %mov 8, 0, 12;
    %ix/load 1, 5, 0;
    %mov 4, 0, 1;
    %jmp/1 T_5.29, 4;
    %load/x1p 40, v009BE530_0, 20;
    %jmp T_5.30;
T_5.29 ;
    %mov 40, 2, 20;
T_5.30 ;
    %mov 20, 40, 20; Move signal select into place
    %set/v v009BE480_0, 8, 32;
    %jmp T_5.6;
T_5.6 ;
    %jmp T_5;
    .thread T_5, $push;
    .scope S_00963CE0;
T_6 ;
    %wait E_0096D6C0;
    %load/v 8, v009BEFD8_0, 7;
    %cmpi/u 8, 3, 7;
    %jmp/1 T_6.0, 6;
    %cmpi/u 8, 35, 7;
    %jmp/1 T_6.1, 6;
    %cmpi/u 8, 51, 7;
    %jmp/1 T_6.2, 6;
    %cmpi/u 8, 99, 7;
    %jmp/1 T_6.3, 6;
    %cmpi/u 8, 19, 7;
    %jmp/1 T_6.4, 6;
    %cmpi/u 8, 111, 7;
    %jmp/1 T_6.5, 6;
    %cmpi/u 8, 103, 7;
    %jmp/1 T_6.6, 6;
    %cmpi/u 8, 55, 7;
    %jmp/1 T_6.7, 6;
    %set/v v009BEED0_0, 0, 13;
    %jmp T_6.9;
T_6.0 ;
    %movi 8, 4384, 13;
    %set/v v009BEED0_0, 8, 13;
    %jmp T_6.9;
T_6.1 ;
    %movi 8, 896, 13;
    %set/v v009BEED0_0, 8, 13;
    %jmp T_6.9;
T_6.2 ;
    %movi 8, 4104, 13;
    %set/v v009BEED0_0, 8, 13;
    %jmp T_6.9;
T_6.3 ;
    %movi 8, 1044, 13;
    %set/v v009BEED0_0, 8, 13;
    %jmp T_6.9;
T_6.4 ;
    %movi 8, 4360, 13;
    %set/v v009BEED0_0, 8, 13;
    %jmp T_6.9;
T_6.5 ;
    %movi 8, 5698, 13;
    %set/v v009BEED0_0, 8, 13;
    %jmp T_6.9;
T_6.6 ;
    %movi 8, 4419, 13;
    %set/v v009BEED0_0, 8, 13;
    %jmp T_6.9;
T_6.7 ;
    %movi 8, 6412, 13;
    %set/v v009BEED0_0, 8, 13;
    %jmp T_6.9;
T_6.9 ;
    %jmp T_6;
    .thread T_6, $push;
    .scope S_009643C8;
T_7 ;
    %wait E_0096D500;
    %load/v 8, v009BDBB0_0, 2;
    %cmpi/u 8, 0, 2;
    %jmp/1 T_7.0, 6;
    %cmpi/u 8, 1, 2;
    %jmp/1 T_7.1, 6;
    %cmpi/u 8, 3, 2;
    %jmp/1 T_7.2, 6;
    %load/v 8, v009BD160_0, 3;
    %cmpi/u 8, 0, 3;
    %jmp/1 T_7.5, 6;
    %cmpi/u 8, 1, 3;
    %jmp/1 T_7.6, 6;
    %cmpi/u 8, 2, 3;
    %jmp/1 T_7.7, 6;
    %cmpi/u 8, 4, 3;
    %jmp/1 T_7.8, 6;
    %cmpi/u 8, 5, 3;
    %jmp/1 T_7.9, 6;
    %cmpi/u 8, 6, 3;
    %jmp/1 T_7.10, 6;
    %cmpi/u 8, 7, 3;
    %jmp/1 T_7.11, 6;
    %set/v v009BDB00_0, 0, 4;
    %jmp T_7.13;
T_7.5 ;
    %load/v 8, v009BD108_0, 1;
    %jmp/0  T_7.14, 8;
    %movi 9, 1, 4;
    %jmp/1  T_7.16, 8;
T_7.14 ; End of true expr.
    %jmp/0  T_7.15, 8;
 ; End of false expr.
    %blend  9, 0, 4; Condition unknown.
    %jmp  T_7.16;
T_7.15 ;
    %mov 9, 0, 4; Return false value
T_7.16 ;
    %set/v v009BDB00_0, 9, 4;
    %jmp T_7.13;
T_7.6 ;
    %movi 8, 6, 4;
    %set/v v009BDB00_0, 8, 4;
    %jmp T_7.13;
T_7.7 ;
    %movi 8, 5, 4;
    %set/v v009BDB00_0, 8, 4;
    %jmp T_7.13;
T_7.8 ;
    %movi 8, 4, 4;
    %set/v v009BDB00_0, 8, 4;
    %jmp T_7.13;
T_7.9 ;
    %load/v 8, v009BD630_0, 1;
    %jmp/0  T_7.17, 8;
    %movi 9, 8, 4;
    %jmp/1  T_7.19, 8;
T_7.17 ; End of true expr.
    %movi 13, 7, 4;
    %jmp/0  T_7.18, 8;
 ; End of false expr.
    %blend  9, 13, 4; Condition unknown.
    %jmp  T_7.19;
T_7.18 ;
    %mov 9, 13, 4; Return false value
T_7.19 ;
    %set/v v009BDB00_0, 9, 4;
    %jmp T_7.13;
T_7.10 ;
    %movi 8, 3, 4;
    %set/v v009BDB00_0, 8, 4;
    %jmp T_7.13;
T_7.11 ;
    %movi 8, 2, 4;
    %set/v v009BDB00_0, 8, 4;
    %jmp T_7.13;
T_7.13 ;
    %jmp T_7.4;
T_7.0 ;
    %set/v v009BDB00_0, 0, 4;
    %jmp T_7.4;
T_7.1 ;
    %movi 8, 1, 4;
    %set/v v009BDB00_0, 8, 4;
    %jmp T_7.4;
T_7.2 ;
    %movi 8, 9, 4;
    %set/v v009BDB00_0, 8, 4;
    %jmp T_7.4;
T_7.4 ;
    %jmp T_7;
    .thread T_7, $push;
    .scope S_0097B900;
T_8 ;
    %wait E_0096D200;
    %load/v 8, v009BC838_0, 4;
    %cmpi/u 8, 0, 4;
    %jmp/1 T_8.0, 6;
    %cmpi/u 8, 1, 4;
    %jmp/1 T_8.1, 6;
    %cmpi/u 8, 2, 4;
    %jmp/1 T_8.2, 6;
    %cmpi/u 8, 3, 4;
    %jmp/1 T_8.3, 6;
    %cmpi/u 8, 4, 4;
    %jmp/1 T_8.4, 6;
    %cmpi/u 8, 5, 4;
    %jmp/1 T_8.5, 6;
    %cmpi/u 8, 6, 4;
    %jmp/1 T_8.6, 6;
    %cmpi/u 8, 7, 4;
    %jmp/1 T_8.7, 6;
    %cmpi/u 8, 8, 4;
    %jmp/1 T_8.8, 6;
    %cmpi/u 8, 9, 4;
    %jmp/1 T_8.9, 6;
    %set/v v009BC6D8_0, 0, 32;
    %jmp T_8.11;
T_8.0 ;
    %load/v 8, v009BC4C8_0, 32;
    %load/v 40, v009BCB50_0, 32;
    %add 8, 40, 32;
    %set/v v009BC6D8_0, 8, 32;
    %jmp T_8.11;
T_8.1 ;
    %load/v 8, v009BC4C8_0, 32;
    %load/v 40, v009BCB50_0, 32;
    %sub 8, 40, 32;
    %set/v v009BC6D8_0, 8, 32;
    %jmp T_8.11;
T_8.2 ;
    %load/v 8, v009BC4C8_0, 32;
    %load/v 40, v009BCB50_0, 32;
    %and 8, 40, 32;
    %set/v v009BC6D8_0, 8, 32;
    %jmp T_8.11;
T_8.3 ;
    %load/v 8, v009BC4C8_0, 32;
    %load/v 40, v009BCB50_0, 32;
    %or 8, 40, 32;
    %set/v v009BC6D8_0, 8, 32;
    %jmp T_8.11;
T_8.4 ;
    %load/v 8, v009BC4C8_0, 32;
    %load/v 40, v009BCB50_0, 32;
    %xor 8, 40, 32;
    %set/v v009BC6D8_0, 8, 32;
    %jmp T_8.11;
T_8.5 ;
    %load/v 8, v009BC4C8_0, 32;
    %load/v 40, v009BCB50_0, 32;
    %cmp/s 8, 40, 32;
    %mov 8, 5, 1;
    %jmp/0  T_8.12, 8;
    %movi 9, 1, 32;
    %jmp/1  T_8.14, 8;
T_8.12 ; End of true expr.
    %jmp/0  T_8.13, 8;
 ; End of false expr.
    %blend  9, 0, 32; Condition unknown.
    %jmp  T_8.14;
T_8.13 ;
    %mov 9, 0, 32; Return false value
T_8.14 ;
    %set/v v009BC6D8_0, 9, 32;
    %jmp T_8.11;
T_8.6 ;
    %load/v 8, v009BC4C8_0, 32;
    %load/v 40, v009BCB50_0, 5; Only need 5 of 32 bits
; Save base=40 wid=5 in lookaside.
    %ix/get 0, 40, 5;
    %shiftl/i0  8, 32;
    %set/v v009BC6D8_0, 8, 32;
    %jmp T_8.11;
T_8.7 ;
    %load/v 8, v009BC4C8_0, 32;
    %load/v 40, v009BCB50_0, 5; Only need 5 of 32 bits
; Save base=40 wid=5 in lookaside.
    %ix/get 0, 40, 5;
    %shiftr/i0  8, 32;
    %set/v v009BC6D8_0, 8, 32;
    %jmp T_8.11;
T_8.8 ;
    %load/v 8, v009BC4C8_0, 32;
    %load/v 40, v009BCB50_0, 5; Only need 5 of 32 bits
; Save base=40 wid=5 in lookaside.
    %ix/get 0, 40, 5;
    %shiftr/s/i0  8, 32;
    %set/v v009BC6D8_0, 8, 32;
    %jmp T_8.11;
T_8.9 ;
    %load/v 8, v009BCB50_0, 32;
    %set/v v009BC6D8_0, 8, 32;
    %jmp T_8.11;
T_8.11 ;
    %jmp T_8;
    .thread T_8, $push;
    .scope S_00979D60;
T_9 ;
    %wait E_0096D1C0;
    %load/v 8, v009BD738_0, 3;
    %cmpi/u 8, 0, 3;
    %jmp/1 T_9.0, 6;
    %cmpi/u 8, 1, 3;
    %jmp/1 T_9.1, 6;
    %cmpi/u 8, 4, 3;
    %jmp/1 T_9.2, 6;
    %cmpi/u 8, 5, 3;
    %jmp/1 T_9.3, 6;
    %set/v v009BD9F8_0, 0, 1;
    %jmp T_9.5;
T_9.0 ;
    %load/v 8, v009BD370_0, 1;
    %set/v v009BD9F8_0, 8, 1;
    %jmp T_9.5;
T_9.1 ;
    %load/v 8, v009BD370_0, 1;
    %inv 8, 1;
    %set/v v009BD9F8_0, 8, 1;
    %jmp T_9.5;
T_9.2 ;
    %load/v 8, v009BD1B8_0, 1;
    %set/v v009BD9F8_0, 8, 1;
    %jmp T_9.5;
T_9.3 ;
    %load/v 8, v009BD1B8_0, 1;
    %inv 8, 1;
    %set/v v009BD9F8_0, 8, 1;
    %jmp T_9.5;
T_9.5 ;
    %jmp T_9;
    .thread T_9, $push;
    .scope S_00979AB8;
T_10 ;
    %wait E_00970580;
    %load/v 8, v009BCD08_0, 1;
    %jmp/0xz  T_10.0, 8;
    %load/v 8, v009BCCB0_0, 32;
    %ix/load 1, 2, 0;
    %mov 4, 0, 1;
    %jmp/1 T_10.2, 4;
    %load/x1p 40, v009BD078_0, 30;
    %jmp T_10.3;
T_10.2 ;
    %mov 40, 2, 30;
T_10.3 ;
; Save base=40 wid=30 in lookaside.
    %ix/get 3, 40, 30;
    %jmp/1 t_2, 4;
    %ix/load 0, 32, 0; word width
    %ix/load 1, 0, 0; part off
    %assign/av v009BCE68, 0, 8;
t_2 ;
T_10.0 ;
    %jmp T_10;
    .thread T_10;
    .scope S_0097A2B0;
T_11 ;
    %wait E_0096E020;
    %load/v 8, v009C29B0_0, 1;
    %load/v 9, v009C17F0_0, 1;
    %or 8, 9, 1;
    %jmp/0xz  T_11.0, 8;
    %ix/load 0, 32, 0;
    %assign/v0 v009C1B98_0, 0, 0;
    %ix/load 0, 32, 0;
    %assign/v0 v009C1428_0, 0, 0;
    %ix/load 0, 32, 0;
    %assign/v0 v009C1AE8_0, 0, 0;
    %jmp T_11.1;
T_11.0 ;
    %load/v 8, v009C2640_0, 1;
    %inv 8, 1;
    %jmp/0xz  T_11.2, 8;
    %load/v 8, v009C2068_0, 32;
    %ix/load 0, 32, 0;
    %assign/v0 v009C1B98_0, 0, 8;
    %load/v 8, v009C1480_0, 32;
    %ix/load 0, 32, 0;
    %assign/v0 v009C1428_0, 0, 8;
    %load/v 8, v009C22D0_0, 32;
    %ix/load 0, 32, 0;
    %assign/v0 v009C1AE8_0, 0, 8;
T_11.2 ;
T_11.1 ;
    %jmp T_11;
    .thread T_11;
    .scope S_0097A2B0;
T_12 ;
    %wait E_0096E020;
    %load/v 8, v009C29B0_0, 1;
    %load/v 9, v009C1798_0, 1;
    %or 8, 9, 1;
    %jmp/0xz  T_12.0, 8;
    %ix/load 0, 32, 0;
    %assign/v0 v009C2278_0, 0, 0;
    %ix/load 0, 32, 0;
    %assign/v0 v009C1E00_0, 0, 0;
    %ix/load 0, 32, 0;
    %assign/v0 v009C1D50_0, 0, 0;
    %ix/load 0, 32, 0;
    %assign/v0 v009C1F60_0, 0, 0;
    %ix/load 0, 32, 0;
    %assign/v0 v009C15E0_0, 0, 0;
    %ix/load 0, 5, 0;
    %assign/v0 v009C2CC8_0, 0, 0;
    %ix/load 0, 5, 0;
    %assign/v0 v009C2D78_0, 0, 0;
    %ix/load 0, 5, 0;
    %assign/v0 v009C23D8_0, 0, 0;
    %ix/load 0, 3, 0;
    %assign/v0 v009C2ED8_0, 0, 0;
    %ix/load 0, 4, 0;
    %assign/v0 v009C0928_0, 0, 0;
    %ix/load 0, 2, 0;
    %assign/v0 v009C2538_0, 0, 0;
    %ix/load 0, 1, 0;
    %assign/v0 v009C1A90_0, 0, 0;
    %ix/load 0, 1, 0;
    %assign/v0 v009C1C48_0, 0, 0;
    %ix/load 0, 1, 0;
    %assign/v0 v009C2170_0, 0, 0;
    %ix/load 0, 1, 0;
    %assign/v0 v009C2220_0, 0, 0;
    %ix/load 0, 1, 0;
    %assign/v0 v009C1588_0, 0, 0;
    %ix/load 0, 1, 0;
    %assign/v0 v009C1690_0, 0, 0;
    %jmp T_12.1;
T_12.0 ;
    %load/v 8, v009C1B98_0, 32;
    %ix/load 0, 32, 0;
    %assign/v0 v009C2278_0, 0, 8;
    %load/v 8, v009C1AE8_0, 32;
    %ix/load 0, 32, 0;
    %assign/v0 v009C1E00_0, 0, 8;
    %load/v 8, v009C1EB0_0, 32;
    %ix/load 0, 32, 0;
    %assign/v0 v009C1D50_0, 0, 8;
    %load/v 8, v009C1F08_0, 32;
    %ix/load 0, 32, 0;
    %assign/v0 v009C1F60_0, 0, 8;
    %load/v 8, v009C16E8_0, 32;
    %ix/load 0, 32, 0;
    %assign/v0 v009C15E0_0, 0, 8;
    %load/v 8, v009C2B10_0, 5;
    %ix/load 0, 5, 0;
    %assign/v0 v009C2CC8_0, 0, 8;
    %load/v 8, v009C2958_0, 5;
    %ix/load 0, 5, 0;
    %assign/v0 v009C2D78_0, 0, 8;
    %load/v 8, v009C1930_0, 5;
    %ix/load 0, 5, 0;
    %assign/v0 v009C23D8_0, 0, 8;
    %load/v 8, v009C2748_0, 3;
    %ix/load 0, 3, 0;
    %assign/v0 v009C2ED8_0, 0, 8;
    %load/v 8, v009C0BE8_0, 4;
    %ix/load 0, 4, 0;
    %assign/v0 v009C0928_0, 0, 8;
    %load/v 8, v009C24E0_0, 2;
    %ix/load 0, 2, 0;
    %assign/v0 v009C2538_0, 0, 8;
    %load/v 8, v009C1A38_0, 1;
    %ix/load 0, 1, 0;
    %assign/v0 v009C1A90_0, 0, 8;
    %load/v 8, v009C1E58_0, 1;
    %ix/load 0, 1, 0;
    %assign/v0 v009C1C48_0, 0, 8;
    %load/v 8, v009C1FB8_0, 1;
    %ix/load 0, 1, 0;
    %assign/v0 v009C2170_0, 0, 8;
    %load/v 8, v009C14D8_0, 1;
    %ix/load 0, 1, 0;
    %assign/v0 v009C2220_0, 0, 8;
    %load/v 8, v009C1638_0, 1;
    %ix/load 0, 1, 0;
    %assign/v0 v009C1588_0, 0, 8;
    %load/v 8, v009C0AE0_0, 1;
    %ix/load 0, 1, 0;
    %assign/v0 v009C1690_0, 0, 8;
T_12.1 ;
    %jmp T_12;
    .thread T_12;
    .scope S_0097A2B0;
T_13 ;
    %wait E_0096E020;
    %load/v 8, v009C29B0_0, 1;
    %jmp/0xz  T_13.0, 8;
    %ix/load 0, 32, 0;
    %assign/v0 v009C2380_0, 0, 0;
    %ix/load 0, 32, 0;
    %assign/v0 v009C0980_0, 0, 0;
    %ix/load 0, 32, 0;
    %assign/v0 v009C2C18_0, 0, 0;
    %ix/load 0, 5, 0;
    %assign/v0 v009C2118_0, 0, 0;
    %ix/load 0, 2, 0;
    %assign/v0 v009C2590_0, 0, 0;
    %ix/load 0, 1, 0;
    %assign/v0 v009C1B40_0, 0, 0;
    %ix/load 0, 1, 0;
    %assign/v0 v009C2328_0, 0, 0;
    %jmp T_13.1;
T_13.0 ;
    %load/v 8, v009C1E00_0, 32;
    %ix/load 0, 32, 0;
    %assign/v0 v009C2380_0, 0, 8;
    %load/v 8, v009C0A30_0, 32;
    %ix/load 0, 32, 0;
    %assign/v0 v009C0980_0, 0, 8;
    %load/v 8, v009C2E28_0, 32;
    %ix/load 0, 32, 0;
    %assign/v0 v009C2C18_0, 0, 8;
    %load/v 8, v009C23D8_0, 5;
    %ix/load 0, 5, 0;
    %assign/v0 v009C2118_0, 0, 8;
    %load/v 8, v009C2538_0, 2;
    %ix/load 0, 2, 0;
    %assign/v0 v009C2590_0, 0, 8;
    %load/v 8, v009C1A90_0, 1;
    %ix/load 0, 1, 0;
    %assign/v0 v009C1B40_0, 0, 8;
    %load/v 8, v009C1C48_0, 1;
    %ix/load 0, 1, 0;
    %assign/v0 v009C2328_0, 0, 8;
T_13.1 ;
    %jmp T_13;
    .thread T_13;
    .scope S_0097A2B0;
T_14 ;
    %wait E_0096E020;
    %load/v 8, v009C29B0_0, 1;
    %jmp/0xz  T_14.0, 8;
    %ix/load 0, 32, 0;
    %assign/v0 v009C1CA0_0, 0, 0;
    %ix/load 0, 32, 0;
    %assign/v0 v009C09D8_0, 0, 0;
    %ix/load 0, 32, 0;
    %assign/v0 v009C19E0_0, 0, 0;
    %ix/load 0, 5, 0;
    %assign/v0 v009C21C8_0, 0, 0;
    %ix/load 0, 2, 0;
    %assign/v0 v009C2900_0, 0, 0;
    %ix/load 0, 1, 0;
    %assign/v0 v009C2698_0, 0, 0;
    %jmp T_14.1;
T_14.0 ;
    %load/v 8, v009C2380_0, 32;
    %ix/load 0, 32, 0;
    %assign/v0 v009C1CA0_0, 0, 8;
    %load/v 8, v009C0980_0, 32;
    %ix/load 0, 32, 0;
    %assign/v0 v009C09D8_0, 0, 8;
    %load/v 8, v009C1988_0, 32;
    %ix/load 0, 32, 0;
    %assign/v0 v009C19E0_0, 0, 8;
    %load/v 8, v009C2118_0, 5;
    %ix/load 0, 5, 0;
    %assign/v0 v009C21C8_0, 0, 8;
    %load/v 8, v009C2590_0, 2;
    %ix/load 0, 2, 0;
    %assign/v0 v009C2900_0, 0, 8;
    %load/v 8, v009C1B40_0, 1;
    %ix/load 0, 1, 0;
    %assign/v0 v009C2698_0, 0, 8;
T_14.1 ;
    %jmp T_14;
    .thread T_14;
    .scope S_0097A228;
T_15 ;
    %set/v v009C2850_0, 0, 1;
T_15.0 ;
    %delay 5, 0;
    %load/v 8, v009C2850_0, 1;
    %inv 8, 1;
    %set/v v009C2850_0, 8, 1;
    %jmp T_15.0;
    %end;
    .thread T_15;
    .scope S_0097A228;
T_16 ;
    %set/v v009C2488_0, 1, 1;
    %delay 25, 0;
    %set/v v009C2488_0, 0, 1;
    %vpi_call 3 35 "$display", "=== TEST WALY: c.lwsp y c.swsp ===";
    %vpi_call 3 36 "$display", "Programa: addi x2=32, addi x9=7, c.swsp x9 0(x2), c.lwsp x10 0(x2)";
    %end;
    .thread T_16;
    .scope S_0097A228;
T_17 ;
    %delay 800, 0;
    %vpi_call 3 42 "$display", "\000";
    %vpi_call 3 43 "$display", "--- Resultados finales ---";
    %vpi_call 3 44 "$display", "x2  = %0d  (esperado: 32)", &A<v009BE2C8, 2>;
    %vpi_call 3 45 "$display", "x9  = %0d   (esperado:  7)", &A<v009BE2C8, 9>;
    %vpi_call 3 46 "$display", "x10 = %0d   (esperado:  7)", &A<v009BE2C8, 10>;
    %ix/load 3, 2, 0;
    %mov 4, 0, 1;
    %load/av 8, v009BE2C8, 32;
    %cmpi/u 8, 32, 32;
    %mov 8, 6, 1;
    %ix/load 3, 9, 0;
    %mov 4, 0, 1;
    %load/av 9, v009BE2C8, 32;
    %cmpi/u 9, 7, 32;
    %mov 9, 6, 1;
    %and 8, 9, 1;
    %ix/load 3, 10, 0;
    %mov 4, 0, 1;
    %load/av 9, v009BE2C8, 32;
    %cmpi/u 9, 7, 32;
    %mov 9, 6, 1;
    %and 8, 9, 1;
    %jmp/0xz  T_17.0, 8;
    %vpi_call 3 51 "$display", "PASS";
    %jmp T_17.1;
T_17.0 ;
    %vpi_call 3 53 "$display", "FAIL";
T_17.1 ;
    %vpi_call 3 55 "$finish";
    %end;
    .thread T_17;
    .scope S_0097A228;
T_18 ;
    %vpi_call 3 60 "$dumpfile", "waveform/tb_waly_lwsp_swsp.vcd";
    %vpi_call 3 63 "$dumpvars", 1'sb0, v009C2068_0;
    %vpi_call 3 64 "$dumpvars", 1'sb0, v009C1480_0;
    %vpi_call 3 65 "$dumpvars", 1'sb0, v009C1428_0;
    %vpi_call 3 66 "$dumpvars", 1'sb0, v009C0C98_0;
    %vpi_call 3 69 "$dumpvars", 1'sb0, v009C2B10_0;
    %vpi_call 3 70 "$dumpvars", 1'sb0, v009C16E8_0;
    %vpi_call 3 73 "$dumpvars", 1'sb0, v009C0A30_0;
    %vpi_call 3 76 "$dumpvars", 1'sb0, v009C2C18_0;
    %vpi_call 3 77 "$dumpvars", 1'sb0, v009C1988_0;
    %vpi_call 3 78 "$dumpvars", 1'sb0, v009C2328_0;
    %vpi_call 3 79 "$dumpvars", 1'sb0, v009C0980_0;
    %vpi_call 3 82 "$dumpvars", 1'sb0, v009C2900_0;
    %vpi_call 3 85 "$dumpvars", 1'sb0, &A<v009BE2C8, 2>;
    %vpi_call 3 86 "$dumpvars", 1'sb0, &A<v009BE2C8, 9>;
    %vpi_call 3 87 "$dumpvars", 1'sb0, &A<v009BE2C8, 10>;
    %end;
    .thread T_18;
# The file index is used to find the file name in the following table.
:file_names 24;
    "N/A";
    "<interactive>";
    "src/mux2.v";
    "tb/tb_waly_lwsp_swsp.v";
    "src/top_pipe.v";
    "src/pipeline.v";
    "src/if_stage.v";
    "src/flopr.v";
    "src/imem.v";
    "src/decompressor.v";
    "src/mux3.v";
    "src/id_stage.v";
    "src/regfile.v";
    "src/extend.v";
    "src/controller_pipe.v";
    "src/maindec.v";
    "src/aludec.v";
    "src/ex_stage.v";
    "src/alu.v";
    "src/adder.v";
    "src/mem_stage.v";
    "src/dmem.v";
    "src/wb_stage.v";
    "src/hazard_unit.v";
