#! /ucrt64/bin/vvp
:ivl_version "12.0 (stable)";
:ivl_delay_selection "TYPICAL";
:vpi_time_precision + 0;
:vpi_module "C:\msys64\ucrt64\lib\ivl\system.vpi";
:vpi_module "C:\msys64\ucrt64\lib\ivl\vhdl_sys.vpi";
:vpi_module "C:\msys64\ucrt64\lib\ivl\vhdl_textio.vpi";
:vpi_module "C:\msys64\ucrt64\lib\ivl\v2005_math.vpi";
:vpi_module "C:\msys64\ucrt64\lib\ivl\va_math.vpi";
S_000001e58d7ae360 .scope module, "mux2" "mux2" 2 1;
 .timescale 0 0;
    .port_info 0 /INPUT 8 "d0";
    .port_info 1 /INPUT 8 "d1";
    .port_info 2 /INPUT 1 "s";
    .port_info 3 /OUTPUT 8 "y";
P_000001e58d7913d0 .param/l "WIDTH" 0 2 4, +C4<00000000000000000000000000001000>;
o000001e58d7b01a8 .functor BUFZ 8, C4<zzzzzzzz>; HiZ drive
v000001e58d7a7df0_0 .net "d0", 7 0, o000001e58d7b01a8;  0 drivers
o000001e58d7b01d8 .functor BUFZ 8, C4<zzzzzzzz>; HiZ drive
v000001e58d7a7670_0 .net "d1", 7 0, o000001e58d7b01d8;  0 drivers
o000001e58d7b0208 .functor BUFZ 1, C4<z>; HiZ drive
v000001e58d7a7cb0_0 .net "s", 0 0, o000001e58d7b0208;  0 drivers
v000001e58d7a63b0_0 .net "y", 7 0, L_000001e58d819a20;  1 drivers
L_000001e58d819a20 .functor MUXZ 8, o000001e58d7b01a8, o000001e58d7b01d8, o000001e58d7b0208, C4<>;
S_000001e58d75ec40 .scope module, "tb_test_branch_rvc" "tb_test_branch_rvc" 3 1;
 .timescale 0 0;
v000001e58d8190c0_0 .var "clk", 0 0;
v000001e58d819340_0 .var "reset", 0 0;
S_000001e58d75edd0 .scope module, "dut" "top_pipe" 3 5, 4 1 0, S_000001e58d75ec40;
 .timescale 0 0;
    .port_info 0 /INPUT 1 "clk";
    .port_info 1 /INPUT 1 "reset";
P_000001e58d791e50 .param/str "INSTR_MEM_FILE" 0 4 2, "mem/test_branch_rvc.mem";
v000001e58d81a2e0_0 .net "clk", 0 0, v000001e58d8190c0_0;  1 drivers
v000001e58d818ee0_0 .net "reset", 0 0, v000001e58d819340_0;  1 drivers
S_000001e58d7af9c0 .scope module, "pipe" "pipeline" 4 9, 5 1 0, S_000001e58d75edd0;
 .timescale 0 0;
    .port_info 0 /INPUT 1 "clk";
    .port_info 1 /INPUT 1 "reset";
P_000001e58d792c90 .param/str "INSTR_MEM_FILE" 0 5 2, "mem/test_branch_rvc.mem";
v000001e58d81b8c0_0 .net "ALUControlD", 3 0, L_000001e58d75b500;  1 drivers
v000001e58d81ad80_0 .var "ALUControlE", 3 0;
v000001e58d81af60_0 .net "ALUResultE", 31 0, L_000001e58d6a40d0;  1 drivers
v000001e58d81aba0_0 .var "ALUResultM", 31 0;
v000001e58d81be60_0 .var "ALUResultW", 31 0;
v000001e58d81b000_0 .net "ALUSrcD", 0 0, L_000001e58d865d60;  1 drivers
v000001e58d81ac40_0 .var "ALUSrcE", 0 0;
v000001e58d81b820_0 .net "BranchD", 0 0, L_000001e58d864640;  1 drivers
v000001e58d81bd20_0 .var "BranchE", 0 0;
v000001e58d81ae20_0 .net "FlushD", 0 0, L_000001e58d868860;  1 drivers
v000001e58d81b960_0 .net "FlushE", 0 0, L_000001e58d868be0;  1 drivers
v000001e58d81ab00_0 .net "ForwardAE", 1 0, L_000001e58d866c60;  1 drivers
v000001e58d81ba00_0 .net "ForwardBE", 1 0, L_000001e58d867fc0;  1 drivers
v000001e58d81baa0_0 .net "ImmExtD", 31 0, L_000001e58d75a770;  1 drivers
v000001e58d81bdc0_0 .var "ImmExtE", 31 0;
v000001e58d81bb40_0 .net "ImmSrcD", 2 0, L_000001e58d8648c0;  1 drivers
v000001e58d81bf00_0 .var "InstrD", 31 0;
v000001e58d81b0a0_0 .net "InstrF", 31 0, L_000001e58d8184e0;  1 drivers
v000001e58d81b1e0_0 .net "JalrD", 0 0, L_000001e58d8664e0;  1 drivers
v000001e58d81c040_0 .var "JalrE", 0 0;
v000001e58d81b140_0 .net "JumpD", 0 0, L_000001e58d8657c0;  1 drivers
v000001e58d81b280_0 .var "JumpE", 0 0;
v000001e58d81bbe0_0 .net "MemReadE", 0 0, L_000001e58d819520;  1 drivers
v000001e58d81bc80_0 .net "MemWriteD", 0 0, L_000001e58d865180;  1 drivers
v000001e58d81bfa0_0 .var "MemWriteE", 0 0;
v000001e58d81c0e0_0 .var "MemWriteM", 0 0;
v000001e58d81c180_0 .var "PCD", 31 0;
v000001e58d81ace0_0 .var "PCE", 31 0;
v000001e58d81b320_0 .net "PCF", 31 0, v000001e58d8138b0_0;  1 drivers
v000001e58d81b3c0_0 .net "PCJalrE", 31 0, L_000001e58d8666c0;  1 drivers
v000001e58d81b460_0 .var "PCPlus4D", 31 0;
v000001e58d81b500_0 .var "PCPlus4E", 31 0;
v000001e58d81b5a0_0 .net "PCPlus4F", 31 0, L_000001e58d75b1f0;  1 drivers
v000001e58d81b640_0 .var "PCPlus4M", 31 0;
v000001e58d81b6e0_0 .var "PCPlus4W", 31 0;
v000001e58d81a920_0 .net "PCSrcE", 1 0, L_000001e58d864a00;  1 drivers
v000001e58d818580_0 .net "PCSrcTakenE", 0 0, L_000001e58d819c00;  1 drivers
v000001e58d819e80_0 .net "PCTargetE", 31 0, L_000001e58d866580;  1 drivers
v000001e58d818f80_0 .net "RD1D", 31 0, L_000001e58d866800;  1 drivers
v000001e58d819160_0 .var "RD1E", 31 0;
v000001e58d819fc0_0 .net "RD2D", 31 0, L_000001e58d8654a0;  1 drivers
v000001e58d819840_0 .var "RD2E", 31 0;
v000001e58d8188a0_0 .net "RdD", 4 0, L_000001e58d865720;  1 drivers
v000001e58d81a380_0 .var "RdE", 4 0;
v000001e58d8195c0_0 .var "RdM", 4 0;
v000001e58d81a420_0 .var "RdW", 4 0;
v000001e58d8193e0_0 .net "ReadDataM", 31 0, L_000001e58d868a90;  1 drivers
v000001e58d818e40_0 .var "ReadDataW", 31 0;
v000001e58d81a100_0 .net "RegWriteD", 0 0, L_000001e58d866440;  1 drivers
v000001e58d818d00_0 .var "RegWriteE", 0 0;
v000001e58d81a560_0 .var "RegWriteM", 0 0;
v000001e58d818c60_0 .var "RegWriteW", 0 0;
v000001e58d81a060_0 .net "ResultSrcD", 1 0, L_000001e58d865900;  1 drivers
v000001e58d819de0_0 .var "ResultSrcE", 1 0;
v000001e58d81a1a0_0 .var "ResultSrcM", 1 0;
v000001e58d8189e0_0 .var "ResultSrcW", 1 0;
v000001e58d818bc0_0 .net "ResultW", 31 0, L_000001e58d8643c0;  1 drivers
v000001e58d819b60_0 .net "Rs1D", 4 0, L_000001e58d864820;  1 drivers
v000001e58d819200_0 .var "Rs1E", 4 0;
v000001e58d81a9c0_0 .net "Rs2D", 4 0, L_000001e58d864aa0;  1 drivers
v000001e58d818620_0 .var "Rs2E", 4 0;
v000001e58d81a240_0 .net "StallD", 0 0, L_000001e58d868470;  1 drivers
v000001e58d819020_0 .net "StallF", 0 0, L_000001e58d8685c0;  1 drivers
v000001e58d8186c0_0 .net "WriteDataE", 31 0, L_000001e58d700590;  1 drivers
v000001e58d819480_0 .var "WriteDataM", 31 0;
L_000001e58d81c2b8 .functor BUFT 1, C4<00>, C4<0>, C4<0>, C4<0>;
v000001e58d81aa60_0 .net/2u *"_ivl_2", 1 0, L_000001e58d81c2b8;  1 drivers
v000001e58d819ac0_0 .net "clk", 0 0, v000001e58d8190c0_0;  alias, 1 drivers
v000001e58d818940_0 .net "funct3D", 2 0, L_000001e58d864960;  1 drivers
v000001e58d818a80_0 .var "funct3E", 2 0;
v000001e58d819f20_0 .net "funct7b5D", 0 0, L_000001e58d864c80;  1 drivers
v000001e58d819660_0 .net "opD", 6 0, L_000001e58d8663a0;  1 drivers
v000001e58d8192a0_0 .net "reset", 0 0, v000001e58d819340_0;  alias, 1 drivers
L_000001e58d819520 .part v000001e58d819de0_0, 0, 1;
L_000001e58d819c00 .cmp/ne 2, L_000001e58d864a00, L_000001e58d81c2b8;
S_000001e58d7afb50 .scope module, "ctrl" "controller_pipe" 5 65, 6 1 0, S_000001e58d7af9c0;
 .timescale 0 0;
    .port_info 0 /INPUT 7 "opD";
    .port_info 1 /INPUT 3 "funct3D";
    .port_info 2 /INPUT 1 "funct7b5D";
    .port_info 3 /OUTPUT 2 "ResultSrcD";
    .port_info 4 /OUTPUT 1 "MemWriteD";
    .port_info 5 /OUTPUT 1 "ALUSrcD";
    .port_info 6 /OUTPUT 1 "RegWriteD";
    .port_info 7 /OUTPUT 1 "JumpD";
    .port_info 8 /OUTPUT 1 "JalrD";
    .port_info 9 /OUTPUT 1 "BranchD";
    .port_info 10 /OUTPUT 3 "ImmSrcD";
    .port_info 11 /OUTPUT 4 "ALUControlD";
v000001e58d7a7030_0 .net "ALUControlD", 3 0, L_000001e58d75b500;  alias, 1 drivers
v000001e58d7a6130_0 .net "ALUOp", 1 0, L_000001e58d866120;  1 drivers
v000001e58d7a6630_0 .net "ALUSrcD", 0 0, L_000001e58d865d60;  alias, 1 drivers
v000001e58d7a66d0_0 .net "BranchD", 0 0, L_000001e58d864640;  alias, 1 drivers
v000001e58d7a6f90_0 .net "ImmSrcD", 2 0, L_000001e58d8648c0;  alias, 1 drivers
v000001e58d7a75d0_0 .net "JalrD", 0 0, L_000001e58d8664e0;  alias, 1 drivers
v000001e58d7a6770_0 .net "JumpD", 0 0, L_000001e58d8657c0;  alias, 1 drivers
v000001e58d7a7a30_0 .net "MemWriteD", 0 0, L_000001e58d865180;  alias, 1 drivers
v000001e58d7a7d50_0 .net "RegWriteD", 0 0, L_000001e58d866440;  alias, 1 drivers
v000001e58d7a6810_0 .net "ResultSrcD", 1 0, L_000001e58d865900;  alias, 1 drivers
v000001e58d7a68b0_0 .net "funct3D", 2 0, L_000001e58d864960;  alias, 1 drivers
v000001e58d7a78f0_0 .net "funct7b5D", 0 0, L_000001e58d864c80;  alias, 1 drivers
v000001e58d7a7490_0 .net "opD", 6 0, L_000001e58d8663a0;  alias, 1 drivers
L_000001e58d865a40 .part L_000001e58d8663a0, 5, 1;
S_000001e58d6cd300 .scope module, "ad" "aludec" 6 28, 7 1 0, S_000001e58d7afb50;
 .timescale 0 0;
    .port_info 0 /INPUT 1 "opb5";
    .port_info 1 /INPUT 3 "funct3";
    .port_info 2 /INPUT 1 "funct7b5";
    .port_info 3 /INPUT 2 "ALUOp";
    .port_info 4 /OUTPUT 4 "ALUControl";
L_000001e58d75a850 .functor AND 1, L_000001e58d864c80, L_000001e58d865a40, C4<1>, C4<1>;
L_000001e58d75b500 .functor BUFZ 4, v000001e58d7a7ad0_0, C4<0000>, C4<0000>, C4<0000>;
v000001e58d7a6270_0 .net "ALUControl", 3 0, L_000001e58d75b500;  alias, 1 drivers
v000001e58d7a7ad0_0 .var "ALUControl_reg", 3 0;
v000001e58d7a73f0_0 .net "ALUOp", 1 0, L_000001e58d866120;  alias, 1 drivers
v000001e58d7a6450_0 .net "RtypeSub", 0 0, L_000001e58d75a850;  1 drivers
v000001e58d7a7990_0 .net "funct3", 2 0, L_000001e58d864960;  alias, 1 drivers
v000001e58d7a6db0_0 .net "funct7b5", 0 0, L_000001e58d864c80;  alias, 1 drivers
v000001e58d7a6310_0 .net "opb5", 0 0, L_000001e58d865a40;  1 drivers
E_000001e58d792fd0 .event anyedge, v000001e58d7a73f0_0, v000001e58d7a7990_0, v000001e58d7a6450_0, v000001e58d7a6db0_0;
S_000001e58d6cd490 .scope module, "md" "maindec" 6 16, 8 1 0, S_000001e58d7afb50;
 .timescale 0 0;
    .port_info 0 /INPUT 7 "op";
    .port_info 1 /OUTPUT 1 "RegWrite";
    .port_info 2 /OUTPUT 3 "ImmSrc";
    .port_info 3 /OUTPUT 1 "ALUSrc";
    .port_info 4 /OUTPUT 1 "MemWrite";
    .port_info 5 /OUTPUT 2 "ResultSrc";
    .port_info 6 /OUTPUT 1 "Branch";
    .port_info 7 /OUTPUT 2 "ALUOp";
    .port_info 8 /OUTPUT 1 "Jump";
    .port_info 9 /OUTPUT 1 "Jalr";
v000001e58d7a6ef0_0 .net "ALUOp", 1 0, L_000001e58d866120;  alias, 1 drivers
v000001e58d7a72b0_0 .net "ALUSrc", 0 0, L_000001e58d865d60;  alias, 1 drivers
v000001e58d7a6bd0_0 .net "Branch", 0 0, L_000001e58d864640;  alias, 1 drivers
v000001e58d7a7210_0 .net "ImmSrc", 2 0, L_000001e58d8648c0;  alias, 1 drivers
v000001e58d7a77b0_0 .net "Jalr", 0 0, L_000001e58d8664e0;  alias, 1 drivers
v000001e58d7a70d0_0 .net "Jump", 0 0, L_000001e58d8657c0;  alias, 1 drivers
v000001e58d7a7fd0_0 .net "MemWrite", 0 0, L_000001e58d865180;  alias, 1 drivers
v000001e58d7a64f0_0 .net "RegWrite", 0 0, L_000001e58d866440;  alias, 1 drivers
v000001e58d7a6590_0 .net "ResultSrc", 1 0, L_000001e58d865900;  alias, 1 drivers
v000001e58d7a69f0_0 .net *"_ivl_11", 12 0, v000001e58d7a7f30_0;  1 drivers
v000001e58d7a7f30_0 .var "controls", 12 0;
v000001e58d7a7350_0 .net "op", 6 0, L_000001e58d8663a0;  alias, 1 drivers
E_000001e58d7929d0 .event anyedge, v000001e58d7a7350_0;
L_000001e58d866440 .part v000001e58d7a7f30_0, 12, 1;
L_000001e58d8648c0 .part v000001e58d7a7f30_0, 9, 3;
L_000001e58d865d60 .part v000001e58d7a7f30_0, 8, 1;
L_000001e58d865180 .part v000001e58d7a7f30_0, 7, 1;
L_000001e58d865900 .part v000001e58d7a7f30_0, 5, 2;
L_000001e58d864640 .part v000001e58d7a7f30_0, 4, 1;
L_000001e58d866120 .part v000001e58d7a7f30_0, 2, 2;
L_000001e58d8657c0 .part v000001e58d7a7f30_0, 1, 1;
L_000001e58d8664e0 .part v000001e58d7a7f30_0, 0, 1;
S_000001e58d789740 .scope module, "exs" "ex_stage" 5 84, 9 1 0, S_000001e58d7af9c0;
 .timescale 0 0;
    .port_info 0 /INPUT 32 "RD1E";
    .port_info 1 /INPUT 32 "RD2E";
    .port_info 2 /INPUT 32 "ImmExtE";
    .port_info 3 /INPUT 32 "PCE";
    .port_info 4 /INPUT 32 "PCPlus4E";
    .port_info 5 /INPUT 5 "RdE";
    .port_info 6 /INPUT 4 "ALUControlE";
    .port_info 7 /INPUT 1 "ALUSrcE";
    .port_info 8 /INPUT 1 "BranchE";
    .port_info 9 /INPUT 1 "JumpE";
    .port_info 10 /INPUT 1 "JalrE";
    .port_info 11 /INPUT 3 "funct3E";
    .port_info 12 /INPUT 2 "ForwardAE";
    .port_info 13 /INPUT 2 "ForwardBE";
    .port_info 14 /INPUT 32 "ALUResultM";
    .port_info 15 /INPUT 32 "ResultW";
    .port_info 16 /OUTPUT 32 "ALUResultE";
    .port_info 17 /OUTPUT 32 "WriteDataE";
    .port_info 18 /OUTPUT 32 "PCTargetE";
    .port_info 19 /OUTPUT 32 "PCJalrE";
    .port_info 20 /OUTPUT 2 "PCSrcE";
L_000001e58d700590 .functor BUFZ 32, L_000001e58d866940, C4<00000000000000000000000000000000>, C4<00000000000000000000000000000000>, C4<00000000000000000000000000000000>;
L_000001e58d868d30 .functor AND 1, v000001e58d81bd20_0, v000001e58d803210_0, C4<1>, C4<1>;
L_000001e58d868f60 .functor OR 1, L_000001e58d868d30, v000001e58d81b280_0, C4<0>, C4<0>;
v000001e58d7fc890_0 .net "ALUControlE", 3 0, v000001e58d81ad80_0;  1 drivers
v000001e58d7fdf10_0 .net "ALUResultE", 31 0, L_000001e58d6a40d0;  alias, 1 drivers
v000001e58d7fdfb0_0 .net "ALUResultM", 31 0, v000001e58d81aba0_0;  1 drivers
v000001e58d7fde70_0 .net "ALUSrcE", 0 0, v000001e58d81ac40_0;  1 drivers
v000001e58d7fd010_0 .net "BranchE", 0 0, v000001e58d81bd20_0;  1 drivers
v000001e58d7fe050_0 .net "ForwardAE", 1 0, L_000001e58d866c60;  alias, 1 drivers
v000001e58d7fd1f0_0 .net "ForwardBE", 1 0, L_000001e58d867fc0;  alias, 1 drivers
v000001e58d7fc930_0 .net "ImmExtE", 31 0, v000001e58d81bdc0_0;  1 drivers
v000001e58d7fdab0_0 .net "JalrE", 0 0, v000001e58d81c040_0;  1 drivers
v000001e58d7fd330_0 .net "JumpE", 0 0, v000001e58d81b280_0;  1 drivers
v000001e58d7fc250_0 .net "PCE", 31 0, v000001e58d81ace0_0;  1 drivers
v000001e58d7fc390_0 .net "PCJalrE", 31 0, L_000001e58d8666c0;  alias, 1 drivers
v000001e58d7fc430_0 .net "PCPlus4E", 31 0, v000001e58d81b500_0;  1 drivers
v000001e58d7fc4d0_0 .net "PCSrcE", 1 0, L_000001e58d864a00;  alias, 1 drivers
v000001e58d7fc7f0_0 .net "PCTargetE", 31 0, L_000001e58d866580;  alias, 1 drivers
v000001e58d7fc570_0 .net "RD1E", 31 0, v000001e58d819160_0;  1 drivers
v000001e58d7fca70_0 .net "RD2E", 31 0, v000001e58d819840_0;  1 drivers
v000001e58d7fcd90_0 .net "RdE", 4 0, v000001e58d81a380_0;  1 drivers
v000001e58d7fd6f0_0 .net "ResultW", 31 0, L_000001e58d8643c0;  alias, 1 drivers
v000001e58d7fc750_0 .net "SrcAE", 31 0, L_000001e58d865c20;  1 drivers
v000001e58d7fdb50_0 .net "SrcBE", 31 0, L_000001e58d866940;  1 drivers
v000001e58d7fd650_0 .net "SrcBE_alu", 31 0, L_000001e58d865220;  1 drivers
v000001e58d7fc610_0 .net "WriteDataE", 31 0, L_000001e58d700590;  alias, 1 drivers
L_000001e58d81c858 .functor BUFT 1, C4<10>, C4<0>, C4<0>, C4<0>;
v000001e58d7fdc90_0 .net/2u *"_ivl_16", 1 0, L_000001e58d81c858;  1 drivers
v000001e58d7fdd30_0 .net *"_ivl_18", 0 0, L_000001e58d868f60;  1 drivers
L_000001e58d81c8a0 .functor BUFT 1, C4<01>, C4<0>, C4<0>, C4<0>;
v000001e58d7fcbb0_0 .net/2u *"_ivl_20", 1 0, L_000001e58d81c8a0;  1 drivers
L_000001e58d81c8e8 .functor BUFT 1, C4<00>, C4<0>, C4<0>, C4<0>;
v000001e58d7fddd0_0 .net/2u *"_ivl_22", 1 0, L_000001e58d81c8e8;  1 drivers
v000001e58d7fc6b0_0 .net *"_ivl_24", 1 0, L_000001e58d864be0;  1 drivers
v000001e58d7fcc50_0 .net *"_ivl_5", 30 0, L_000001e58d866620;  1 drivers
L_000001e58d81c810 .functor BUFT 1, C4<0>, C4<0>, C4<0>, C4<0>;
v000001e58d7fccf0_0 .net/2u *"_ivl_6", 0 0, L_000001e58d81c810;  1 drivers
v000001e58d803210_0 .var "branchCond", 0 0;
v000001e58d802310_0 .net "branchTakenE", 0 0, L_000001e58d868d30;  1 drivers
v000001e58d802450_0 .net "eqE", 0 0, L_000001e58d8668a0;  1 drivers
v000001e58d803c10_0 .net "funct3E", 2 0, v000001e58d818a80_0;  1 drivers
v000001e58d803ad0_0 .net "ltE", 0 0, L_000001e58d865ea0;  1 drivers
E_000001e58d792190 .event anyedge, v000001e58d803c10_0, v000001e58d802450_0, v000001e58d803ad0_0;
L_000001e58d865220 .functor MUXZ 32, L_000001e58d866940, v000001e58d81bdc0_0, v000001e58d81ac40_0, C4<>;
L_000001e58d866620 .part L_000001e58d6a40d0, 1, 31;
L_000001e58d8666c0 .concat [ 1 31 0 0], L_000001e58d81c810, L_000001e58d866620;
L_000001e58d8668a0 .cmp/eq 32, L_000001e58d865c20, L_000001e58d866940;
L_000001e58d865ea0 .cmp/gt.s 32, L_000001e58d866940, L_000001e58d865c20;
L_000001e58d864be0 .functor MUXZ 2, L_000001e58d81c8e8, L_000001e58d81c8a0, L_000001e58d868f60, C4<>;
L_000001e58d864a00 .functor MUXZ 2, L_000001e58d864be0, L_000001e58d81c858, v000001e58d81c040_0, C4<>;
S_000001e58d7898d0 .scope module, "alu_inst" "alu" 9 29, 10 1 0, S_000001e58d789740;
 .timescale 0 0;
    .port_info 0 /INPUT 32 "a";
    .port_info 1 /INPUT 32 "b";
    .port_info 2 /INPUT 4 "alucontrol";
    .port_info 3 /OUTPUT 32 "result";
    .port_info 4 /OUTPUT 1 "zero";
L_000001e58d6a40d0 .functor BUFZ 32, v000001e58d7a7170_0, C4<00000000000000000000000000000000>, C4<00000000000000000000000000000000>, C4<00000000000000000000000000000000>;
L_000001e58d81c7c8 .functor BUFT 1, C4<00000000000000000000000000000000>, C4<0>, C4<0>, C4<0>;
v000001e58d7a6950_0 .net/2u *"_ivl_2", 31 0, L_000001e58d81c7c8;  1 drivers
v000001e58d7a7530_0 .net "a", 31 0, L_000001e58d865c20;  alias, 1 drivers
v000001e58d7a7710_0 .net "alucontrol", 3 0, v000001e58d81ad80_0;  alias, 1 drivers
v000001e58d7a6a90_0 .net "b", 31 0, L_000001e58d865220;  alias, 1 drivers
v000001e58d7a6b30_0 .net "result", 31 0, L_000001e58d6a40d0;  alias, 1 drivers
v000001e58d7a7170_0 .var "result_reg", 31 0;
v000001e58d7fcb10_0 .net "zero", 0 0, L_000001e58d864b40;  1 drivers
E_000001e58d792650 .event anyedge, v000001e58d7a7710_0, v000001e58d7a7530_0, v000001e58d7a6a90_0;
L_000001e58d864b40 .cmp/eq 32, v000001e58d7a7170_0, L_000001e58d81c7c8;
S_000001e58d6b46b0 .scope module, "branch_adder" "adder" 9 36, 11 1 0, S_000001e58d789740;
 .timescale 0 0;
    .port_info 0 /INPUT 32 "a";
    .port_info 1 /INPUT 32 "b";
    .port_info 2 /OUTPUT 32 "y";
v000001e58d7fd470_0 .net "a", 31 0, v000001e58d81ace0_0;  alias, 1 drivers
v000001e58d7fd790_0 .net "b", 31 0, v000001e58d81bdc0_0;  alias, 1 drivers
v000001e58d7fd830_0 .net "y", 31 0, L_000001e58d866580;  alias, 1 drivers
L_000001e58d866580 .arith/sum 32, v000001e58d81ace0_0, v000001e58d81bdc0_0;
S_000001e58d6b4840 .scope module, "fwdA_mux" "mux3" 9 25, 12 1 0, S_000001e58d789740;
 .timescale 0 0;
    .port_info 0 /INPUT 32 "d0";
    .port_info 1 /INPUT 32 "d1";
    .port_info 2 /INPUT 32 "d2";
    .port_info 3 /INPUT 2 "s";
    .port_info 4 /OUTPUT 32 "y";
P_000001e58d792750 .param/l "WIDTH" 0 12 4, +C4<00000000000000000000000000100000>;
v000001e58d7fc9d0_0 .net *"_ivl_1", 0 0, L_000001e58d864e60;  1 drivers
v000001e58d7fe0f0_0 .net *"_ivl_3", 0 0, L_000001e58d865040;  1 drivers
v000001e58d7fce30_0 .net *"_ivl_4", 31 0, L_000001e58d865b80;  1 drivers
v000001e58d7fd0b0_0 .net "d0", 31 0, v000001e58d819160_0;  alias, 1 drivers
v000001e58d7fd970_0 .net "d1", 31 0, L_000001e58d8643c0;  alias, 1 drivers
v000001e58d7fc2f0_0 .net "d2", 31 0, v000001e58d81aba0_0;  alias, 1 drivers
v000001e58d7fd150_0 .net "s", 1 0, L_000001e58d866c60;  alias, 1 drivers
v000001e58d7fd290_0 .net "y", 31 0, L_000001e58d865c20;  alias, 1 drivers
L_000001e58d864e60 .part L_000001e58d866c60, 1, 1;
L_000001e58d865040 .part L_000001e58d866c60, 0, 1;
L_000001e58d865b80 .functor MUXZ 32, v000001e58d819160_0, L_000001e58d8643c0, L_000001e58d865040, C4<>;
L_000001e58d865c20 .functor MUXZ 32, L_000001e58d865b80, v000001e58d81aba0_0, L_000001e58d864e60, C4<>;
S_000001e58d6cee30 .scope module, "fwdB_mux" "mux3" 9 26, 12 1 0, S_000001e58d789740;
 .timescale 0 0;
    .port_info 0 /INPUT 32 "d0";
    .port_info 1 /INPUT 32 "d1";
    .port_info 2 /INPUT 32 "d2";
    .port_info 3 /INPUT 2 "s";
    .port_info 4 /OUTPUT 32 "y";
P_000001e58d793e90 .param/l "WIDTH" 0 12 4, +C4<00000000000000000000000000100000>;
v000001e58d7fd8d0_0 .net *"_ivl_1", 0 0, L_000001e58d865540;  1 drivers
v000001e58d7fda10_0 .net *"_ivl_3", 0 0, L_000001e58d865860;  1 drivers
v000001e58d7fdbf0_0 .net *"_ivl_4", 31 0, L_000001e58d865e00;  1 drivers
v000001e58d7fd510_0 .net "d0", 31 0, v000001e58d819840_0;  alias, 1 drivers
v000001e58d7fd3d0_0 .net "d1", 31 0, L_000001e58d8643c0;  alias, 1 drivers
v000001e58d7fced0_0 .net "d2", 31 0, v000001e58d81aba0_0;  alias, 1 drivers
v000001e58d7fd5b0_0 .net "s", 1 0, L_000001e58d867fc0;  alias, 1 drivers
v000001e58d7fcf70_0 .net "y", 31 0, L_000001e58d866940;  alias, 1 drivers
L_000001e58d865540 .part L_000001e58d867fc0, 1, 1;
L_000001e58d865860 .part L_000001e58d867fc0, 0, 1;
L_000001e58d865e00 .functor MUXZ 32, v000001e58d819840_0, L_000001e58d8643c0, L_000001e58d865860, C4<>;
L_000001e58d866940 .functor MUXZ 32, L_000001e58d865e00, v000001e58d81aba0_0, L_000001e58d865540, C4<>;
S_000001e58d692de0 .scope module, "hu" "hazard_unit" 5 119, 13 1 0, S_000001e58d7af9c0;
 .timescale 0 0;
    .port_info 0 /INPUT 5 "Rs1D";
    .port_info 1 /INPUT 5 "Rs2D";
    .port_info 2 /INPUT 5 "Rs1E";
    .port_info 3 /INPUT 5 "Rs2E";
    .port_info 4 /INPUT 5 "RdE";
    .port_info 5 /INPUT 5 "RdM";
    .port_info 6 /INPUT 5 "RdW";
    .port_info 7 /INPUT 1 "RegWriteM";
    .port_info 8 /INPUT 1 "RegWriteW";
    .port_info 9 /INPUT 1 "MemReadE";
    .port_info 10 /INPUT 1 "PCSrcTakenE";
    .port_info 11 /OUTPUT 1 "StallF";
    .port_info 12 /OUTPUT 1 "StallD";
    .port_info 13 /OUTPUT 1 "FlushD";
    .port_info 14 /OUTPUT 1 "FlushE";
    .port_info 15 /OUTPUT 2 "ForwardAE";
    .port_info 16 /OUTPUT 2 "ForwardBE";
L_000001e58d868b70 .functor AND 1, L_000001e58d8646e0, L_000001e58d864f00, C4<1>, C4<1>;
L_000001e58d868550 .functor AND 1, L_000001e58d868b70, v000001e58d81a560_0, C4<1>, C4<1>;
L_000001e58d868400 .functor AND 1, L_000001e58d8650e0, L_000001e58d8652c0, C4<1>, C4<1>;
L_000001e58d868e80 .functor AND 1, L_000001e58d868400, v000001e58d818c60_0, C4<1>, C4<1>;
L_000001e58d8684e0 .functor AND 1, L_000001e58d867700, L_000001e58d866ee0, C4<1>, C4<1>;
L_000001e58d8689b0 .functor AND 1, L_000001e58d8684e0, v000001e58d81a560_0, C4<1>, C4<1>;
L_000001e58d868da0 .functor AND 1, L_000001e58d867980, L_000001e58d867480, C4<1>, C4<1>;
L_000001e58d868b00 .functor AND 1, L_000001e58d868da0, v000001e58d818c60_0, C4<1>, C4<1>;
L_000001e58d869120 .functor AND 1, L_000001e58d819520, L_000001e58d866b20, C4<1>, C4<1>;
L_000001e58d868fd0 .functor OR 1, L_000001e58d867e80, L_000001e58d867200, C4<0>, C4<0>;
L_000001e58d868710 .functor AND 1, L_000001e58d869120, L_000001e58d868fd0, C4<1>, C4<1>;
L_000001e58d8685c0 .functor BUFZ 1, L_000001e58d868710, C4<0>, C4<0>, C4<0>;
L_000001e58d868470 .functor BUFZ 1, L_000001e58d868710, C4<0>, C4<0>, C4<0>;
L_000001e58d868860 .functor BUFZ 1, L_000001e58d819c00, C4<0>, C4<0>, C4<0>;
L_000001e58d868be0 .functor OR 1, L_000001e58d868710, L_000001e58d819c00, C4<0>, C4<0>;
v000001e58d802590_0 .net "FlushD", 0 0, L_000001e58d868860;  alias, 1 drivers
v000001e58d803710_0 .net "FlushE", 0 0, L_000001e58d868be0;  alias, 1 drivers
v000001e58d8033f0_0 .net "ForwardAE", 1 0, L_000001e58d866c60;  alias, 1 drivers
v000001e58d8024f0_0 .net "ForwardBE", 1 0, L_000001e58d867fc0;  alias, 1 drivers
v000001e58d802ef0_0 .net "MemReadE", 0 0, L_000001e58d819520;  alias, 1 drivers
v000001e58d802c70_0 .net "PCSrcTakenE", 0 0, L_000001e58d819c00;  alias, 1 drivers
v000001e58d802a90_0 .net "RdE", 4 0, v000001e58d81a380_0;  alias, 1 drivers
v000001e58d802770_0 .net "RdM", 4 0, v000001e58d8195c0_0;  1 drivers
v000001e58d802950_0 .net "RdW", 4 0, v000001e58d81a420_0;  1 drivers
v000001e58d802630_0 .net "RegWriteM", 0 0, v000001e58d81a560_0;  1 drivers
v000001e58d8029f0_0 .net "RegWriteW", 0 0, v000001e58d818c60_0;  1 drivers
v000001e58d803490_0 .net "Rs1D", 4 0, L_000001e58d864820;  alias, 1 drivers
v000001e58d802b30_0 .net "Rs1E", 4 0, v000001e58d819200_0;  1 drivers
v000001e58d8030d0_0 .net "Rs2D", 4 0, L_000001e58d864aa0;  alias, 1 drivers
v000001e58d803b70_0 .net "Rs2E", 4 0, v000001e58d818620_0;  1 drivers
v000001e58d802d10_0 .net "StallD", 0 0, L_000001e58d868470;  alias, 1 drivers
v000001e58d8038f0_0 .net "StallF", 0 0, L_000001e58d8685c0;  alias, 1 drivers
v000001e58d8037b0_0 .net *"_ivl_0", 31 0, L_000001e58d864500;  1 drivers
v000001e58d803990_0 .net *"_ivl_11", 0 0, L_000001e58d868b70;  1 drivers
v000001e58d802db0_0 .net *"_ivl_13", 0 0, L_000001e58d868550;  1 drivers
L_000001e58d81c9c0 .functor BUFT 1, C4<10>, C4<0>, C4<0>, C4<0>;
v000001e58d802bd0_0 .net/2u *"_ivl_14", 1 0, L_000001e58d81c9c0;  1 drivers
v000001e58d8023b0_0 .net *"_ivl_16", 31 0, L_000001e58d864fa0;  1 drivers
L_000001e58d81ca08 .functor BUFT 1, C4<000000000000000000000000000>, C4<0>, C4<0>, C4<0>;
v000001e58d802e50_0 .net *"_ivl_19", 26 0, L_000001e58d81ca08;  1 drivers
L_000001e58d81ca50 .functor BUFT 1, C4<00000000000000000000000000000000>, C4<0>, C4<0>, C4<0>;
v000001e58d803a30_0 .net/2u *"_ivl_20", 31 0, L_000001e58d81ca50;  1 drivers
v000001e58d803170_0 .net *"_ivl_22", 0 0, L_000001e58d8650e0;  1 drivers
v000001e58d802f90_0 .net *"_ivl_24", 0 0, L_000001e58d8652c0;  1 drivers
v000001e58d803cb0_0 .net *"_ivl_27", 0 0, L_000001e58d868400;  1 drivers
v000001e58d803850_0 .net *"_ivl_29", 0 0, L_000001e58d868e80;  1 drivers
L_000001e58d81c930 .functor BUFT 1, C4<000000000000000000000000000>, C4<0>, C4<0>, C4<0>;
v000001e58d8026d0_0 .net *"_ivl_3", 26 0, L_000001e58d81c930;  1 drivers
L_000001e58d81ca98 .functor BUFT 1, C4<01>, C4<0>, C4<0>, C4<0>;
v000001e58d803d50_0 .net/2u *"_ivl_30", 1 0, L_000001e58d81ca98;  1 drivers
L_000001e58d81cae0 .functor BUFT 1, C4<00>, C4<0>, C4<0>, C4<0>;
v000001e58d803df0_0 .net/2u *"_ivl_32", 1 0, L_000001e58d81cae0;  1 drivers
v000001e58d803030_0 .net *"_ivl_34", 1 0, L_000001e58d865680;  1 drivers
v000001e58d803e90_0 .net *"_ivl_38", 31 0, L_000001e58d868060;  1 drivers
L_000001e58d81c978 .functor BUFT 1, C4<00000000000000000000000000000000>, C4<0>, C4<0>, C4<0>;
v000001e58d803f30_0 .net/2u *"_ivl_4", 31 0, L_000001e58d81c978;  1 drivers
L_000001e58d81cb28 .functor BUFT 1, C4<000000000000000000000000000>, C4<0>, C4<0>, C4<0>;
v000001e58d8032b0_0 .net *"_ivl_41", 26 0, L_000001e58d81cb28;  1 drivers
L_000001e58d81cb70 .functor BUFT 1, C4<00000000000000000000000000000000>, C4<0>, C4<0>, C4<0>;
v000001e58d803fd0_0 .net/2u *"_ivl_42", 31 0, L_000001e58d81cb70;  1 drivers
v000001e58d804070_0 .net *"_ivl_44", 0 0, L_000001e58d867700;  1 drivers
v000001e58d803350_0 .net *"_ivl_46", 0 0, L_000001e58d866ee0;  1 drivers
v000001e58d803530_0 .net *"_ivl_49", 0 0, L_000001e58d8684e0;  1 drivers
v000001e58d804110_0 .net *"_ivl_51", 0 0, L_000001e58d8689b0;  1 drivers
L_000001e58d81cbb8 .functor BUFT 1, C4<10>, C4<0>, C4<0>, C4<0>;
v000001e58d803670_0 .net/2u *"_ivl_52", 1 0, L_000001e58d81cbb8;  1 drivers
v000001e58d802810_0 .net *"_ivl_54", 31 0, L_000001e58d867ca0;  1 drivers
L_000001e58d81cc00 .functor BUFT 1, C4<000000000000000000000000000>, C4<0>, C4<0>, C4<0>;
v000001e58d802270_0 .net *"_ivl_57", 26 0, L_000001e58d81cc00;  1 drivers
L_000001e58d81cc48 .functor BUFT 1, C4<00000000000000000000000000000000>, C4<0>, C4<0>, C4<0>;
v000001e58d8035d0_0 .net/2u *"_ivl_58", 31 0, L_000001e58d81cc48;  1 drivers
v000001e58d8028b0_0 .net *"_ivl_6", 0 0, L_000001e58d8646e0;  1 drivers
v000001e58d805b80_0 .net *"_ivl_60", 0 0, L_000001e58d867980;  1 drivers
v000001e58d805400_0 .net *"_ivl_62", 0 0, L_000001e58d867480;  1 drivers
v000001e58d805c20_0 .net *"_ivl_65", 0 0, L_000001e58d868da0;  1 drivers
v000001e58d804820_0 .net *"_ivl_67", 0 0, L_000001e58d868b00;  1 drivers
L_000001e58d81cc90 .functor BUFT 1, C4<01>, C4<0>, C4<0>, C4<0>;
v000001e58d8048c0_0 .net/2u *"_ivl_68", 1 0, L_000001e58d81cc90;  1 drivers
L_000001e58d81ccd8 .functor BUFT 1, C4<00>, C4<0>, C4<0>, C4<0>;
v000001e58d805720_0 .net/2u *"_ivl_70", 1 0, L_000001e58d81ccd8;  1 drivers
v000001e58d805f40_0 .net *"_ivl_72", 1 0, L_000001e58d867d40;  1 drivers
v000001e58d805040_0 .net *"_ivl_76", 31 0, L_000001e58d866da0;  1 drivers
L_000001e58d81cd20 .functor BUFT 1, C4<000000000000000000000000000>, C4<0>, C4<0>, C4<0>;
v000001e58d805ea0_0 .net *"_ivl_79", 26 0, L_000001e58d81cd20;  1 drivers
v000001e58d805ae0_0 .net *"_ivl_8", 0 0, L_000001e58d864f00;  1 drivers
L_000001e58d81cd68 .functor BUFT 1, C4<00000000000000000000000000000000>, C4<0>, C4<0>, C4<0>;
v000001e58d805fe0_0 .net/2u *"_ivl_80", 31 0, L_000001e58d81cd68;  1 drivers
v000001e58d8050e0_0 .net *"_ivl_82", 0 0, L_000001e58d866b20;  1 drivers
v000001e58d805cc0_0 .net *"_ivl_85", 0 0, L_000001e58d869120;  1 drivers
v000001e58d804dc0_0 .net *"_ivl_86", 0 0, L_000001e58d867e80;  1 drivers
v000001e58d805860_0 .net *"_ivl_88", 0 0, L_000001e58d867200;  1 drivers
v000001e58d805d60_0 .net *"_ivl_91", 0 0, L_000001e58d868fd0;  1 drivers
v000001e58d805900_0 .net "lwStall", 0 0, L_000001e58d868710;  1 drivers
L_000001e58d864500 .concat [ 5 27 0 0], v000001e58d819200_0, L_000001e58d81c930;
L_000001e58d8646e0 .cmp/ne 32, L_000001e58d864500, L_000001e58d81c978;
L_000001e58d864f00 .cmp/eq 5, v000001e58d819200_0, v000001e58d8195c0_0;
L_000001e58d864fa0 .concat [ 5 27 0 0], v000001e58d819200_0, L_000001e58d81ca08;
L_000001e58d8650e0 .cmp/ne 32, L_000001e58d864fa0, L_000001e58d81ca50;
L_000001e58d8652c0 .cmp/eq 5, v000001e58d819200_0, v000001e58d81a420_0;
L_000001e58d865680 .functor MUXZ 2, L_000001e58d81cae0, L_000001e58d81ca98, L_000001e58d868e80, C4<>;
L_000001e58d866c60 .functor MUXZ 2, L_000001e58d865680, L_000001e58d81c9c0, L_000001e58d868550, C4<>;
L_000001e58d868060 .concat [ 5 27 0 0], v000001e58d818620_0, L_000001e58d81cb28;
L_000001e58d867700 .cmp/ne 32, L_000001e58d868060, L_000001e58d81cb70;
L_000001e58d866ee0 .cmp/eq 5, v000001e58d818620_0, v000001e58d8195c0_0;
L_000001e58d867ca0 .concat [ 5 27 0 0], v000001e58d818620_0, L_000001e58d81cc00;
L_000001e58d867980 .cmp/ne 32, L_000001e58d867ca0, L_000001e58d81cc48;
L_000001e58d867480 .cmp/eq 5, v000001e58d818620_0, v000001e58d81a420_0;
L_000001e58d867d40 .functor MUXZ 2, L_000001e58d81ccd8, L_000001e58d81cc90, L_000001e58d868b00, C4<>;
L_000001e58d867fc0 .functor MUXZ 2, L_000001e58d867d40, L_000001e58d81cbb8, L_000001e58d8689b0, C4<>;
L_000001e58d866da0 .concat [ 5 27 0 0], v000001e58d81a380_0, L_000001e58d81cd20;
L_000001e58d866b20 .cmp/ne 32, L_000001e58d866da0, L_000001e58d81cd68;
L_000001e58d867e80 .cmp/eq 5, L_000001e58d864820, v000001e58d81a380_0;
L_000001e58d867200 .cmp/eq 5, L_000001e58d864aa0, v000001e58d81a380_0;
S_000001e58d699ed0 .scope module, "ids" "id_stage" 5 56, 14 1 0, S_000001e58d7af9c0;
 .timescale 0 0;
    .port_info 0 /INPUT 1 "clk";
    .port_info 1 /INPUT 1 "reset";
    .port_info 2 /INPUT 32 "InstrD";
    .port_info 3 /INPUT 32 "PCD";
    .port_info 4 /INPUT 32 "PCPlus4D";
    .port_info 5 /INPUT 1 "RegWriteW";
    .port_info 6 /INPUT 5 "RdW";
    .port_info 7 /INPUT 32 "ResultW";
    .port_info 8 /INPUT 3 "ImmSrcD";
    .port_info 9 /OUTPUT 32 "RD1D";
    .port_info 10 /OUTPUT 32 "RD2D";
    .port_info 11 /OUTPUT 32 "ImmExtD";
    .port_info 12 /OUTPUT 5 "Rs1D";
    .port_info 13 /OUTPUT 5 "Rs2D";
    .port_info 14 /OUTPUT 5 "RdD";
    .port_info 15 /OUTPUT 7 "opD";
    .port_info 16 /OUTPUT 3 "funct3D";
    .port_info 17 /OUTPUT 1 "funct7b5D";
v000001e58d8055e0_0 .net "ImmExtD", 31 0, L_000001e58d75a770;  alias, 1 drivers
v000001e58d805680_0 .net "ImmSrcD", 2 0, L_000001e58d8648c0;  alias, 1 drivers
v000001e58d807af0_0 .net "InstrD", 31 0, v000001e58d81bf00_0;  1 drivers
v000001e58d806510_0 .net "PCD", 31 0, v000001e58d81c180_0;  1 drivers
v000001e58d806b50_0 .net "PCPlus4D", 31 0, v000001e58d81b460_0;  1 drivers
v000001e58d806d30_0 .net "RD1D", 31 0, L_000001e58d866800;  alias, 1 drivers
v000001e58d807370_0 .net "RD2D", 31 0, L_000001e58d8654a0;  alias, 1 drivers
v000001e58d807910_0 .net "RdD", 4 0, L_000001e58d865720;  alias, 1 drivers
v000001e58d807230_0 .net "RdW", 4 0, v000001e58d81a420_0;  alias, 1 drivers
v000001e58d806ab0_0 .net "RegWriteW", 0 0, v000001e58d818c60_0;  alias, 1 drivers
v000001e58d806bf0_0 .net "ResultW", 31 0, L_000001e58d8643c0;  alias, 1 drivers
v000001e58d806330_0 .net "Rs1D", 4 0, L_000001e58d864820;  alias, 1 drivers
v000001e58d807cd0_0 .net "Rs2D", 4 0, L_000001e58d864aa0;  alias, 1 drivers
v000001e58d807d70_0 .net "clk", 0 0, v000001e58d8190c0_0;  alias, 1 drivers
v000001e58d806830_0 .net "funct3D", 2 0, L_000001e58d864960;  alias, 1 drivers
v000001e58d8072d0_0 .net "funct7b5D", 0 0, L_000001e58d864c80;  alias, 1 drivers
v000001e58d8077d0_0 .net "opD", 6 0, L_000001e58d8663a0;  alias, 1 drivers
v000001e58d807870_0 .net "reset", 0 0, v000001e58d819340_0;  alias, 1 drivers
L_000001e58d8663a0 .part v000001e58d81bf00_0, 0, 7;
L_000001e58d864960 .part v000001e58d81bf00_0, 12, 3;
L_000001e58d864c80 .part v000001e58d81bf00_0, 30, 1;
L_000001e58d864820 .part v000001e58d81bf00_0, 15, 5;
L_000001e58d864aa0 .part v000001e58d81bf00_0, 20, 5;
L_000001e58d865720 .part v000001e58d81bf00_0, 7, 5;
L_000001e58d8645a0 .part v000001e58d81bf00_0, 7, 25;
S_000001e58d69a060 .scope module, "ext" "extend" 14 37, 15 1 0, S_000001e58d699ed0;
 .timescale 0 0;
    .port_info 0 /INPUT 25 "instr";
    .port_info 1 /INPUT 3 "immsrc";
    .port_info 2 /OUTPUT 32 "immext";
L_000001e58d75a770 .functor BUFZ 32, v000001e58d806080_0, C4<00000000000000000000000000000000>, C4<00000000000000000000000000000000>, C4<00000000000000000000000000000000>;
v000001e58d804960_0 .net "immext", 31 0, L_000001e58d75a770;  alias, 1 drivers
v000001e58d806080_0 .var "immext_reg", 31 0;
v000001e58d806120_0 .net "immsrc", 2 0, L_000001e58d8648c0;  alias, 1 drivers
v000001e58d804e60_0 .net "instr", 31 7, L_000001e58d8645a0;  1 drivers
E_000001e58d793990 .event anyedge, v000001e58d7a7210_0, v000001e58d804e60_0;
S_000001e58d6c0110 .scope module, "rf" "regfile" 14 27, 16 1 0, S_000001e58d699ed0;
 .timescale 0 0;
    .port_info 0 /INPUT 1 "clk";
    .port_info 1 /INPUT 1 "we3";
    .port_info 2 /INPUT 5 "a1";
    .port_info 3 /INPUT 5 "a2";
    .port_info 4 /INPUT 5 "a3";
    .port_info 5 /INPUT 32 "wd3";
    .port_info 6 /OUTPUT 32 "rd1";
    .port_info 7 /OUTPUT 32 "rd2";
v000001e58d804f00_0 .net *"_ivl_0", 31 0, L_000001e58d864dc0;  1 drivers
v000001e58d805e00_0 .net *"_ivl_10", 6 0, L_000001e58d865cc0;  1 drivers
L_000001e58d81c618 .functor BUFT 1, C4<00>, C4<0>, C4<0>, C4<0>;
v000001e58d805220_0 .net *"_ivl_13", 1 0, L_000001e58d81c618;  1 drivers
L_000001e58d81c660 .functor BUFT 1, C4<00000000000000000000000000000000>, C4<0>, C4<0>, C4<0>;
v000001e58d8057c0_0 .net/2u *"_ivl_14", 31 0, L_000001e58d81c660;  1 drivers
v000001e58d804b40_0 .net *"_ivl_18", 31 0, L_000001e58d866080;  1 drivers
L_000001e58d81c6a8 .functor BUFT 1, C4<000000000000000000000000000>, C4<0>, C4<0>, C4<0>;
v000001e58d804500_0 .net *"_ivl_21", 26 0, L_000001e58d81c6a8;  1 drivers
L_000001e58d81c6f0 .functor BUFT 1, C4<00000000000000000000000000000000>, C4<0>, C4<0>, C4<0>;
v000001e58d804d20_0 .net/2u *"_ivl_22", 31 0, L_000001e58d81c6f0;  1 drivers
v000001e58d8054a0_0 .net *"_ivl_24", 0 0, L_000001e58d8661c0;  1 drivers
v000001e58d8052c0_0 .net *"_ivl_26", 31 0, L_000001e58d866a80;  1 drivers
v000001e58d804a00_0 .net *"_ivl_28", 6 0, L_000001e58d8669e0;  1 drivers
L_000001e58d81c588 .functor BUFT 1, C4<000000000000000000000000000>, C4<0>, C4<0>, C4<0>;
v000001e58d804280_0 .net *"_ivl_3", 26 0, L_000001e58d81c588;  1 drivers
L_000001e58d81c738 .functor BUFT 1, C4<00>, C4<0>, C4<0>, C4<0>;
v000001e58d8059a0_0 .net *"_ivl_31", 1 0, L_000001e58d81c738;  1 drivers
L_000001e58d81c780 .functor BUFT 1, C4<00000000000000000000000000000000>, C4<0>, C4<0>, C4<0>;
v000001e58d804aa0_0 .net/2u *"_ivl_32", 31 0, L_000001e58d81c780;  1 drivers
L_000001e58d81c5d0 .functor BUFT 1, C4<00000000000000000000000000000000>, C4<0>, C4<0>, C4<0>;
v000001e58d804320_0 .net/2u *"_ivl_4", 31 0, L_000001e58d81c5d0;  1 drivers
v000001e58d8043c0_0 .net *"_ivl_6", 0 0, L_000001e58d864460;  1 drivers
v000001e58d804be0_0 .net *"_ivl_8", 31 0, L_000001e58d866760;  1 drivers
v000001e58d805360_0 .net "a1", 4 0, L_000001e58d864820;  alias, 1 drivers
v000001e58d8046e0_0 .net "a2", 4 0, L_000001e58d864aa0;  alias, 1 drivers
v000001e58d805a40_0 .net "a3", 4 0, v000001e58d81a420_0;  alias, 1 drivers
v000001e58d804460_0 .net "clk", 0 0, v000001e58d8190c0_0;  alias, 1 drivers
v000001e58d8045a0_0 .var/i "i", 31 0;
v000001e58d804780_0 .net "rd1", 31 0, L_000001e58d866800;  alias, 1 drivers
v000001e58d804fa0_0 .net "rd2", 31 0, L_000001e58d8654a0;  alias, 1 drivers
v000001e58d804640 .array "rf", 0 31, 31 0;
v000001e58d804c80_0 .net "wd3", 31 0, L_000001e58d8643c0;  alias, 1 drivers
v000001e58d805540_0 .net "we3", 0 0, v000001e58d818c60_0;  alias, 1 drivers
E_000001e58d794050 .event negedge, v000001e58d804460_0;
L_000001e58d864dc0 .concat [ 5 27 0 0], L_000001e58d864820, L_000001e58d81c588;
L_000001e58d864460 .cmp/ne 32, L_000001e58d864dc0, L_000001e58d81c5d0;
L_000001e58d866760 .array/port v000001e58d804640, L_000001e58d865cc0;
L_000001e58d865cc0 .concat [ 5 2 0 0], L_000001e58d864820, L_000001e58d81c618;
L_000001e58d866800 .functor MUXZ 32, L_000001e58d81c660, L_000001e58d866760, L_000001e58d864460, C4<>;
L_000001e58d866080 .concat [ 5 27 0 0], L_000001e58d864aa0, L_000001e58d81c6a8;
L_000001e58d8661c0 .cmp/ne 32, L_000001e58d866080, L_000001e58d81c6f0;
L_000001e58d866a80 .array/port v000001e58d804640, L_000001e58d8669e0;
L_000001e58d8669e0 .concat [ 5 2 0 0], L_000001e58d864aa0, L_000001e58d81c738;
L_000001e58d8654a0 .functor MUXZ 32, L_000001e58d81c780, L_000001e58d866a80, L_000001e58d8661c0, C4<>;
S_000001e58d6c02a0 .scope module, "ifs" "if_stage" 5 40, 17 1 0, S_000001e58d7af9c0;
 .timescale 0 0;
    .port_info 0 /INPUT 1 "clk";
    .port_info 1 /INPUT 1 "reset";
    .port_info 2 /INPUT 1 "StallF";
    .port_info 3 /INPUT 2 "PCSrcE";
    .port_info 4 /INPUT 32 "PCTargetE";
    .port_info 5 /INPUT 32 "PCJalrE";
    .port_info 6 /OUTPUT 32 "PCF";
    .port_info 7 /OUTPUT 32 "InstrF";
    .port_info 8 /OUTPUT 32 "PCPlus4F";
P_000001e58d793b10 .param/str "INSTR_MEM_FILE" 0 17 2, "mem/test_branch_rvc.mem";
L_000001e58d75b1f0 .functor BUFZ 32, L_000001e58d865360, C4<00000000000000000000000000000000>, C4<00000000000000000000000000000000>, C4<00000000000000000000000000000000>;
v000001e58d812730_0 .net "DecompInstrF", 31 0, v000001e58d806970_0;  1 drivers
v000001e58d813130_0 .net "InstrF", 31 0, L_000001e58d8184e0;  alias, 1 drivers
v000001e58d813590_0 .net "IsCompressedF", 0 0, L_000001e58d819d40;  1 drivers
v000001e58d8139f0_0 .net "PCF", 31 0, v000001e58d8138b0_0;  alias, 1 drivers
v000001e58d812870_0 .net "PCIncF", 31 0, L_000001e58d865360;  1 drivers
v000001e58d812370_0 .net "PCJalrE", 31 0, L_000001e58d8666c0;  alias, 1 drivers
v000001e58d812c30_0 .net "PCMuxOut", 31 0, L_000001e58d8659a0;  1 drivers
v000001e58d814170_0 .net "PCNextF", 31 0, L_000001e58d865400;  1 drivers
v000001e58d8129b0_0 .net "PCPlus4F", 31 0, L_000001e58d75b1f0;  alias, 1 drivers
v000001e58d813b30_0 .net "PCSrcE", 1 0, L_000001e58d864a00;  alias, 1 drivers
v000001e58d812a50_0 .net "PCTargetE", 31 0, L_000001e58d866580;  alias, 1 drivers
v000001e58d812f50_0 .net "RawInstrF", 31 0, L_000001e58d8198e0;  1 drivers
v000001e58d813f90_0 .net "StallF", 0 0, L_000001e58d8685c0;  alias, 1 drivers
v000001e58d813950_0 .net *"_ivl_10", 31 0, L_000001e58d865ae0;  1 drivers
L_000001e58d81c4f8 .functor BUFT 1, C4<00000000000000000000000000000010>, C4<0>, C4<0>, C4<0>;
v000001e58d812af0_0 .net/2u *"_ivl_4", 31 0, L_000001e58d81c4f8;  1 drivers
v000001e58d813bd0_0 .net *"_ivl_6", 31 0, L_000001e58d818800;  1 drivers
L_000001e58d81c540 .functor BUFT 1, C4<00000000000000000000000000000100>, C4<0>, C4<0>, C4<0>;
v000001e58d813c70_0 .net/2u *"_ivl_8", 31 0, L_000001e58d81c540;  1 drivers
v000001e58d812b90_0 .net "clk", 0 0, v000001e58d8190c0_0;  alias, 1 drivers
v000001e58d813450_0 .net "reset", 0 0, v000001e58d819340_0;  alias, 1 drivers
L_000001e58d818da0 .part L_000001e58d8198e0, 0, 16;
L_000001e58d8184e0 .functor MUXZ 32, L_000001e58d8198e0, v000001e58d806970_0, L_000001e58d819d40, C4<>;
L_000001e58d818800 .arith/sum 32, v000001e58d8138b0_0, L_000001e58d81c4f8;
L_000001e58d865ae0 .arith/sum 32, v000001e58d8138b0_0, L_000001e58d81c540;
L_000001e58d865360 .functor MUXZ 32, L_000001e58d865ae0, L_000001e58d818800, L_000001e58d819d40, C4<>;
L_000001e58d865400 .functor MUXZ 32, L_000001e58d8659a0, v000001e58d8138b0_0, L_000001e58d8685c0, C4<>;
S_000001e58d808d90 .scope module, "decomp" "decompressor" 17 20, 18 1 0, S_000001e58d6c02a0;
 .timescale 0 0;
    .port_info 0 /INPUT 16 "instr16";
    .port_info 1 /OUTPUT 32 "instr32";
    .port_info 2 /OUTPUT 1 "is_compressed";
v000001e58d8068d0_0 .net *"_ivl_1", 1 0, L_000001e58d819ca0;  1 drivers
L_000001e58d81c468 .functor BUFT 1, C4<01>, C4<0>, C4<0>, C4<0>;
v000001e58d8070f0_0 .net/2u *"_ivl_12", 1 0, L_000001e58d81c468;  1 drivers
v000001e58d806dd0_0 .net *"_ivl_15", 2 0, L_000001e58d819980;  1 drivers
L_000001e58d81c4b0 .functor BUFT 1, C4<01>, C4<0>, C4<0>, C4<0>;
v000001e58d806c90_0 .net/2u *"_ivl_18", 1 0, L_000001e58d81c4b0;  1 drivers
L_000001e58d81c3d8 .functor BUFT 1, C4<11>, C4<0>, C4<0>, C4<0>;
v000001e58d806650_0 .net/2u *"_ivl_2", 1 0, L_000001e58d81c3d8;  1 drivers
v000001e58d807550_0 .net *"_ivl_21", 2 0, L_000001e58d81a880;  1 drivers
L_000001e58d81c420 .functor BUFT 1, C4<01>, C4<0>, C4<0>, C4<0>;
v000001e58d806e70_0 .net/2u *"_ivl_6", 1 0, L_000001e58d81c420;  1 drivers
v000001e58d807190_0 .net *"_ivl_9", 2 0, L_000001e58d81a600;  1 drivers
v000001e58d807b90_0 .net "instr16", 15 0, L_000001e58d818da0;  1 drivers
v000001e58d806970_0 .var "instr32", 31 0;
v000001e58d807410_0 .net "is_compressed", 0 0, L_000001e58d819d40;  alias, 1 drivers
v000001e58d8075f0_0 .net "rd_f", 4 0, L_000001e58d818760;  1 drivers
v000001e58d806fb0_0 .net "rd_p", 4 0, L_000001e58d81a740;  1 drivers
v000001e58d806a10_0 .net "rs1_p", 4 0, L_000001e58d818440;  1 drivers
v000001e58d807690_0 .net "rs2_f", 4 0, L_000001e58d8183a0;  1 drivers
v000001e58d807730_0 .net "rs2_p", 4 0, L_000001e58d818300;  1 drivers
E_000001e58d793b50/0 .event anyedge, v000001e58d807b90_0, v000001e58d806a10_0, v000001e58d806fb0_0, v000001e58d807730_0;
E_000001e58d793b50/1 .event anyedge, v000001e58d8075f0_0, v000001e58d807690_0;
E_000001e58d793b50 .event/or E_000001e58d793b50/0, E_000001e58d793b50/1;
L_000001e58d819ca0 .part L_000001e58d818da0, 0, 2;
L_000001e58d819d40 .cmp/ne 2, L_000001e58d819ca0, L_000001e58d81c3d8;
L_000001e58d81a600 .part L_000001e58d818da0, 2, 3;
L_000001e58d81a740 .concat [ 3 2 0 0], L_000001e58d81a600, L_000001e58d81c420;
L_000001e58d819980 .part L_000001e58d818da0, 7, 3;
L_000001e58d818440 .concat [ 3 2 0 0], L_000001e58d819980, L_000001e58d81c468;
L_000001e58d81a880 .part L_000001e58d818da0, 2, 3;
L_000001e58d818300 .concat [ 3 2 0 0], L_000001e58d81a880, L_000001e58d81c4b0;
L_000001e58d818760 .part L_000001e58d818da0, 7, 5;
L_000001e58d8183a0 .part L_000001e58d818da0, 2, 5;
S_000001e58d808f20 .scope module, "im" "imem" 17 19, 19 1 0, S_000001e58d6c02a0;
 .timescale 0 0;
    .port_info 0 /INPUT 32 "a";
    .port_info 1 /OUTPUT 32 "rd";
P_000001e58d793b90 .param/str "MEM_FILE" 0 19 2, "mem/test_branch_rvc.mem";
v000001e58d806f10 .array "RAM", 127 0, 15 0;
L_000001e58d81c348 .functor BUFT 1, C4<00>, C4<0>, C4<0>, C4<0>;
v000001e58d8079b0_0 .net *"_ivl_11", 1 0, L_000001e58d81c348;  1 drivers
v000001e58d807c30_0 .net *"_ivl_12", 15 0, L_000001e58d819700;  1 drivers
v000001e58d807a50_0 .net *"_ivl_14", 8 0, L_000001e58d8197a0;  1 drivers
L_000001e58d81c390 .functor BUFT 1, C4<00>, C4<0>, C4<0>, C4<0>;
v000001e58d807e10_0 .net *"_ivl_17", 1 0, L_000001e58d81c390;  1 drivers
v000001e58d807050_0 .net *"_ivl_2", 15 0, L_000001e58d818b20;  1 drivers
L_000001e58d81c300 .functor BUFT 1, C4<0000001>, C4<0>, C4<0>, C4<0>;
v000001e58d807eb0_0 .net/2u *"_ivl_4", 6 0, L_000001e58d81c300;  1 drivers
v000001e58d807f50_0 .net *"_ivl_6", 6 0, L_000001e58d81a7e0;  1 drivers
v000001e58d807ff0_0 .net *"_ivl_8", 8 0, L_000001e58d81a6a0;  1 drivers
v000001e58d806790_0 .net "a", 31 0, v000001e58d8138b0_0;  alias, 1 drivers
v000001e58d808090_0 .net "idx", 6 0, L_000001e58d81a4c0;  1 drivers
v000001e58d808130_0 .net "rd", 31 0, L_000001e58d8198e0;  alias, 1 drivers
L_000001e58d81a4c0 .part v000001e58d8138b0_0, 1, 7;
L_000001e58d818b20 .array/port v000001e58d806f10, L_000001e58d81a6a0;
L_000001e58d81a7e0 .arith/sum 7, L_000001e58d81a4c0, L_000001e58d81c300;
L_000001e58d81a6a0 .concat [ 7 2 0 0], L_000001e58d81a7e0, L_000001e58d81c348;
L_000001e58d819700 .array/port v000001e58d806f10, L_000001e58d8197a0;
L_000001e58d8197a0 .concat [ 7 2 0 0], L_000001e58d81a4c0, L_000001e58d81c390;
L_000001e58d8198e0 .concat [ 16 16 0 0], L_000001e58d819700, L_000001e58d818b20;
S_000001e58d8090b0 .scope module, "pcmux" "mux3" 17 28, 12 1 0, S_000001e58d6c02a0;
 .timescale 0 0;
    .port_info 0 /INPUT 32 "d0";
    .port_info 1 /INPUT 32 "d1";
    .port_info 2 /INPUT 32 "d2";
    .port_info 3 /INPUT 2 "s";
    .port_info 4 /OUTPUT 32 "y";
P_000001e58d793bd0 .param/l "WIDTH" 0 12 4, +C4<00000000000000000000000000100000>;
v000001e58d806290_0 .net *"_ivl_1", 0 0, L_000001e58d866260;  1 drivers
v000001e58d8063d0_0 .net *"_ivl_3", 0 0, L_000001e58d866300;  1 drivers
v000001e58d806470_0 .net *"_ivl_4", 31 0, L_000001e58d864780;  1 drivers
v000001e58d8066f0_0 .net "d0", 31 0, L_000001e58d865360;  alias, 1 drivers
v000001e58d805180_0 .net "d1", 31 0, L_000001e58d866580;  alias, 1 drivers
v000001e58d8134f0_0 .net "d2", 31 0, L_000001e58d8666c0;  alias, 1 drivers
v000001e58d813ef0_0 .net "s", 1 0, L_000001e58d864a00;  alias, 1 drivers
v000001e58d813e50_0 .net "y", 31 0, L_000001e58d8659a0;  alias, 1 drivers
L_000001e58d866260 .part L_000001e58d864a00, 1, 1;
L_000001e58d866300 .part L_000001e58d864a00, 0, 1;
L_000001e58d864780 .functor MUXZ 32, L_000001e58d865360, L_000001e58d866580, L_000001e58d866300, C4<>;
L_000001e58d8659a0 .functor MUXZ 32, L_000001e58d864780, L_000001e58d8666c0, L_000001e58d866260, C4<>;
S_000001e58d8082a0 .scope module, "pcreg" "flopr" 17 18, 20 1 0, S_000001e58d6c02a0;
 .timescale 0 0;
    .port_info 0 /INPUT 1 "clk";
    .port_info 1 /INPUT 1 "reset";
    .port_info 2 /INPUT 32 "d";
    .port_info 3 /OUTPUT 32 "q";
P_000001e58d793c10 .param/l "WIDTH" 0 20 4, +C4<00000000000000000000000000100000>;
v000001e58d812910_0 .net "clk", 0 0, v000001e58d8190c0_0;  alias, 1 drivers
v000001e58d8133b0_0 .net "d", 31 0, L_000001e58d865400;  alias, 1 drivers
v000001e58d8138b0_0 .var "q", 31 0;
v000001e58d812ff0_0 .net "reset", 0 0, v000001e58d819340_0;  alias, 1 drivers
E_000001e58d794950 .event posedge, v000001e58d807870_0, v000001e58d804460_0;
S_000001e58d808c00 .scope module, "mems" "mem_stage" 5 103, 21 1 0, S_000001e58d7af9c0;
 .timescale 0 0;
    .port_info 0 /INPUT 1 "clk";
    .port_info 1 /INPUT 1 "MemWriteM";
    .port_info 2 /INPUT 32 "ALUResultM";
    .port_info 3 /INPUT 32 "WriteDataM";
    .port_info 4 /OUTPUT 32 "ReadDataM";
v000001e58d8122d0_0 .net "ALUResultM", 31 0, v000001e58d81aba0_0;  alias, 1 drivers
v000001e58d812410_0 .net "MemWriteM", 0 0, v000001e58d81c0e0_0;  1 drivers
v000001e58d8131d0_0 .net "ReadDataM", 31 0, L_000001e58d868a90;  alias, 1 drivers
v000001e58d8124b0_0 .net "WriteDataM", 31 0, v000001e58d819480_0;  1 drivers
v000001e58d812550_0 .net "clk", 0 0, v000001e58d8190c0_0;  alias, 1 drivers
S_000001e58d808750 .scope module, "dm" "dmem" 21 8, 22 1 0, S_000001e58d808c00;
 .timescale 0 0;
    .port_info 0 /INPUT 1 "clk";
    .port_info 1 /INPUT 1 "we";
    .port_info 2 /INPUT 32 "a";
    .port_info 3 /INPUT 32 "wd";
    .port_info 4 /OUTPUT 32 "rd";
L_000001e58d868a90 .functor BUFZ 32, L_000001e58d8655e0, C4<00000000000000000000000000000000>, C4<00000000000000000000000000000000>, C4<00000000000000000000000000000000>;
v000001e58d813d10 .array "RAM", 0 63, 31 0;
v000001e58d8136d0_0 .net *"_ivl_0", 31 0, L_000001e58d8655e0;  1 drivers
v000001e58d813630_0 .net *"_ivl_3", 29 0, L_000001e58d864320;  1 drivers
v000001e58d812eb0_0 .net "a", 31 0, v000001e58d81aba0_0;  alias, 1 drivers
v000001e58d813db0_0 .net "clk", 0 0, v000001e58d8190c0_0;  alias, 1 drivers
v000001e58d814030_0 .net "rd", 31 0, L_000001e58d868a90;  alias, 1 drivers
v000001e58d812cd0_0 .net "wd", 31 0, v000001e58d819480_0;  alias, 1 drivers
v000001e58d8140d0_0 .net "we", 0 0, v000001e58d81c0e0_0;  alias, 1 drivers
E_000001e58d794150 .event posedge, v000001e58d804460_0;
L_000001e58d8655e0 .array/port v000001e58d813d10, L_000001e58d864320;
L_000001e58d864320 .part v000001e58d81aba0_0, 2, 30;
S_000001e58d808430 .scope module, "wbs" "wb_stage" 5 115, 23 1 0, S_000001e58d7af9c0;
 .timescale 0 0;
    .port_info 0 /INPUT 32 "ALUResultW";
    .port_info 1 /INPUT 32 "ReadDataW";
    .port_info 2 /INPUT 32 "PCPlus4W";
    .port_info 3 /INPUT 2 "ResultSrcW";
    .port_info 4 /OUTPUT 32 "ResultW";
v000001e58d813310_0 .net "ALUResultW", 31 0, v000001e58d81be60_0;  1 drivers
v000001e58d813810_0 .net "PCPlus4W", 31 0, v000001e58d81b6e0_0;  1 drivers
v000001e58d813a90_0 .net "ReadDataW", 31 0, v000001e58d818e40_0;  1 drivers
v000001e58d81aec0_0 .net "ResultSrcW", 1 0, v000001e58d8189e0_0;  1 drivers
v000001e58d81b780_0 .net "ResultW", 31 0, L_000001e58d8643c0;  alias, 1 drivers
S_000001e58d8085c0 .scope module, "result_mux" "mux3" 23 8, 12 1 0, S_000001e58d808430;
 .timescale 0 0;
    .port_info 0 /INPUT 32 "d0";
    .port_info 1 /INPUT 32 "d1";
    .port_info 2 /INPUT 32 "d2";
    .port_info 3 /INPUT 2 "s";
    .port_info 4 /OUTPUT 32 "y";
P_000001e58d794550 .param/l "WIDTH" 0 12 4, +C4<00000000000000000000000000100000>;
v000001e58d8125f0_0 .net *"_ivl_1", 0 0, L_000001e58d864d20;  1 drivers
v000001e58d812690_0 .net *"_ivl_3", 0 0, L_000001e58d865f40;  1 drivers
v000001e58d8127d0_0 .net *"_ivl_4", 31 0, L_000001e58d865fe0;  1 drivers
v000001e58d812d70_0 .net "d0", 31 0, v000001e58d81be60_0;  alias, 1 drivers
v000001e58d813770_0 .net "d1", 31 0, v000001e58d818e40_0;  alias, 1 drivers
v000001e58d812e10_0 .net "d2", 31 0, v000001e58d81b6e0_0;  alias, 1 drivers
v000001e58d813270_0 .net "s", 1 0, v000001e58d8189e0_0;  alias, 1 drivers
v000001e58d813090_0 .net "y", 31 0, L_000001e58d8643c0;  alias, 1 drivers
L_000001e58d864d20 .part v000001e58d8189e0_0, 1, 1;
L_000001e58d865f40 .part v000001e58d8189e0_0, 0, 1;
L_000001e58d865fe0 .functor MUXZ 32, v000001e58d81be60_0, v000001e58d818e40_0, L_000001e58d865f40, C4<>;
L_000001e58d8643c0 .functor MUXZ 32, L_000001e58d865fe0, v000001e58d81b6e0_0, L_000001e58d864d20, C4<>;
    .scope S_000001e58d8082a0;
T_0 ;
    %wait E_000001e58d794950;
    %load/vec4 v000001e58d812ff0_0;
    %flag_set/vec4 8;
    %jmp/0xz  T_0.0, 8;
    %pushi/vec4 0, 0, 32;
    %assign/vec4 v000001e58d8138b0_0, 0;
    %jmp T_0.1;
T_0.0 ;
    %load/vec4 v000001e58d8133b0_0;
    %assign/vec4 v000001e58d8138b0_0, 0;
T_0.1 ;
    %jmp T_0;
    .thread T_0;
    .scope S_000001e58d808f20;
T_1 ;
    %vpi_call 19 9 "$readmemh", P_000001e58d793b90, v000001e58d806f10 {0 0 0};
    %vpi_call 19 10 "$display", "imem: Loaded instructions from %s", P_000001e58d793b90 {0 0 0};
    %end;
    .thread T_1;
    .scope S_000001e58d808d90;
T_2 ;
    %wait E_000001e58d793b50;
    %load/vec4 v000001e58d807b90_0;
    %parti/s 2, 0, 2;
    %dup/vec4;
    %pushi/vec4 0, 0, 2;
    %cmp/u;
    %jmp/1 T_2.0, 6;
    %dup/vec4;
    %pushi/vec4 1, 0, 2;
    %cmp/u;
    %jmp/1 T_2.1, 6;
    %dup/vec4;
    %pushi/vec4 2, 0, 2;
    %cmp/u;
    %jmp/1 T_2.2, 6;
    %pushi/vec4 19, 0, 32;
    %store/vec4 v000001e58d806970_0, 0, 32;
    %jmp T_2.4;
T_2.0 ;
    %load/vec4 v000001e58d807b90_0;
    %parti/s 3, 13, 5;
    %dup/vec4;
    %pushi/vec4 2, 0, 3;
    %cmp/u;
    %jmp/1 T_2.5, 6;
    %dup/vec4;
    %pushi/vec4 6, 0, 3;
    %cmp/u;
    %jmp/1 T_2.6, 6;
    %pushi/vec4 19, 0, 32;
    %store/vec4 v000001e58d806970_0, 0, 32;
    %jmp T_2.8;
T_2.5 ;
    %pushi/vec4 0, 0, 5;
    %load/vec4 v000001e58d807b90_0;
    %parti/s 1, 5, 4;
    %concat/vec4; draw_concat_vec4
    %load/vec4 v000001e58d807b90_0;
    %parti/s 3, 10, 5;
    %concat/vec4; draw_concat_vec4
    %load/vec4 v000001e58d807b90_0;
    %parti/s 1, 6, 4;
    %concat/vec4; draw_concat_vec4
    %concati/vec4 0, 0, 2;
    %load/vec4 v000001e58d806a10_0;
    %concat/vec4; draw_concat_vec4
    %concati/vec4 2, 0, 3;
    %load/vec4 v000001e58d806fb0_0;
    %concat/vec4; draw_concat_vec4
    %concati/vec4 3, 0, 7;
    %store/vec4 v000001e58d806970_0, 0, 32;
    %jmp T_2.8;
T_2.6 ;
    %pushi/vec4 0, 0, 5;
    %load/vec4 v000001e58d807b90_0;
    %parti/s 1, 5, 4;
    %concat/vec4; draw_concat_vec4
    %load/vec4 v000001e58d807b90_0;
    %parti/s 1, 12, 5;
    %concat/vec4; draw_concat_vec4
    %load/vec4 v000001e58d807730_0;
    %concat/vec4; draw_concat_vec4
    %load/vec4 v000001e58d806a10_0;
    %concat/vec4; draw_concat_vec4
    %concati/vec4 2, 0, 3;
    %load/vec4 v000001e58d807b90_0;
    %parti/s 2, 10, 5;
    %concat/vec4; draw_concat_vec4
    %load/vec4 v000001e58d807b90_0;
    %parti/s 1, 6, 4;
    %concat/vec4; draw_concat_vec4
    %concati/vec4 0, 0, 2;
    %concati/vec4 35, 0, 7;
    %store/vec4 v000001e58d806970_0, 0, 32;
    %jmp T_2.8;
T_2.8 ;
    %pop/vec4 1;
    %jmp T_2.4;
T_2.1 ;
    %load/vec4 v000001e58d807b90_0;
    %parti/s 3, 13, 5;
    %dup/vec4;
    %pushi/vec4 0, 0, 3;
    %cmp/u;
    %jmp/1 T_2.9, 6;
    %dup/vec4;
    %pushi/vec4 1, 0, 3;
    %cmp/u;
    %jmp/1 T_2.10, 6;
    %dup/vec4;
    %pushi/vec4 3, 0, 3;
    %cmp/u;
    %jmp/1 T_2.11, 6;
    %dup/vec4;
    %pushi/vec4 4, 0, 3;
    %cmp/u;
    %jmp/1 T_2.12, 6;
    %dup/vec4;
    %pushi/vec4 5, 0, 3;
    %cmp/u;
    %jmp/1 T_2.13, 6;
    %dup/vec4;
    %pushi/vec4 6, 0, 3;
    %cmp/u;
    %jmp/1 T_2.14, 6;
    %dup/vec4;
    %pushi/vec4 7, 0, 3;
    %cmp/u;
    %jmp/1 T_2.15, 6;
    %pushi/vec4 19, 0, 32;
    %store/vec4 v000001e58d806970_0, 0, 32;
    %jmp T_2.17;
T_2.9 ;
    %load/vec4 v000001e58d807b90_0;
    %parti/s 1, 12, 5;
    %replicate 6;
    %load/vec4 v000001e58d807b90_0;
    %parti/s 1, 12, 5;
    %concat/vec4; draw_concat_vec4
    %load/vec4 v000001e58d807b90_0;
    %parti/s 5, 2, 3;
    %concat/vec4; draw_concat_vec4
    %load/vec4 v000001e58d8075f0_0;
    %concat/vec4; draw_concat_vec4
    %concati/vec4 0, 0, 3;
    %load/vec4 v000001e58d8075f0_0;
    %concat/vec4; draw_concat_vec4
    %concati/vec4 19, 0, 7;
    %store/vec4 v000001e58d806970_0, 0, 32;
    %jmp T_2.17;
T_2.10 ;
    %load/vec4 v000001e58d807b90_0;
    %parti/s 1, 12, 5;
    %load/vec4 v000001e58d807b90_0;
    %parti/s 1, 8, 5;
    %concat/vec4; draw_concat_vec4
    %load/vec4 v000001e58d807b90_0;
    %parti/s 2, 9, 5;
    %concat/vec4; draw_concat_vec4
    %load/vec4 v000001e58d807b90_0;
    %parti/s 1, 6, 4;
    %concat/vec4; draw_concat_vec4
    %load/vec4 v000001e58d807b90_0;
    %parti/s 1, 7, 4;
    %concat/vec4; draw_concat_vec4
    %load/vec4 v000001e58d807b90_0;
    %parti/s 1, 2, 3;
    %concat/vec4; draw_concat_vec4
    %load/vec4 v000001e58d807b90_0;
    %parti/s 1, 11, 5;
    %concat/vec4; draw_concat_vec4
    %load/vec4 v000001e58d807b90_0;
    %parti/s 3, 3, 3;
    %concat/vec4; draw_concat_vec4
    %load/vec4 v000001e58d807b90_0;
    %parti/s 1, 12, 5;
    %concat/vec4; draw_concat_vec4
    %load/vec4 v000001e58d807b90_0;
    %parti/s 1, 12, 5;
    %replicate 8;
    %concat/vec4; draw_concat_vec4
    %concati/vec4 1, 0, 5;
    %concati/vec4 111, 0, 7;
    %store/vec4 v000001e58d806970_0, 0, 32;
    %jmp T_2.17;
T_2.11 ;
    %load/vec4 v000001e58d807b90_0;
    %parti/s 1, 12, 5;
    %replicate 14;
    %load/vec4 v000001e58d807b90_0;
    %parti/s 1, 12, 5;
    %concat/vec4; draw_concat_vec4
    %load/vec4 v000001e58d807b90_0;
    %parti/s 5, 2, 3;
    %concat/vec4; draw_concat_vec4
    %load/vec4 v000001e58d8075f0_0;
    %concat/vec4; draw_concat_vec4
    %concati/vec4 55, 0, 7;
    %store/vec4 v000001e58d806970_0, 0, 32;
    %jmp T_2.17;
T_2.12 ;
    %load/vec4 v000001e58d807b90_0;
    %parti/s 2, 10, 5;
    %dup/vec4;
    %pushi/vec4 0, 0, 2;
    %cmp/u;
    %jmp/1 T_2.18, 6;
    %dup/vec4;
    %pushi/vec4 1, 0, 2;
    %cmp/u;
    %jmp/1 T_2.19, 6;
    %dup/vec4;
    %pushi/vec4 2, 0, 2;
    %cmp/u;
    %jmp/1 T_2.20, 6;
    %dup/vec4;
    %pushi/vec4 3, 0, 2;
    %cmp/u;
    %jmp/1 T_2.21, 6;
    %jmp T_2.22;
T_2.18 ;
    %pushi/vec4 0, 0, 7;
    %load/vec4 v000001e58d807b90_0;
    %parti/s 5, 2, 3;
    %concat/vec4; draw_concat_vec4
    %load/vec4 v000001e58d806a10_0;
    %concat/vec4; draw_concat_vec4
    %concati/vec4 5, 0, 3;
    %load/vec4 v000001e58d806a10_0;
    %concat/vec4; draw_concat_vec4
    %concati/vec4 19, 0, 7;
    %store/vec4 v000001e58d806970_0, 0, 32;
    %jmp T_2.22;
T_2.19 ;
    %pushi/vec4 32, 0, 7;
    %load/vec4 v000001e58d807b90_0;
    %parti/s 5, 2, 3;
    %concat/vec4; draw_concat_vec4
    %load/vec4 v000001e58d806a10_0;
    %concat/vec4; draw_concat_vec4
    %concati/vec4 5, 0, 3;
    %load/vec4 v000001e58d806a10_0;
    %concat/vec4; draw_concat_vec4
    %concati/vec4 19, 0, 7;
    %store/vec4 v000001e58d806970_0, 0, 32;
    %jmp T_2.22;
T_2.20 ;
    %load/vec4 v000001e58d807b90_0;
    %parti/s 1, 12, 5;
    %replicate 6;
    %load/vec4 v000001e58d807b90_0;
    %parti/s 1, 12, 5;
    %concat/vec4; draw_concat_vec4
    %load/vec4 v000001e58d807b90_0;
    %parti/s 5, 2, 3;
    %concat/vec4; draw_concat_vec4
    %load/vec4 v000001e58d806a10_0;
    %concat/vec4; draw_concat_vec4
    %concati/vec4 7, 0, 3;
    %load/vec4 v000001e58d806a10_0;
    %concat/vec4; draw_concat_vec4
    %concati/vec4 19, 0, 7;
    %store/vec4 v000001e58d806970_0, 0, 32;
    %jmp T_2.22;
T_2.21 ;
    %load/vec4 v000001e58d807b90_0;
    %parti/s 1, 12, 5;
    %load/vec4 v000001e58d807b90_0;
    %parti/s 2, 5, 4;
    %concat/vec4; draw_concat_vec4
    %dup/vec4;
    %pushi/vec4 0, 0, 3;
    %cmp/u;
    %jmp/1 T_2.23, 6;
    %dup/vec4;
    %pushi/vec4 1, 0, 3;
    %cmp/u;
    %jmp/1 T_2.24, 6;
    %dup/vec4;
    %pushi/vec4 2, 0, 3;
    %cmp/u;
    %jmp/1 T_2.25, 6;
    %dup/vec4;
    %pushi/vec4 3, 0, 3;
    %cmp/u;
    %jmp/1 T_2.26, 6;
    %pushi/vec4 19, 0, 32;
    %store/vec4 v000001e58d806970_0, 0, 32;
    %jmp T_2.28;
T_2.23 ;
    %pushi/vec4 32, 0, 7;
    %load/vec4 v000001e58d807730_0;
    %concat/vec4; draw_concat_vec4
    %load/vec4 v000001e58d806a10_0;
    %concat/vec4; draw_concat_vec4
    %concati/vec4 0, 0, 3;
    %load/vec4 v000001e58d806a10_0;
    %concat/vec4; draw_concat_vec4
    %concati/vec4 51, 0, 7;
    %store/vec4 v000001e58d806970_0, 0, 32;
    %jmp T_2.28;
T_2.24 ;
    %pushi/vec4 0, 0, 7;
    %load/vec4 v000001e58d807730_0;
    %concat/vec4; draw_concat_vec4
    %load/vec4 v000001e58d806a10_0;
    %concat/vec4; draw_concat_vec4
    %concati/vec4 4, 0, 3;
    %load/vec4 v000001e58d806a10_0;
    %concat/vec4; draw_concat_vec4
    %concati/vec4 51, 0, 7;
    %store/vec4 v000001e58d806970_0, 0, 32;
    %jmp T_2.28;
T_2.25 ;
    %pushi/vec4 0, 0, 7;
    %load/vec4 v000001e58d807730_0;
    %concat/vec4; draw_concat_vec4
    %load/vec4 v000001e58d806a10_0;
    %concat/vec4; draw_concat_vec4
    %concati/vec4 6, 0, 3;
    %load/vec4 v000001e58d806a10_0;
    %concat/vec4; draw_concat_vec4
    %concati/vec4 51, 0, 7;
    %store/vec4 v000001e58d806970_0, 0, 32;
    %jmp T_2.28;
T_2.26 ;
    %pushi/vec4 0, 0, 7;
    %load/vec4 v000001e58d807730_0;
    %concat/vec4; draw_concat_vec4
    %load/vec4 v000001e58d806a10_0;
    %concat/vec4; draw_concat_vec4
    %concati/vec4 7, 0, 3;
    %load/vec4 v000001e58d806a10_0;
    %concat/vec4; draw_concat_vec4
    %concati/vec4 51, 0, 7;
    %store/vec4 v000001e58d806970_0, 0, 32;
    %jmp T_2.28;
T_2.28 ;
    %pop/vec4 1;
    %jmp T_2.22;
T_2.22 ;
    %pop/vec4 1;
    %jmp T_2.17;
T_2.13 ;
    %load/vec4 v000001e58d807b90_0;
    %parti/s 1, 12, 5;
    %load/vec4 v000001e58d807b90_0;
    %parti/s 1, 8, 5;
    %concat/vec4; draw_concat_vec4
    %load/vec4 v000001e58d807b90_0;
    %parti/s 2, 9, 5;
    %concat/vec4; draw_concat_vec4
    %load/vec4 v000001e58d807b90_0;
    %parti/s 1, 6, 4;
    %concat/vec4; draw_concat_vec4
    %load/vec4 v000001e58d807b90_0;
    %parti/s 1, 7, 4;
    %concat/vec4; draw_concat_vec4
    %load/vec4 v000001e58d807b90_0;
    %parti/s 1, 2, 3;
    %concat/vec4; draw_concat_vec4
    %load/vec4 v000001e58d807b90_0;
    %parti/s 1, 11, 5;
    %concat/vec4; draw_concat_vec4
    %load/vec4 v000001e58d807b90_0;
    %parti/s 3, 3, 3;
    %concat/vec4; draw_concat_vec4
    %load/vec4 v000001e58d807b90_0;
    %parti/s 1, 12, 5;
    %concat/vec4; draw_concat_vec4
    %load/vec4 v000001e58d807b90_0;
    %parti/s 1, 12, 5;
    %replicate 8;
    %concat/vec4; draw_concat_vec4
    %concati/vec4 0, 0, 5;
    %concati/vec4 111, 0, 7;
    %store/vec4 v000001e58d806970_0, 0, 32;
    %jmp T_2.17;
T_2.14 ;
    %load/vec4 v000001e58d807b90_0;
    %parti/s 1, 12, 5;
    %load/vec4 v000001e58d807b90_0;
    %parti/s 1, 12, 5;
    %concat/vec4; draw_concat_vec4
    %load/vec4 v000001e58d807b90_0;
    %parti/s 1, 12, 5;
    %concat/vec4; draw_concat_vec4
    %load/vec4 v000001e58d807b90_0;
    %parti/s 1, 12, 5;
    %concat/vec4; draw_concat_vec4
    %load/vec4 v000001e58d807b90_0;
    %parti/s 1, 6, 4;
    %concat/vec4; draw_concat_vec4
    %load/vec4 v000001e58d807b90_0;
    %parti/s 1, 5, 4;
    %concat/vec4; draw_concat_vec4
    %load/vec4 v000001e58d807b90_0;
    %parti/s 1, 2, 3;
    %concat/vec4; draw_concat_vec4
    %concati/vec4 0, 0, 5;
    %load/vec4 v000001e58d806a10_0;
    %concat/vec4; draw_concat_vec4
    %concati/vec4 0, 0, 3;
    %load/vec4 v000001e58d807b90_0;
    %parti/s 2, 10, 5;
    %concat/vec4; draw_concat_vec4
    %load/vec4 v000001e58d807b90_0;
    %parti/s 2, 3, 3;
    %concat/vec4; draw_concat_vec4
    %load/vec4 v000001e58d807b90_0;
    %parti/s 1, 12, 5;
    %concat/vec4; draw_concat_vec4
    %concati/vec4 99, 0, 7;
    %store/vec4 v000001e58d806970_0, 0, 32;
    %jmp T_2.17;
T_2.15 ;
    %load/vec4 v000001e58d807b90_0;
    %parti/s 1, 12, 5;
    %load/vec4 v000001e58d807b90_0;
    %parti/s 1, 12, 5;
    %concat/vec4; draw_concat_vec4
    %load/vec4 v000001e58d807b90_0;
    %parti/s 1, 12, 5;
    %concat/vec4; draw_concat_vec4
    %load/vec4 v000001e58d807b90_0;
    %parti/s 1, 12, 5;
    %concat/vec4; draw_concat_vec4
    %load/vec4 v000001e58d807b90_0;
    %parti/s 1, 6, 4;
    %concat/vec4; draw_concat_vec4
    %load/vec4 v000001e58d807b90_0;
    %parti/s 1, 5, 4;
    %concat/vec4; draw_concat_vec4
    %load/vec4 v000001e58d807b90_0;
    %parti/s 1, 2, 3;
    %concat/vec4; draw_concat_vec4
    %concati/vec4 0, 0, 5;
    %load/vec4 v000001e58d806a10_0;
    %concat/vec4; draw_concat_vec4
    %concati/vec4 1, 0, 3;
    %load/vec4 v000001e58d807b90_0;
    %parti/s 2, 10, 5;
    %concat/vec4; draw_concat_vec4
    %load/vec4 v000001e58d807b90_0;
    %parti/s 2, 3, 3;
    %concat/vec4; draw_concat_vec4
    %load/vec4 v000001e58d807b90_0;
    %parti/s 1, 12, 5;
    %concat/vec4; draw_concat_vec4
    %concati/vec4 99, 0, 7;
    %store/vec4 v000001e58d806970_0, 0, 32;
    %jmp T_2.17;
T_2.17 ;
    %pop/vec4 1;
    %jmp T_2.4;
T_2.2 ;
    %load/vec4 v000001e58d807b90_0;
    %parti/s 3, 13, 5;
    %dup/vec4;
    %pushi/vec4 0, 0, 3;
    %cmp/u;
    %jmp/1 T_2.29, 6;
    %dup/vec4;
    %pushi/vec4 2, 0, 3;
    %cmp/u;
    %jmp/1 T_2.30, 6;
    %dup/vec4;
    %pushi/vec4 4, 0, 3;
    %cmp/u;
    %jmp/1 T_2.31, 6;
    %dup/vec4;
    %pushi/vec4 6, 0, 3;
    %cmp/u;
    %jmp/1 T_2.32, 6;
    %pushi/vec4 19, 0, 32;
    %store/vec4 v000001e58d806970_0, 0, 32;
    %jmp T_2.34;
T_2.29 ;
    %pushi/vec4 0, 0, 7;
    %load/vec4 v000001e58d807b90_0;
    %parti/s 5, 2, 3;
    %concat/vec4; draw_concat_vec4
    %load/vec4 v000001e58d8075f0_0;
    %concat/vec4; draw_concat_vec4
    %concati/vec4 1, 0, 3;
    %load/vec4 v000001e58d8075f0_0;
    %concat/vec4; draw_concat_vec4
    %concati/vec4 19, 0, 7;
    %store/vec4 v000001e58d806970_0, 0, 32;
    %jmp T_2.34;
T_2.30 ;
    %pushi/vec4 0, 0, 4;
    %load/vec4 v000001e58d807b90_0;
    %parti/s 2, 2, 3;
    %concat/vec4; draw_concat_vec4
    %load/vec4 v000001e58d807b90_0;
    %parti/s 1, 12, 5;
    %concat/vec4; draw_concat_vec4
    %load/vec4 v000001e58d807b90_0;
    %parti/s 3, 4, 4;
    %concat/vec4; draw_concat_vec4
    %concati/vec4 0, 0, 2;
    %concati/vec4 2, 0, 5;
    %concati/vec4 2, 0, 3;
    %load/vec4 v000001e58d8075f0_0;
    %concat/vec4; draw_concat_vec4
    %concati/vec4 3, 0, 7;
    %store/vec4 v000001e58d806970_0, 0, 32;
    %jmp T_2.34;
T_2.31 ;
    %load/vec4 v000001e58d807b90_0;
    %parti/s 1, 12, 5;
    %nor/r;
    %flag_set/vec4 8;
    %jmp/0xz  T_2.35, 8;
    %load/vec4 v000001e58d807b90_0;
    %parti/s 5, 2, 3;
    %cmpi/e 0, 0, 5;
    %jmp/0xz  T_2.37, 4;
    %pushi/vec4 0, 0, 12;
    %load/vec4 v000001e58d8075f0_0;
    %concat/vec4; draw_concat_vec4
    %concati/vec4 0, 0, 3;
    %concati/vec4 0, 0, 5;
    %concati/vec4 103, 0, 7;
    %store/vec4 v000001e58d806970_0, 0, 32;
    %jmp T_2.38;
T_2.37 ;
    %pushi/vec4 0, 0, 7;
    %load/vec4 v000001e58d807690_0;
    %concat/vec4; draw_concat_vec4
    %concati/vec4 0, 0, 5;
    %concati/vec4 0, 0, 3;
    %load/vec4 v000001e58d8075f0_0;
    %concat/vec4; draw_concat_vec4
    %concati/vec4 51, 0, 7;
    %store/vec4 v000001e58d806970_0, 0, 32;
T_2.38 ;
    %jmp T_2.36;
T_2.35 ;
    %load/vec4 v000001e58d807b90_0;
    %parti/s 5, 2, 3;
    %cmpi/e 0, 0, 5;
    %jmp/0xz  T_2.39, 4;
    %pushi/vec4 0, 0, 12;
    %load/vec4 v000001e58d8075f0_0;
    %concat/vec4; draw_concat_vec4
    %concati/vec4 0, 0, 3;
    %concati/vec4 1, 0, 5;
    %concati/vec4 103, 0, 7;
    %store/vec4 v000001e58d806970_0, 0, 32;
    %jmp T_2.40;
T_2.39 ;
    %pushi/vec4 0, 0, 7;
    %load/vec4 v000001e58d807690_0;
    %concat/vec4; draw_concat_vec4
    %load/vec4 v000001e58d8075f0_0;
    %concat/vec4; draw_concat_vec4
    %concati/vec4 0, 0, 3;
    %load/vec4 v000001e58d8075f0_0;
    %concat/vec4; draw_concat_vec4
    %concati/vec4 51, 0, 7;
    %store/vec4 v000001e58d806970_0, 0, 32;
T_2.40 ;
T_2.36 ;
    %jmp T_2.34;
T_2.32 ;
    %pushi/vec4 0, 0, 4;
    %load/vec4 v000001e58d807b90_0;
    %parti/s 2, 7, 4;
    %concat/vec4; draw_concat_vec4
    %load/vec4 v000001e58d807b90_0;
    %parti/s 1, 12, 5;
    %concat/vec4; draw_concat_vec4
    %load/vec4 v000001e58d807690_0;
    %concat/vec4; draw_concat_vec4
    %concati/vec4 2, 0, 5;
    %concati/vec4 2, 0, 3;
    %load/vec4 v000001e58d807b90_0;
    %parti/s 3, 9, 5;
    %concat/vec4; draw_concat_vec4
    %concati/vec4 0, 0, 2;
    %concati/vec4 35, 0, 7;
    %store/vec4 v000001e58d806970_0, 0, 32;
    %jmp T_2.34;
T_2.34 ;
    %pop/vec4 1;
    %jmp T_2.4;
T_2.4 ;
    %pop/vec4 1;
    %jmp T_2;
    .thread T_2, $push;
    .scope S_000001e58d6c0110;
T_3 ;
    %pushi/vec4 0, 0, 32;
    %store/vec4 v000001e58d8045a0_0, 0, 32;
T_3.0 ;
    %load/vec4 v000001e58d8045a0_0;
    %cmpi/s 32, 0, 32;
    %jmp/0xz T_3.1, 5;
    %pushi/vec4 0, 0, 32;
    %ix/getv/s 4, v000001e58d8045a0_0;
    %store/vec4a v000001e58d804640, 4, 0;
    %load/vec4 v000001e58d8045a0_0;
    %addi 1, 0, 32;
    %store/vec4 v000001e58d8045a0_0, 0, 32;
    %jmp T_3.0;
T_3.1 ;
    %end;
    .thread T_3;
    .scope S_000001e58d6c0110;
T_4 ;
    %wait E_000001e58d794050;
    %load/vec4 v000001e58d805540_0;
    %flag_set/vec4 8;
    %jmp/0xz  T_4.0, 8;
    %load/vec4 v000001e58d804c80_0;
    %load/vec4 v000001e58d805a40_0;
    %pad/u 7;
    %ix/vec4 3;
    %ix/load 4, 0, 0; Constant delay
    %assign/vec4/a/d v000001e58d804640, 0, 4;
T_4.0 ;
    %jmp T_4;
    .thread T_4;
    .scope S_000001e58d69a060;
T_5 ;
    %wait E_000001e58d793990;
    %load/vec4 v000001e58d806120_0;
    %dup/vec4;
    %pushi/vec4 0, 0, 3;
    %cmp/u;
    %jmp/1 T_5.0, 6;
    %dup/vec4;
    %pushi/vec4 1, 0, 3;
    %cmp/u;
    %jmp/1 T_5.1, 6;
    %dup/vec4;
    %pushi/vec4 2, 0, 3;
    %cmp/u;
    %jmp/1 T_5.2, 6;
    %dup/vec4;
    %pushi/vec4 3, 0, 3;
    %cmp/u;
    %jmp/1 T_5.3, 6;
    %dup/vec4;
    %pushi/vec4 4, 0, 3;
    %cmp/u;
    %jmp/1 T_5.4, 6;
    %pushi/vec4 0, 0, 32;
    %store/vec4 v000001e58d806080_0, 0, 32;
    %jmp T_5.6;
T_5.0 ;
    %load/vec4 v000001e58d804e60_0;
    %parti/s 1, 24, 6;
    %replicate 20;
    %load/vec4 v000001e58d804e60_0;
    %parti/s 12, 13, 5;
    %concat/vec4; draw_concat_vec4
    %store/vec4 v000001e58d806080_0, 0, 32;
    %jmp T_5.6;
T_5.1 ;
    %load/vec4 v000001e58d804e60_0;
    %parti/s 1, 24, 6;
    %replicate 20;
    %load/vec4 v000001e58d804e60_0;
    %parti/s 7, 18, 6;
    %concat/vec4; draw_concat_vec4
    %load/vec4 v000001e58d804e60_0;
    %parti/s 5, 0, 2;
    %concat/vec4; draw_concat_vec4
    %store/vec4 v000001e58d806080_0, 0, 32;
    %jmp T_5.6;
T_5.2 ;
    %load/vec4 v000001e58d804e60_0;
    %parti/s 1, 24, 6;
    %replicate 20;
    %load/vec4 v000001e58d804e60_0;
    %parti/s 1, 0, 2;
    %concat/vec4; draw_concat_vec4
    %load/vec4 v000001e58d804e60_0;
    %parti/s 6, 18, 6;
    %concat/vec4; draw_concat_vec4
    %load/vec4 v000001e58d804e60_0;
    %parti/s 4, 1, 2;
    %concat/vec4; draw_concat_vec4
    %concati/vec4 0, 0, 1;
    %store/vec4 v000001e58d806080_0, 0, 32;
    %jmp T_5.6;
T_5.3 ;
    %load/vec4 v000001e58d804e60_0;
    %parti/s 1, 24, 6;
    %replicate 12;
    %load/vec4 v000001e58d804e60_0;
    %parti/s 8, 5, 4;
    %concat/vec4; draw_concat_vec4
    %load/vec4 v000001e58d804e60_0;
    %parti/s 1, 13, 5;
    %concat/vec4; draw_concat_vec4
    %load/vec4 v000001e58d804e60_0;
    %parti/s 10, 14, 5;
    %concat/vec4; draw_concat_vec4
    %concati/vec4 0, 0, 1;
    %store/vec4 v000001e58d806080_0, 0, 32;
    %jmp T_5.6;
T_5.4 ;
    %load/vec4 v000001e58d804e60_0;
    %parti/s 20, 5, 4;
    %concati/vec4 0, 0, 12;
    %store/vec4 v000001e58d806080_0, 0, 32;
    %jmp T_5.6;
T_5.6 ;
    %pop/vec4 1;
    %jmp T_5;
    .thread T_5, $push;
    .scope S_000001e58d6cd490;
T_6 ;
    %wait E_000001e58d7929d0;
    %load/vec4 v000001e58d7a7350_0;
    %dup/vec4;
    %pushi/vec4 3, 0, 7;
    %cmp/u;
    %jmp/1 T_6.0, 6;
    %dup/vec4;
    %pushi/vec4 35, 0, 7;
    %cmp/u;
    %jmp/1 T_6.1, 6;
    %dup/vec4;
    %pushi/vec4 51, 0, 7;
    %cmp/u;
    %jmp/1 T_6.2, 6;
    %dup/vec4;
    %pushi/vec4 99, 0, 7;
    %cmp/u;
    %jmp/1 T_6.3, 6;
    %dup/vec4;
    %pushi/vec4 19, 0, 7;
    %cmp/u;
    %jmp/1 T_6.4, 6;
    %dup/vec4;
    %pushi/vec4 111, 0, 7;
    %cmp/u;
    %jmp/1 T_6.5, 6;
    %dup/vec4;
    %pushi/vec4 103, 0, 7;
    %cmp/u;
    %jmp/1 T_6.6, 6;
    %dup/vec4;
    %pushi/vec4 55, 0, 7;
    %cmp/u;
    %jmp/1 T_6.7, 6;
    %pushi/vec4 0, 0, 13;
    %store/vec4 v000001e58d7a7f30_0, 0, 13;
    %jmp T_6.9;
T_6.0 ;
    %pushi/vec4 4384, 0, 13;
    %store/vec4 v000001e58d7a7f30_0, 0, 13;
    %jmp T_6.9;
T_6.1 ;
    %pushi/vec4 896, 0, 13;
    %store/vec4 v000001e58d7a7f30_0, 0, 13;
    %jmp T_6.9;
T_6.2 ;
    %pushi/vec4 4104, 0, 13;
    %store/vec4 v000001e58d7a7f30_0, 0, 13;
    %jmp T_6.9;
T_6.3 ;
    %pushi/vec4 1044, 0, 13;
    %store/vec4 v000001e58d7a7f30_0, 0, 13;
    %jmp T_6.9;
T_6.4 ;
    %pushi/vec4 4360, 0, 13;
    %store/vec4 v000001e58d7a7f30_0, 0, 13;
    %jmp T_6.9;
T_6.5 ;
    %pushi/vec4 5698, 0, 13;
    %store/vec4 v000001e58d7a7f30_0, 0, 13;
    %jmp T_6.9;
T_6.6 ;
    %pushi/vec4 4419, 0, 13;
    %store/vec4 v000001e58d7a7f30_0, 0, 13;
    %jmp T_6.9;
T_6.7 ;
    %pushi/vec4 6412, 0, 13;
    %store/vec4 v000001e58d7a7f30_0, 0, 13;
    %jmp T_6.9;
T_6.9 ;
    %pop/vec4 1;
    %jmp T_6;
    .thread T_6, $push;
    .scope S_000001e58d6cd300;
T_7 ;
    %wait E_000001e58d792fd0;
    %load/vec4 v000001e58d7a73f0_0;
    %dup/vec4;
    %pushi/vec4 0, 0, 2;
    %cmp/u;
    %jmp/1 T_7.0, 6;
    %dup/vec4;
    %pushi/vec4 1, 0, 2;
    %cmp/u;
    %jmp/1 T_7.1, 6;
    %dup/vec4;
    %pushi/vec4 3, 0, 2;
    %cmp/u;
    %jmp/1 T_7.2, 6;
    %load/vec4 v000001e58d7a7990_0;
    %dup/vec4;
    %pushi/vec4 0, 0, 3;
    %cmp/u;
    %jmp/1 T_7.5, 6;
    %dup/vec4;
    %pushi/vec4 1, 0, 3;
    %cmp/u;
    %jmp/1 T_7.6, 6;
    %dup/vec4;
    %pushi/vec4 2, 0, 3;
    %cmp/u;
    %jmp/1 T_7.7, 6;
    %dup/vec4;
    %pushi/vec4 4, 0, 3;
    %cmp/u;
    %jmp/1 T_7.8, 6;
    %dup/vec4;
    %pushi/vec4 5, 0, 3;
    %cmp/u;
    %jmp/1 T_7.9, 6;
    %dup/vec4;
    %pushi/vec4 6, 0, 3;
    %cmp/u;
    %jmp/1 T_7.10, 6;
    %dup/vec4;
    %pushi/vec4 7, 0, 3;
    %cmp/u;
    %jmp/1 T_7.11, 6;
    %pushi/vec4 0, 0, 4;
    %store/vec4 v000001e58d7a7ad0_0, 0, 4;
    %jmp T_7.13;
T_7.5 ;
    %load/vec4 v000001e58d7a6450_0;
    %flag_set/vec4 8;
    %jmp/0 T_7.14, 8;
    %pushi/vec4 1, 0, 4;
    %jmp/1 T_7.15, 8;
T_7.14 ; End of true expr.
    %pushi/vec4 0, 0, 4;
    %jmp/0 T_7.15, 8;
 ; End of false expr.
    %blend;
T_7.15;
    %store/vec4 v000001e58d7a7ad0_0, 0, 4;
    %jmp T_7.13;
T_7.6 ;
    %pushi/vec4 6, 0, 4;
    %store/vec4 v000001e58d7a7ad0_0, 0, 4;
    %jmp T_7.13;
T_7.7 ;
    %pushi/vec4 5, 0, 4;
    %store/vec4 v000001e58d7a7ad0_0, 0, 4;
    %jmp T_7.13;
T_7.8 ;
    %pushi/vec4 4, 0, 4;
    %store/vec4 v000001e58d7a7ad0_0, 0, 4;
    %jmp T_7.13;
T_7.9 ;
    %load/vec4 v000001e58d7a6db0_0;
    %flag_set/vec4 8;
    %jmp/0 T_7.16, 8;
    %pushi/vec4 8, 0, 4;
    %jmp/1 T_7.17, 8;
T_7.16 ; End of true expr.
    %pushi/vec4 7, 0, 4;
    %jmp/0 T_7.17, 8;
 ; End of false expr.
    %blend;
T_7.17;
    %store/vec4 v000001e58d7a7ad0_0, 0, 4;
    %jmp T_7.13;
T_7.10 ;
    %pushi/vec4 3, 0, 4;
    %store/vec4 v000001e58d7a7ad0_0, 0, 4;
    %jmp T_7.13;
T_7.11 ;
    %pushi/vec4 2, 0, 4;
    %store/vec4 v000001e58d7a7ad0_0, 0, 4;
    %jmp T_7.13;
T_7.13 ;
    %pop/vec4 1;
    %jmp T_7.4;
T_7.0 ;
    %pushi/vec4 0, 0, 4;
    %store/vec4 v000001e58d7a7ad0_0, 0, 4;
    %jmp T_7.4;
T_7.1 ;
    %pushi/vec4 1, 0, 4;
    %store/vec4 v000001e58d7a7ad0_0, 0, 4;
    %jmp T_7.4;
T_7.2 ;
    %pushi/vec4 9, 0, 4;
    %store/vec4 v000001e58d7a7ad0_0, 0, 4;
    %jmp T_7.4;
T_7.4 ;
    %pop/vec4 1;
    %jmp T_7;
    .thread T_7, $push;
    .scope S_000001e58d7898d0;
T_8 ;
    %wait E_000001e58d792650;
    %load/vec4 v000001e58d7a7710_0;
    %dup/vec4;
    %pushi/vec4 0, 0, 4;
    %cmp/u;
    %jmp/1 T_8.0, 6;
    %dup/vec4;
    %pushi/vec4 1, 0, 4;
    %cmp/u;
    %jmp/1 T_8.1, 6;
    %dup/vec4;
    %pushi/vec4 2, 0, 4;
    %cmp/u;
    %jmp/1 T_8.2, 6;
    %dup/vec4;
    %pushi/vec4 3, 0, 4;
    %cmp/u;
    %jmp/1 T_8.3, 6;
    %dup/vec4;
    %pushi/vec4 4, 0, 4;
    %cmp/u;
    %jmp/1 T_8.4, 6;
    %dup/vec4;
    %pushi/vec4 5, 0, 4;
    %cmp/u;
    %jmp/1 T_8.5, 6;
    %dup/vec4;
    %pushi/vec4 6, 0, 4;
    %cmp/u;
    %jmp/1 T_8.6, 6;
    %dup/vec4;
    %pushi/vec4 7, 0, 4;
    %cmp/u;
    %jmp/1 T_8.7, 6;
    %dup/vec4;
    %pushi/vec4 8, 0, 4;
    %cmp/u;
    %jmp/1 T_8.8, 6;
    %dup/vec4;
    %pushi/vec4 9, 0, 4;
    %cmp/u;
    %jmp/1 T_8.9, 6;
    %pushi/vec4 0, 0, 32;
    %store/vec4 v000001e58d7a7170_0, 0, 32;
    %jmp T_8.11;
T_8.0 ;
    %load/vec4 v000001e58d7a7530_0;
    %load/vec4 v000001e58d7a6a90_0;
    %add;
    %store/vec4 v000001e58d7a7170_0, 0, 32;
    %jmp T_8.11;
T_8.1 ;
    %load/vec4 v000001e58d7a7530_0;
    %load/vec4 v000001e58d7a6a90_0;
    %sub;
    %store/vec4 v000001e58d7a7170_0, 0, 32;
    %jmp T_8.11;
T_8.2 ;
    %load/vec4 v000001e58d7a7530_0;
    %load/vec4 v000001e58d7a6a90_0;
    %and;
    %store/vec4 v000001e58d7a7170_0, 0, 32;
    %jmp T_8.11;
T_8.3 ;
    %load/vec4 v000001e58d7a7530_0;
    %load/vec4 v000001e58d7a6a90_0;
    %or;
    %store/vec4 v000001e58d7a7170_0, 0, 32;
    %jmp T_8.11;
T_8.4 ;
    %load/vec4 v000001e58d7a7530_0;
    %load/vec4 v000001e58d7a6a90_0;
    %xor;
    %store/vec4 v000001e58d7a7170_0, 0, 32;
    %jmp T_8.11;
T_8.5 ;
    %load/vec4 v000001e58d7a7530_0;
    %load/vec4 v000001e58d7a6a90_0;
    %cmp/s;
    %flag_mov 8, 5;
    %jmp/0 T_8.12, 8;
    %pushi/vec4 1, 0, 32;
    %jmp/1 T_8.13, 8;
T_8.12 ; End of true expr.
    %pushi/vec4 0, 0, 32;
    %jmp/0 T_8.13, 8;
 ; End of false expr.
    %blend;
T_8.13;
    %store/vec4 v000001e58d7a7170_0, 0, 32;
    %jmp T_8.11;
T_8.6 ;
    %load/vec4 v000001e58d7a7530_0;
    %load/vec4 v000001e58d7a6a90_0;
    %parti/s 5, 0, 2;
    %ix/vec4 4;
    %shiftl 4;
    %store/vec4 v000001e58d7a7170_0, 0, 32;
    %jmp T_8.11;
T_8.7 ;
    %load/vec4 v000001e58d7a7530_0;
    %load/vec4 v000001e58d7a6a90_0;
    %parti/s 5, 0, 2;
    %ix/vec4 4;
    %shiftr 4;
    %store/vec4 v000001e58d7a7170_0, 0, 32;
    %jmp T_8.11;
T_8.8 ;
    %load/vec4 v000001e58d7a7530_0;
    %load/vec4 v000001e58d7a6a90_0;
    %parti/s 5, 0, 2;
    %ix/vec4 4;
    %shiftr/s 4;
    %store/vec4 v000001e58d7a7170_0, 0, 32;
    %jmp T_8.11;
T_8.9 ;
    %load/vec4 v000001e58d7a6a90_0;
    %store/vec4 v000001e58d7a7170_0, 0, 32;
    %jmp T_8.11;
T_8.11 ;
    %pop/vec4 1;
    %jmp T_8;
    .thread T_8, $push;
    .scope S_000001e58d789740;
T_9 ;
    %wait E_000001e58d792190;
    %load/vec4 v000001e58d803c10_0;
    %dup/vec4;
    %pushi/vec4 0, 0, 3;
    %cmp/u;
    %jmp/1 T_9.0, 6;
    %dup/vec4;
    %pushi/vec4 1, 0, 3;
    %cmp/u;
    %jmp/1 T_9.1, 6;
    %dup/vec4;
    %pushi/vec4 4, 0, 3;
    %cmp/u;
    %jmp/1 T_9.2, 6;
    %dup/vec4;
    %pushi/vec4 5, 0, 3;
    %cmp/u;
    %jmp/1 T_9.3, 6;
    %pushi/vec4 0, 0, 1;
    %store/vec4 v000001e58d803210_0, 0, 1;
    %jmp T_9.5;
T_9.0 ;
    %load/vec4 v000001e58d802450_0;
    %store/vec4 v000001e58d803210_0, 0, 1;
    %jmp T_9.5;
T_9.1 ;
    %load/vec4 v000001e58d802450_0;
    %inv;
    %store/vec4 v000001e58d803210_0, 0, 1;
    %jmp T_9.5;
T_9.2 ;
    %load/vec4 v000001e58d803ad0_0;
    %store/vec4 v000001e58d803210_0, 0, 1;
    %jmp T_9.5;
T_9.3 ;
    %load/vec4 v000001e58d803ad0_0;
    %inv;
    %store/vec4 v000001e58d803210_0, 0, 1;
    %jmp T_9.5;
T_9.5 ;
    %pop/vec4 1;
    %jmp T_9;
    .thread T_9, $push;
    .scope S_000001e58d808750;
T_10 ;
    %wait E_000001e58d794150;
    %load/vec4 v000001e58d8140d0_0;
    %flag_set/vec4 8;
    %jmp/0xz  T_10.0, 8;
    %load/vec4 v000001e58d812cd0_0;
    %load/vec4 v000001e58d812eb0_0;
    %parti/s 30, 2, 3;
    %ix/vec4 3;
    %ix/load 4, 0, 0; Constant delay
    %assign/vec4/a/d v000001e58d813d10, 0, 4;
T_10.0 ;
    %jmp T_10;
    .thread T_10;
    .scope S_000001e58d7af9c0;
T_11 ;
    %wait E_000001e58d794950;
    %load/vec4 v000001e58d8192a0_0;
    %flag_set/vec4 8;
    %jmp/1 T_11.2, 8;
    %load/vec4 v000001e58d81ae20_0;
    %flag_set/vec4 9;
    %flag_or 8, 9;
T_11.2;
    %jmp/0xz  T_11.0, 8;
    %pushi/vec4 0, 0, 32;
    %assign/vec4 v000001e58d81c180_0, 0;
    %pushi/vec4 0, 0, 32;
    %assign/vec4 v000001e58d81bf00_0, 0;
    %pushi/vec4 0, 0, 32;
    %assign/vec4 v000001e58d81b460_0, 0;
    %jmp T_11.1;
T_11.0 ;
    %load/vec4 v000001e58d81a240_0;
    %nor/r;
    %flag_set/vec4 8;
    %jmp/0xz  T_11.3, 8;
    %load/vec4 v000001e58d81b320_0;
    %assign/vec4 v000001e58d81c180_0, 0;
    %load/vec4 v000001e58d81b0a0_0;
    %assign/vec4 v000001e58d81bf00_0, 0;
    %load/vec4 v000001e58d81b5a0_0;
    %assign/vec4 v000001e58d81b460_0, 0;
T_11.3 ;
T_11.1 ;
    %jmp T_11;
    .thread T_11;
    .scope S_000001e58d7af9c0;
T_12 ;
    %wait E_000001e58d794950;
    %load/vec4 v000001e58d8192a0_0;
    %flag_set/vec4 8;
    %jmp/1 T_12.2, 8;
    %load/vec4 v000001e58d81b960_0;
    %flag_set/vec4 9;
    %flag_or 8, 9;
T_12.2;
    %jmp/0xz  T_12.0, 8;
    %pushi/vec4 0, 0, 32;
    %assign/vec4 v000001e58d81ace0_0, 0;
    %pushi/vec4 0, 0, 32;
    %assign/vec4 v000001e58d81b500_0, 0;
    %pushi/vec4 0, 0, 32;
    %assign/vec4 v000001e58d819160_0, 0;
    %pushi/vec4 0, 0, 32;
    %assign/vec4 v000001e58d819840_0, 0;
    %pushi/vec4 0, 0, 32;
    %assign/vec4 v000001e58d81bdc0_0, 0;
    %pushi/vec4 0, 0, 5;
    %assign/vec4 v000001e58d819200_0, 0;
    %pushi/vec4 0, 0, 5;
    %assign/vec4 v000001e58d818620_0, 0;
    %pushi/vec4 0, 0, 5;
    %assign/vec4 v000001e58d81a380_0, 0;
    %pushi/vec4 0, 0, 3;
    %assign/vec4 v000001e58d818a80_0, 0;
    %pushi/vec4 0, 0, 4;
    %assign/vec4 v000001e58d81ad80_0, 0;
    %pushi/vec4 0, 0, 2;
    %assign/vec4 v000001e58d819de0_0, 0;
    %pushi/vec4 0, 0, 1;
    %assign/vec4 v000001e58d818d00_0, 0;
    %pushi/vec4 0, 0, 1;
    %assign/vec4 v000001e58d81bfa0_0, 0;
    %pushi/vec4 0, 0, 1;
    %assign/vec4 v000001e58d81b280_0, 0;
    %pushi/vec4 0, 0, 1;
    %assign/vec4 v000001e58d81c040_0, 0;
    %pushi/vec4 0, 0, 1;
    %assign/vec4 v000001e58d81bd20_0, 0;
    %pushi/vec4 0, 0, 1;
    %assign/vec4 v000001e58d81ac40_0, 0;
    %jmp T_12.1;
T_12.0 ;
    %load/vec4 v000001e58d81c180_0;
    %assign/vec4 v000001e58d81ace0_0, 0;
    %load/vec4 v000001e58d81b460_0;
    %assign/vec4 v000001e58d81b500_0, 0;
    %load/vec4 v000001e58d818f80_0;
    %assign/vec4 v000001e58d819160_0, 0;
    %load/vec4 v000001e58d819fc0_0;
    %assign/vec4 v000001e58d819840_0, 0;
    %load/vec4 v000001e58d81baa0_0;
    %assign/vec4 v000001e58d81bdc0_0, 0;
    %load/vec4 v000001e58d819b60_0;
    %assign/vec4 v000001e58d819200_0, 0;
    %load/vec4 v000001e58d81a9c0_0;
    %assign/vec4 v000001e58d818620_0, 0;
    %load/vec4 v000001e58d8188a0_0;
    %assign/vec4 v000001e58d81a380_0, 0;
    %load/vec4 v000001e58d818940_0;
    %assign/vec4 v000001e58d818a80_0, 0;
    %load/vec4 v000001e58d81b8c0_0;
    %assign/vec4 v000001e58d81ad80_0, 0;
    %load/vec4 v000001e58d81a060_0;
    %assign/vec4 v000001e58d819de0_0, 0;
    %load/vec4 v000001e58d81a100_0;
    %assign/vec4 v000001e58d818d00_0, 0;
    %load/vec4 v000001e58d81bc80_0;
    %assign/vec4 v000001e58d81bfa0_0, 0;
    %load/vec4 v000001e58d81b140_0;
    %assign/vec4 v000001e58d81b280_0, 0;
    %load/vec4 v000001e58d81b1e0_0;
    %assign/vec4 v000001e58d81c040_0, 0;
    %load/vec4 v000001e58d81b820_0;
    %assign/vec4 v000001e58d81bd20_0, 0;
    %load/vec4 v000001e58d81b000_0;
    %assign/vec4 v000001e58d81ac40_0, 0;
T_12.1 ;
    %jmp T_12;
    .thread T_12;
    .scope S_000001e58d7af9c0;
T_13 ;
    %wait E_000001e58d794950;
    %load/vec4 v000001e58d8192a0_0;
    %flag_set/vec4 8;
    %jmp/0xz  T_13.0, 8;
    %pushi/vec4 0, 0, 32;
    %assign/vec4 v000001e58d81b640_0, 0;
    %pushi/vec4 0, 0, 32;
    %assign/vec4 v000001e58d81aba0_0, 0;
    %pushi/vec4 0, 0, 32;
    %assign/vec4 v000001e58d819480_0, 0;
    %pushi/vec4 0, 0, 5;
    %assign/vec4 v000001e58d8195c0_0, 0;
    %pushi/vec4 0, 0, 2;
    %assign/vec4 v000001e58d81a1a0_0, 0;
    %pushi/vec4 0, 0, 1;
    %assign/vec4 v000001e58d81a560_0, 0;
    %pushi/vec4 0, 0, 1;
    %assign/vec4 v000001e58d81c0e0_0, 0;
    %jmp T_13.1;
T_13.0 ;
    %load/vec4 v000001e58d81b500_0;
    %assign/vec4 v000001e58d81b640_0, 0;
    %load/vec4 v000001e58d81af60_0;
    %assign/vec4 v000001e58d81aba0_0, 0;
    %load/vec4 v000001e58d8186c0_0;
    %assign/vec4 v000001e58d819480_0, 0;
    %load/vec4 v000001e58d81a380_0;
    %assign/vec4 v000001e58d8195c0_0, 0;
    %load/vec4 v000001e58d819de0_0;
    %assign/vec4 v000001e58d81a1a0_0, 0;
    %load/vec4 v000001e58d818d00_0;
    %assign/vec4 v000001e58d81a560_0, 0;
    %load/vec4 v000001e58d81bfa0_0;
    %assign/vec4 v000001e58d81c0e0_0, 0;
T_13.1 ;
    %jmp T_13;
    .thread T_13;
    .scope S_000001e58d7af9c0;
T_14 ;
    %wait E_000001e58d794950;
    %load/vec4 v000001e58d8192a0_0;
    %flag_set/vec4 8;
    %jmp/0xz  T_14.0, 8;
    %pushi/vec4 0, 0, 32;
    %assign/vec4 v000001e58d81b6e0_0, 0;
    %pushi/vec4 0, 0, 32;
    %assign/vec4 v000001e58d81be60_0, 0;
    %pushi/vec4 0, 0, 32;
    %assign/vec4 v000001e58d818e40_0, 0;
    %pushi/vec4 0, 0, 5;
    %assign/vec4 v000001e58d81a420_0, 0;
    %pushi/vec4 0, 0, 2;
    %assign/vec4 v000001e58d8189e0_0, 0;
    %pushi/vec4 0, 0, 1;
    %assign/vec4 v000001e58d818c60_0, 0;
    %jmp T_14.1;
T_14.0 ;
    %load/vec4 v000001e58d81b640_0;
    %assign/vec4 v000001e58d81b6e0_0, 0;
    %load/vec4 v000001e58d81aba0_0;
    %assign/vec4 v000001e58d81be60_0, 0;
    %load/vec4 v000001e58d8193e0_0;
    %assign/vec4 v000001e58d818e40_0, 0;
    %load/vec4 v000001e58d8195c0_0;
    %assign/vec4 v000001e58d81a420_0, 0;
    %load/vec4 v000001e58d81a1a0_0;
    %assign/vec4 v000001e58d8189e0_0, 0;
    %load/vec4 v000001e58d81a560_0;
    %assign/vec4 v000001e58d818c60_0, 0;
T_14.1 ;
    %jmp T_14;
    .thread T_14;
    .scope S_000001e58d75ec40;
T_15 ;
    %pushi/vec4 0, 0, 1;
    %store/vec4 v000001e58d8190c0_0, 0, 1;
T_15.0 ;
    %delay 5, 0;
    %load/vec4 v000001e58d8190c0_0;
    %inv;
    %store/vec4 v000001e58d8190c0_0, 0, 1;
    %jmp T_15.0;
    %end;
    .thread T_15;
    .scope S_000001e58d75ec40;
T_16 ;
    %pushi/vec4 1, 0, 1;
    %store/vec4 v000001e58d819340_0, 0, 1;
    %delay 25, 0;
    %pushi/vec4 0, 0, 1;
    %store/vec4 v000001e58d819340_0, 0, 1;
    %vpi_call 3 17 "$display", "=== TB Branch RVC: C.BEQZ, C.BNEZ ===" {0 0 0};
    %end;
    .thread T_16;
    .scope S_000001e58d75ec40;
T_17 ;
    %delay 1000, 0;
    %vpi_call 3 21 "$display", "--- Resultados ---" {0 0 0};
    %vpi_call 3 22 "$display", "x8  = %0d (esperado:  1)", &A<v000001e58d804640, 8> {0 0 0};
    %vpi_call 3 23 "$display", "x9  = %0d (esperado:  0)", &A<v000001e58d804640, 9> {0 0 0};
    %vpi_call 3 24 "$display", "x10 = %0d (esperado:  0)", &A<v000001e58d804640, 10> {0 0 0};
    %vpi_call 3 25 "$display", "x11 = %0d (esperado:  0)", &A<v000001e58d804640, 11> {0 0 0};
    %vpi_call 3 26 "$display", "x12 = %0d (esperado:  1)", &A<v000001e58d804640, 12> {0 0 0};
    %ix/load 4, 8, 0;
    %flag_set/imm 4, 0;
    %load/vec4a v000001e58d804640, 4;
    %cmpi/e 1, 0, 32;
    %flag_get/vec4 6;
    %jmp/0 T_17.5, 6;
    %ix/load 4, 9, 0;
    %flag_set/imm 4, 0;
    %load/vec4a v000001e58d804640, 4;
    %pushi/vec4 0, 0, 32;
    %cmp/e;
    %flag_get/vec4 6;
    %and;
T_17.5;
    %flag_set/vec4 11;
    %flag_get/vec4 11;
    %jmp/0 T_17.4, 11;
    %ix/load 4, 10, 0;
    %flag_set/imm 4, 0;
    %load/vec4a v000001e58d804640, 4;
    %pushi/vec4 0, 0, 32;
    %cmp/e;
    %flag_get/vec4 6;
    %and;
T_17.4;
    %flag_set/vec4 10;
    %flag_get/vec4 10;
    %jmp/0 T_17.3, 10;
    %ix/load 4, 11, 0;
    %flag_set/imm 4, 0;
    %load/vec4a v000001e58d804640, 4;
    %pushi/vec4 0, 0, 32;
    %cmp/e;
    %flag_get/vec4 6;
    %and;
T_17.3;
    %flag_set/vec4 9;
    %flag_get/vec4 9;
    %jmp/0 T_17.2, 9;
    %ix/load 4, 12, 0;
    %flag_set/imm 4, 0;
    %load/vec4a v000001e58d804640, 4;
    %pushi/vec4 1, 0, 32;
    %cmp/e;
    %flag_get/vec4 6;
    %and;
T_17.2;
    %flag_set/vec4 8;
    %jmp/0xz  T_17.0, 8;
    %vpi_call 3 32 "$display", "PASS" {0 0 0};
    %jmp T_17.1;
T_17.0 ;
    %vpi_call 3 34 "$display", "FAIL" {0 0 0};
T_17.1 ;
    %vpi_call 3 35 "$finish" {0 0 0};
    %end;
    .thread T_17;
    .scope S_000001e58d75ec40;
T_18 ;
    %vpi_call 3 38 "$dumpfile", "waveform/tb_test_branch_rvc.vcd" {0 0 0};
    %vpi_call 3 39 "$dumpvars", 32'sb00000000000000000000000000000000, v000001e58d81b320_0 {0 0 0};
    %vpi_call 3 40 "$dumpvars", 32'sb00000000000000000000000000000000, v000001e58d81b0a0_0 {0 0 0};
    %vpi_call 3 41 "$dumpvars", 32'sb00000000000000000000000000000000, v000001e58d81bf00_0 {0 0 0};
    %vpi_call 3 42 "$dumpvars", 32'sb00000000000000000000000000000000, v000001e58d813590_0 {0 0 0};
    %vpi_call 3 43 "$dumpvars", 32'sb00000000000000000000000000000000, v000001e58d81a920_0 {0 0 0};
    %vpi_call 3 44 "$dumpvars", 32'sb00000000000000000000000000000000, v000001e58d803210_0 {0 0 0};
    %vpi_call 3 45 "$dumpvars", 32'sb00000000000000000000000000000000, v000001e58d7fc7f0_0 {0 0 0};
    %end;
    .thread T_18;
# The file index is used to find the file name in the following table.
:file_names 24;
    "N/A";
    "<interactive>";
    "src/mux2.v";
    "tb/tb_test_branch_rvc.v";
    "src/top_pipe.v";
    "src/pipeline.v";
    "src/controller_pipe.v";
    "src/aludec.v";
    "src/maindec.v";
    "src/ex_stage.v";
    "src/alu.v";
    "src/adder.v";
    "src/mux3.v";
    "src/hazard_unit.v";
    "src/id_stage.v";
    "src/extend.v";
    "src/regfile.v";
    "src/if_stage.v";
    "src/decompressor.v";
    "src/imem.v";
    "src/flopr.v";
    "src/mem_stage.v";
    "src/dmem.v";
    "src/wb_stage.v";
