#! /ucrt64/bin/vvp
:ivl_version "12.0 (stable)";
:ivl_delay_selection "TYPICAL";
:vpi_time_precision + 0;
:vpi_module "C:\msys64\ucrt64\lib\ivl\system.vpi";
:vpi_module "C:\msys64\ucrt64\lib\ivl\vhdl_sys.vpi";
:vpi_module "C:\msys64\ucrt64\lib\ivl\vhdl_textio.vpi";
:vpi_module "C:\msys64\ucrt64\lib\ivl\v2005_math.vpi";
:vpi_module "C:\msys64\ucrt64\lib\ivl\va_math.vpi";
S_000001ff61e2e8c0 .scope module, "mux2" "mux2" 2 1;
 .timescale 0 0;
    .port_info 0 /INPUT 8 "d0";
    .port_info 1 /INPUT 8 "d1";
    .port_info 2 /INPUT 1 "s";
    .port_info 3 /OUTPUT 8 "y";
P_000001ff61e84550 .param/l "WIDTH" 0 2 4, +C4<00000000000000000000000000001000>;
o000001ff61ea0108 .functor BUFZ 8, C4<zzzzzzzz>; HiZ drive
v000001ff61e97210_0 .net "d0", 7 0, o000001ff61ea0108;  0 drivers
o000001ff61ea0138 .functor BUFZ 8, C4<zzzzzzzz>; HiZ drive
v000001ff61e97170_0 .net "d1", 7 0, o000001ff61ea0138;  0 drivers
o000001ff61ea0168 .functor BUFZ 1, C4<z>; HiZ drive
v000001ff61e97ad0_0 .net "s", 0 0, o000001ff61ea0168;  0 drivers
v000001ff61e97030_0 .net "y", 7 0, L_000001ff61f0a240;  1 drivers
L_000001ff61f0a240 .functor MUXZ 8, o000001ff61ea0108, o000001ff61ea0138, o000001ff61ea0168, C4<>;
S_000001ff61e2ed60 .scope module, "tb_test_ls_rvc" "tb_test_ls_rvc" 3 1;
 .timescale 0 0;
v000001ff61f0a1a0_0 .var "clk", 0 0;
v000001ff61f0a6a0_0 .var "reset", 0 0;
S_000001ff61e9e7c0 .scope module, "dut" "top_pipe" 3 5, 4 1 0, S_000001ff61e2ed60;
 .timescale 0 0;
    .port_info 0 /INPUT 1 "clk";
    .port_info 1 /INPUT 1 "reset";
P_000001ff61e84dd0 .param/str "INSTR_MEM_FILE" 0 4 2, "mem/test_ls_rvc.mem";
v000001ff61f098e0_0 .net "clk", 0 0, v000001ff61f0a1a0_0;  1 drivers
v000001ff61f0a4c0_0 .net "reset", 0 0, v000001ff61f0a6a0_0;  1 drivers
S_000001ff61e9fa20 .scope module, "pipe" "pipeline" 4 9, 5 1 0, S_000001ff61e9e7c0;
 .timescale 0 0;
    .port_info 0 /INPUT 1 "clk";
    .port_info 1 /INPUT 1 "reset";
P_000001ff61e85090 .param/str "INSTR_MEM_FILE" 0 5 2, "mem/test_ls_rvc.mem";
v000001ff61f0bb40_0 .net "ALUControlD", 3 0, L_000001ff61e2a700;  1 drivers
v000001ff61f0b320_0 .var "ALUControlE", 3 0;
v000001ff61f0b640_0 .net "ALUResultE", 31 0, L_000001ff61d73f10;  1 drivers
v000001ff61f0b500_0 .var "ALUResultM", 31 0;
v000001ff61f0aec0_0 .var "ALUResultW", 31 0;
v000001ff61f0be60_0 .net "ALUSrcD", 0 0, L_000001ff61f569e0;  1 drivers
v000001ff61f0b8c0_0 .var "ALUSrcE", 0 0;
v000001ff61f0ad80_0 .net "BranchD", 0 0, L_000001ff61f55c20;  1 drivers
v000001ff61f0aba0_0 .var "BranchE", 0 0;
v000001ff61f0b5a0_0 .net "FlushD", 0 0, L_000001ff61f5adf0;  1 drivers
v000001ff61f0bdc0_0 .net "FlushE", 0 0, L_000001ff61f5a530;  1 drivers
v000001ff61f0ac40_0 .net "ForwardAE", 1 0, L_000001ff61f56ee0;  1 drivers
v000001ff61f0b780_0 .net "ForwardBE", 1 0, L_000001ff61f57ac0;  1 drivers
v000001ff61f0af60_0 .net "ImmExtD", 31 0, L_000001ff61e2ab60;  1 drivers
v000001ff61f0b960_0 .var "ImmExtE", 31 0;
v000001ff61f0b1e0_0 .net "ImmSrcD", 2 0, L_000001ff61f54c80;  1 drivers
v000001ff61f0ace0_0 .var "InstrD", 31 0;
v000001ff61f0bc80_0 .net "InstrF", 31 0, L_000001ff61f563a0;  1 drivers
v000001ff61f0b0a0_0 .net "JalrD", 0 0, L_000001ff61f559a0;  1 drivers
v000001ff61f0bbe0_0 .var "JalrE", 0 0;
v000001ff61f0bd20_0 .net "JumpD", 0 0, L_000001ff61f55680;  1 drivers
v000001ff61f0c040_0 .var "JumpE", 0 0;
v000001ff61f0ba00_0 .net "MemReadE", 0 0, L_000001ff61f0a420;  1 drivers
v000001ff61f0ae20_0 .net "MemWriteD", 0 0, L_000001ff61f55540;  1 drivers
v000001ff61f0b000_0 .var "MemWriteE", 0 0;
v000001ff61f0c0e0_0 .var "MemWriteM", 0 0;
v000001ff61f0bf00_0 .var "PCD", 31 0;
v000001ff61f0b140_0 .var "PCE", 31 0;
v000001ff61f0b280_0 .net "PCF", 31 0, v000001ff61f07140_0;  1 drivers
v000001ff61f0baa0_0 .net "PCJalrE", 31 0, L_000001ff61f54aa0;  1 drivers
v000001ff61f0b3c0_0 .var "PCPlus4D", 31 0;
v000001ff61f0bfa0_0 .var "PCPlus4E", 31 0;
v000001ff61f0b460_0 .net "PCPlus4F", 31 0, L_000001ff61e2ac40;  1 drivers
v000001ff61f08f80_0 .var "PCPlus4M", 31 0;
v000001ff61f09020_0 .var "PCPlus4W", 31 0;
v000001ff61f09e80_0 .net "PCSrcE", 1 0, L_000001ff61f557c0;  1 drivers
v000001ff61f090c0_0 .net "PCSrcTakenE", 0 0, L_000001ff61f0a920;  1 drivers
v000001ff61f09ca0_0 .net "PCTargetE", 31 0, L_000001ff61f55ea0;  1 drivers
v000001ff61f08c60_0 .net "RD1D", 31 0, L_000001ff61f55900;  1 drivers
v000001ff61f0a380_0 .var "RD1E", 31 0;
v000001ff61f09520_0 .net "RD2D", 31 0, L_000001ff61f56760;  1 drivers
v000001ff61f0a060_0 .var "RD2E", 31 0;
v000001ff61f08ee0_0 .net "RdD", 4 0, L_000001ff61f550e0;  1 drivers
v000001ff61f09c00_0 .var "RdE", 4 0;
v000001ff61f097a0_0 .var "RdM", 4 0;
v000001ff61f09700_0 .var "RdW", 4 0;
v000001ff61f0a2e0_0 .net "ReadDataM", 31 0, L_000001ff61f5ac30;  1 drivers
v000001ff61f08b20_0 .var "ReadDataW", 31 0;
v000001ff61f09160_0 .net "RegWriteD", 0 0, L_000001ff61f55cc0;  1 drivers
v000001ff61f09660_0 .var "RegWriteE", 0 0;
v000001ff61f084e0_0 .var "RegWriteM", 0 0;
v000001ff61f09340_0 .var "RegWriteW", 0 0;
v000001ff61f09d40_0 .net "ResultSrcD", 1 0, L_000001ff61f55860;  1 drivers
v000001ff61f09980_0 .var "ResultSrcE", 1 0;
v000001ff61f09200_0 .var "ResultSrcM", 1 0;
v000001ff61f08e40_0 .var "ResultSrcW", 1 0;
v000001ff61f09fc0_0 .net "ResultW", 31 0, L_000001ff61f55e00;  1 drivers
v000001ff61f09de0_0 .net "Rs1D", 4 0, L_000001ff61f56800;  1 drivers
v000001ff61f09b60_0 .var "Rs1E", 4 0;
v000001ff61f0a740_0 .net "Rs2D", 4 0, L_000001ff61f54a00;  1 drivers
v000001ff61f092a0_0 .var "Rs2E", 4 0;
v000001ff61f0a880_0 .net "StallD", 0 0, L_000001ff61f5ad10;  1 drivers
v000001ff61f0a100_0 .net "StallF", 0 0, L_000001ff61f5a3e0;  1 drivers
v000001ff61f09f20_0 .net "WriteDataE", 31 0, L_000001ff61dd0520;  1 drivers
v000001ff61f08bc0_0 .var "WriteDataM", 31 0;
L_000001ff61f0c218 .functor BUFT 1, C4<00>, C4<0>, C4<0>, C4<0>;
v000001ff61f09840_0 .net/2u *"_ivl_2", 1 0, L_000001ff61f0c218;  1 drivers
v000001ff61f08580_0 .net "clk", 0 0, v000001ff61f0a1a0_0;  alias, 1 drivers
v000001ff61f083a0_0 .net "funct3D", 2 0, L_000001ff61f545a0;  1 drivers
v000001ff61f08440_0 .var "funct3E", 2 0;
v000001ff61f08d00_0 .net "funct7b5D", 0 0, L_000001ff61f54460;  1 drivers
v000001ff61f0a7e0_0 .net "opD", 6 0, L_000001ff61f55ae0;  1 drivers
v000001ff61f09ac0_0 .net "reset", 0 0, v000001ff61f0a6a0_0;  alias, 1 drivers
L_000001ff61f0a420 .part v000001ff61f09980_0, 0, 1;
L_000001ff61f0a920 .cmp/ne 2, L_000001ff61f557c0, L_000001ff61f0c218;
S_000001ff61e9fbb0 .scope module, "ctrl" "controller_pipe" 5 65, 6 1 0, S_000001ff61e9fa20;
 .timescale 0 0;
    .port_info 0 /INPUT 7 "opD";
    .port_info 1 /INPUT 3 "funct3D";
    .port_info 2 /INPUT 1 "funct7b5D";
    .port_info 3 /OUTPUT 2 "ResultSrcD";
    .port_info 4 /OUTPUT 1 "MemWriteD";
    .port_info 5 /OUTPUT 1 "ALUSrcD";
    .port_info 6 /OUTPUT 1 "RegWriteD";
    .port_info 7 /OUTPUT 1 "JumpD";
    .port_info 8 /OUTPUT 1 "JalrD";
    .port_info 9 /OUTPUT 1 "BranchD";
    .port_info 10 /OUTPUT 3 "ImmSrcD";
    .port_info 11 /OUTPUT 4 "ALUControlD";
v000001ff61e96810_0 .net "ALUControlD", 3 0, L_000001ff61e2a700;  alias, 1 drivers
v000001ff61e97f30_0 .net "ALUOp", 1 0, L_000001ff61f54960;  1 drivers
v000001ff61e96d10_0 .net "ALUSrcD", 0 0, L_000001ff61f569e0;  alias, 1 drivers
v000001ff61e97670_0 .net "BranchD", 0 0, L_000001ff61f55c20;  alias, 1 drivers
v000001ff61e97490_0 .net "ImmSrcD", 2 0, L_000001ff61f54c80;  alias, 1 drivers
v000001ff61e969f0_0 .net "JalrD", 0 0, L_000001ff61f559a0;  alias, 1 drivers
v000001ff61e96130_0 .net "JumpD", 0 0, L_000001ff61f55680;  alias, 1 drivers
v000001ff61e96db0_0 .net "MemWriteD", 0 0, L_000001ff61f55540;  alias, 1 drivers
v000001ff61e961d0_0 .net "RegWriteD", 0 0, L_000001ff61f55cc0;  alias, 1 drivers
v000001ff61e975d0_0 .net "ResultSrcD", 1 0, L_000001ff61f55860;  alias, 1 drivers
v000001ff61e97710_0 .net "funct3D", 2 0, L_000001ff61f545a0;  alias, 1 drivers
v000001ff61e978f0_0 .net "funct7b5D", 0 0, L_000001ff61f54460;  alias, 1 drivers
v000001ff61e970d0_0 .net "opD", 6 0, L_000001ff61f55ae0;  alias, 1 drivers
L_000001ff61f54640 .part L_000001ff61f55ae0, 5, 1;
S_000001ff61d9d300 .scope module, "ad" "aludec" 6 28, 7 1 0, S_000001ff61e9fbb0;
 .timescale 0 0;
    .port_info 0 /INPUT 1 "opb5";
    .port_info 1 /INPUT 3 "funct3";
    .port_info 2 /INPUT 1 "funct7b5";
    .port_info 3 /INPUT 2 "ALUOp";
    .port_info 4 /OUTPUT 4 "ALUControl";
L_000001ff61e2ae70 .functor AND 1, L_000001ff61f54460, L_000001ff61f54640, C4<1>, C4<1>;
L_000001ff61e2a700 .functor BUFZ 4, v000001ff61e972b0_0, C4<0000>, C4<0000>, C4<0000>;
v000001ff61e96f90_0 .net "ALUControl", 3 0, L_000001ff61e2a700;  alias, 1 drivers
v000001ff61e972b0_0 .var "ALUControl_reg", 3 0;
v000001ff61e97cb0_0 .net "ALUOp", 1 0, L_000001ff61f54960;  alias, 1 drivers
v000001ff61e96bd0_0 .net "RtypeSub", 0 0, L_000001ff61e2ae70;  1 drivers
v000001ff61e973f0_0 .net "funct3", 2 0, L_000001ff61f545a0;  alias, 1 drivers
v000001ff61e97530_0 .net "funct7b5", 0 0, L_000001ff61f54460;  alias, 1 drivers
v000001ff61e97df0_0 .net "opb5", 0 0, L_000001ff61f54640;  1 drivers
E_000001ff61e84650 .event anyedge, v000001ff61e97cb0_0, v000001ff61e973f0_0, v000001ff61e96bd0_0, v000001ff61e97530_0;
S_000001ff61d9d490 .scope module, "md" "maindec" 6 16, 8 1 0, S_000001ff61e9fbb0;
 .timescale 0 0;
    .port_info 0 /INPUT 7 "op";
    .port_info 1 /OUTPUT 1 "RegWrite";
    .port_info 2 /OUTPUT 3 "ImmSrc";
    .port_info 3 /OUTPUT 1 "ALUSrc";
    .port_info 4 /OUTPUT 1 "MemWrite";
    .port_info 5 /OUTPUT 2 "ResultSrc";
    .port_info 6 /OUTPUT 1 "Branch";
    .port_info 7 /OUTPUT 2 "ALUOp";
    .port_info 8 /OUTPUT 1 "Jump";
    .port_info 9 /OUTPUT 1 "Jalr";
v000001ff61e96a90_0 .net "ALUOp", 1 0, L_000001ff61f54960;  alias, 1 drivers
v000001ff61e96e50_0 .net "ALUSrc", 0 0, L_000001ff61f569e0;  alias, 1 drivers
v000001ff61e96630_0 .net "Branch", 0 0, L_000001ff61f55c20;  alias, 1 drivers
v000001ff61e97b70_0 .net "ImmSrc", 2 0, L_000001ff61f54c80;  alias, 1 drivers
v000001ff61e96310_0 .net "Jalr", 0 0, L_000001ff61f559a0;  alias, 1 drivers
v000001ff61e97fd0_0 .net "Jump", 0 0, L_000001ff61f55680;  alias, 1 drivers
v000001ff61e96450_0 .net "MemWrite", 0 0, L_000001ff61f55540;  alias, 1 drivers
v000001ff61e97e90_0 .net "RegWrite", 0 0, L_000001ff61f55cc0;  alias, 1 drivers
v000001ff61e96770_0 .net "ResultSrc", 1 0, L_000001ff61f55860;  alias, 1 drivers
v000001ff61e964f0_0 .net *"_ivl_11", 12 0, v000001ff61e96c70_0;  1 drivers
v000001ff61e96c70_0 .var "controls", 12 0;
v000001ff61e96950_0 .net "op", 6 0, L_000001ff61f55ae0;  alias, 1 drivers
E_000001ff61e84a10 .event anyedge, v000001ff61e96950_0;
L_000001ff61f55cc0 .part v000001ff61e96c70_0, 12, 1;
L_000001ff61f54c80 .part v000001ff61e96c70_0, 9, 3;
L_000001ff61f569e0 .part v000001ff61e96c70_0, 8, 1;
L_000001ff61f55540 .part v000001ff61e96c70_0, 7, 1;
L_000001ff61f55860 .part v000001ff61e96c70_0, 5, 2;
L_000001ff61f55c20 .part v000001ff61e96c70_0, 4, 1;
L_000001ff61f54960 .part v000001ff61e96c70_0, 2, 2;
L_000001ff61f55680 .part v000001ff61e96c70_0, 1, 1;
L_000001ff61f559a0 .part v000001ff61e96c70_0, 0, 1;
S_000001ff61e79740 .scope module, "exs" "ex_stage" 5 84, 9 1 0, S_000001ff61e9fa20;
 .timescale 0 0;
    .port_info 0 /INPUT 32 "RD1E";
    .port_info 1 /INPUT 32 "RD2E";
    .port_info 2 /INPUT 32 "ImmExtE";
    .port_info 3 /INPUT 32 "PCE";
    .port_info 4 /INPUT 32 "PCPlus4E";
    .port_info 5 /INPUT 5 "RdE";
    .port_info 6 /INPUT 4 "ALUControlE";
    .port_info 7 /INPUT 1 "ALUSrcE";
    .port_info 8 /INPUT 1 "BranchE";
    .port_info 9 /INPUT 1 "JumpE";
    .port_info 10 /INPUT 1 "JalrE";
    .port_info 11 /INPUT 3 "funct3E";
    .port_info 12 /INPUT 2 "ForwardAE";
    .port_info 13 /INPUT 2 "ForwardBE";
    .port_info 14 /INPUT 32 "ALUResultM";
    .port_info 15 /INPUT 32 "ResultW";
    .port_info 16 /OUTPUT 32 "ALUResultE";
    .port_info 17 /OUTPUT 32 "WriteDataE";
    .port_info 18 /OUTPUT 32 "PCTargetE";
    .port_info 19 /OUTPUT 32 "PCJalrE";
    .port_info 20 /OUTPUT 2 "PCSrcE";
L_000001ff61dd0520 .functor BUFZ 32, L_000001ff61f54820, C4<00000000000000000000000000000000>, C4<00000000000000000000000000000000>, C4<00000000000000000000000000000000>;
L_000001ff61f5aca0 .functor AND 1, v000001ff61f0aba0_0, v000001ff61ef6780_0, C4<1>, C4<1>;
L_000001ff61f5aed0 .functor OR 1, L_000001ff61f5aca0, v000001ff61f0c040_0, C4<0>, C4<0>;
v000001ff61eec570_0 .net "ALUControlE", 3 0, v000001ff61f0b320_0;  1 drivers
v000001ff61eed970_0 .net "ALUResultE", 31 0, L_000001ff61d73f10;  alias, 1 drivers
v000001ff61eecf70_0 .net "ALUResultM", 31 0, v000001ff61f0b500_0;  1 drivers
v000001ff61eed010_0 .net "ALUSrcE", 0 0, v000001ff61f0b8c0_0;  1 drivers
v000001ff61eed150_0 .net "BranchE", 0 0, v000001ff61f0aba0_0;  1 drivers
v000001ff61eed8d0_0 .net "ForwardAE", 1 0, L_000001ff61f56ee0;  alias, 1 drivers
v000001ff61eed290_0 .net "ForwardBE", 1 0, L_000001ff61f57ac0;  alias, 1 drivers
v000001ff61eed510_0 .net "ImmExtE", 31 0, v000001ff61f0b960_0;  1 drivers
v000001ff61eec750_0 .net "JalrE", 0 0, v000001ff61f0bbe0_0;  1 drivers
v000001ff61eec6b0_0 .net "JumpE", 0 0, v000001ff61f0c040_0;  1 drivers
v000001ff61eeda10_0 .net "PCE", 31 0, v000001ff61f0b140_0;  1 drivers
v000001ff61eec7f0_0 .net "PCJalrE", 31 0, L_000001ff61f54aa0;  alias, 1 drivers
v000001ff61eec4d0_0 .net "PCPlus4E", 31 0, v000001ff61f0bfa0_0;  1 drivers
v000001ff61eede70_0 .net "PCSrcE", 1 0, L_000001ff61f557c0;  alias, 1 drivers
v000001ff61eec890_0 .net "PCTargetE", 31 0, L_000001ff61f55ea0;  alias, 1 drivers
v000001ff61eed830_0 .net "RD1E", 31 0, v000001ff61f0a380_0;  1 drivers
v000001ff61eec930_0 .net "RD2E", 31 0, v000001ff61f0a060_0;  1 drivers
v000001ff61eedfb0_0 .net "RdE", 4 0, v000001ff61f09c00_0;  1 drivers
v000001ff61eec9d0_0 .net "ResultW", 31 0, L_000001ff61f55e00;  alias, 1 drivers
v000001ff61eed330_0 .net "SrcAE", 31 0, L_000001ff61f546e0;  1 drivers
v000001ff61eed5b0_0 .net "SrcBE", 31 0, L_000001ff61f54820;  1 drivers
v000001ff61eeca70_0 .net "SrcBE_alu", 31 0, L_000001ff61f55d60;  1 drivers
v000001ff61eed3d0_0 .net "WriteDataE", 31 0, L_000001ff61dd0520;  alias, 1 drivers
L_000001ff61f0c7b8 .functor BUFT 1, C4<10>, C4<0>, C4<0>, C4<0>;
v000001ff61eed470_0 .net/2u *"_ivl_16", 1 0, L_000001ff61f0c7b8;  1 drivers
v000001ff61eed650_0 .net *"_ivl_18", 0 0, L_000001ff61f5aed0;  1 drivers
L_000001ff61f0c800 .functor BUFT 1, C4<01>, C4<0>, C4<0>, C4<0>;
v000001ff61eed6f0_0 .net/2u *"_ivl_20", 1 0, L_000001ff61f0c800;  1 drivers
L_000001ff61f0c848 .functor BUFT 1, C4<00>, C4<0>, C4<0>, C4<0>;
v000001ff61eed790_0 .net/2u *"_ivl_22", 1 0, L_000001ff61f0c848;  1 drivers
v000001ff61eedab0_0 .net *"_ivl_24", 1 0, L_000001ff61f55720;  1 drivers
v000001ff61ef7b80_0 .net *"_ivl_5", 30 0, L_000001ff61f54dc0;  1 drivers
L_000001ff61f0c770 .functor BUFT 1, C4<0>, C4<0>, C4<0>, C4<0>;
v000001ff61ef7a40_0 .net/2u *"_ivl_6", 0 0, L_000001ff61f0c770;  1 drivers
v000001ff61ef6780_0 .var "branchCond", 0 0;
v000001ff61ef7e00_0 .net "branchTakenE", 0 0, L_000001ff61f5aca0;  1 drivers
v000001ff61ef6820_0 .net "eqE", 0 0, L_000001ff61f56260;  1 drivers
v000001ff61ef6be0_0 .net "funct3E", 2 0, v000001ff61f08440_0;  1 drivers
v000001ff61ef75e0_0 .net "ltE", 0 0, L_000001ff61f54b40;  1 drivers
E_000001ff61e85710 .event anyedge, v000001ff61ef6be0_0, v000001ff61ef6820_0, v000001ff61ef75e0_0;
L_000001ff61f55d60 .functor MUXZ 32, L_000001ff61f54820, v000001ff61f0b960_0, v000001ff61f0b8c0_0, C4<>;
L_000001ff61f54dc0 .part L_000001ff61d73f10, 1, 31;
L_000001ff61f54aa0 .concat [ 1 31 0 0], L_000001ff61f0c770, L_000001ff61f54dc0;
L_000001ff61f56260 .cmp/eq 32, L_000001ff61f546e0, L_000001ff61f54820;
L_000001ff61f54b40 .cmp/gt.s 32, L_000001ff61f54820, L_000001ff61f546e0;
L_000001ff61f55720 .functor MUXZ 2, L_000001ff61f0c848, L_000001ff61f0c800, L_000001ff61f5aed0, C4<>;
L_000001ff61f557c0 .functor MUXZ 2, L_000001ff61f55720, L_000001ff61f0c7b8, v000001ff61f0bbe0_0, C4<>;
S_000001ff61e798d0 .scope module, "alu_inst" "alu" 9 29, 10 1 0, S_000001ff61e79740;
 .timescale 0 0;
    .port_info 0 /INPUT 32 "a";
    .port_info 1 /INPUT 32 "b";
    .port_info 2 /INPUT 4 "alucontrol";
    .port_info 3 /OUTPUT 32 "result";
    .port_info 4 /OUTPUT 1 "zero";
L_000001ff61d73f10 .functor BUFZ 32, v000001ff61eed1f0_0, C4<00000000000000000000000000000000>, C4<00000000000000000000000000000000>, C4<00000000000000000000000000000000>;
L_000001ff61f0c728 .functor BUFT 1, C4<00000000000000000000000000000000>, C4<0>, C4<0>, C4<0>;
v000001ff61e96ef0_0 .net/2u *"_ivl_2", 31 0, L_000001ff61f0c728;  1 drivers
v000001ff61e977b0_0 .net "a", 31 0, L_000001ff61f546e0;  alias, 1 drivers
v000001ff61e97850_0 .net "alucontrol", 3 0, v000001ff61f0b320_0;  alias, 1 drivers
v000001ff61e97990_0 .net "b", 31 0, L_000001ff61f55d60;  alias, 1 drivers
v000001ff61eec1b0_0 .net "result", 31 0, L_000001ff61d73f10;  alias, 1 drivers
v000001ff61eed1f0_0 .var "result_reg", 31 0;
v000001ff61eec250_0 .net "zero", 0 0, L_000001ff61f548c0;  1 drivers
E_000001ff61e85750 .event anyedge, v000001ff61e97850_0, v000001ff61e977b0_0, v000001ff61e97990_0;
L_000001ff61f548c0 .cmp/eq 32, v000001ff61eed1f0_0, L_000001ff61f0c728;
S_000001ff61d846b0 .scope module, "branch_adder" "adder" 9 36, 11 1 0, S_000001ff61e79740;
 .timescale 0 0;
    .port_info 0 /INPUT 32 "a";
    .port_info 1 /INPUT 32 "b";
    .port_info 2 /OUTPUT 32 "y";
v000001ff61eedb50_0 .net "a", 31 0, v000001ff61f0b140_0;  alias, 1 drivers
v000001ff61eec2f0_0 .net "b", 31 0, v000001ff61f0b960_0;  alias, 1 drivers
v000001ff61eeced0_0 .net "y", 31 0, L_000001ff61f55ea0;  alias, 1 drivers
L_000001ff61f55ea0 .arith/sum 32, v000001ff61f0b140_0, v000001ff61f0b960_0;
S_000001ff61d84840 .scope module, "fwdA_mux" "mux3" 9 25, 12 1 0, S_000001ff61e79740;
 .timescale 0 0;
    .port_info 0 /INPUT 32 "d0";
    .port_info 1 /INPUT 32 "d1";
    .port_info 2 /INPUT 32 "d2";
    .port_info 3 /INPUT 2 "s";
    .port_info 4 /OUTPUT 32 "y";
P_000001ff61e860d0 .param/l "WIDTH" 0 12 4, +C4<00000000000000000000000000100000>;
v000001ff61eedbf0_0 .net *"_ivl_1", 0 0, L_000001ff61f555e0;  1 drivers
v000001ff61eedd30_0 .net *"_ivl_3", 0 0, L_000001ff61f54280;  1 drivers
v000001ff61eec390_0 .net *"_ivl_4", 31 0, L_000001ff61f54e60;  1 drivers
v000001ff61eed0b0_0 .net "d0", 31 0, v000001ff61f0a380_0;  alias, 1 drivers
v000001ff61eecc50_0 .net "d1", 31 0, L_000001ff61f55e00;  alias, 1 drivers
v000001ff61eec610_0 .net "d2", 31 0, v000001ff61f0b500_0;  alias, 1 drivers
v000001ff61eee050_0 .net "s", 1 0, L_000001ff61f56ee0;  alias, 1 drivers
v000001ff61eece30_0 .net "y", 31 0, L_000001ff61f546e0;  alias, 1 drivers
L_000001ff61f555e0 .part L_000001ff61f56ee0, 1, 1;
L_000001ff61f54280 .part L_000001ff61f56ee0, 0, 1;
L_000001ff61f54e60 .functor MUXZ 32, v000001ff61f0a380_0, L_000001ff61f55e00, L_000001ff61f54280, C4<>;
L_000001ff61f546e0 .functor MUXZ 32, L_000001ff61f54e60, v000001ff61f0b500_0, L_000001ff61f555e0, C4<>;
S_000001ff61d9ee30 .scope module, "fwdB_mux" "mux3" 9 26, 12 1 0, S_000001ff61e79740;
 .timescale 0 0;
    .port_info 0 /INPUT 32 "d0";
    .port_info 1 /INPUT 32 "d1";
    .port_info 2 /INPUT 32 "d2";
    .port_info 3 /INPUT 2 "s";
    .port_info 4 /OUTPUT 32 "y";
P_000001ff61e853d0 .param/l "WIDTH" 0 12 4, +C4<00000000000000000000000000100000>;
v000001ff61eecd90_0 .net *"_ivl_1", 0 0, L_000001ff61f54be0;  1 drivers
v000001ff61eedf10_0 .net *"_ivl_3", 0 0, L_000001ff61f54780;  1 drivers
v000001ff61eecbb0_0 .net *"_ivl_4", 31 0, L_000001ff61f54320;  1 drivers
v000001ff61eeccf0_0 .net "d0", 31 0, v000001ff61f0a060_0;  alias, 1 drivers
v000001ff61eecb10_0 .net "d1", 31 0, L_000001ff61f55e00;  alias, 1 drivers
v000001ff61eeddd0_0 .net "d2", 31 0, v000001ff61f0b500_0;  alias, 1 drivers
v000001ff61eec430_0 .net "s", 1 0, L_000001ff61f57ac0;  alias, 1 drivers
v000001ff61eedc90_0 .net "y", 31 0, L_000001ff61f54820;  alias, 1 drivers
L_000001ff61f54be0 .part L_000001ff61f57ac0, 1, 1;
L_000001ff61f54780 .part L_000001ff61f57ac0, 0, 1;
L_000001ff61f54320 .functor MUXZ 32, v000001ff61f0a060_0, L_000001ff61f55e00, L_000001ff61f54780, C4<>;
L_000001ff61f54820 .functor MUXZ 32, L_000001ff61f54320, v000001ff61f0b500_0, L_000001ff61f54be0, C4<>;
S_000001ff61d62de0 .scope module, "hu" "hazard_unit" 5 119, 13 1 0, S_000001ff61e9fa20;
 .timescale 0 0;
    .port_info 0 /INPUT 5 "Rs1D";
    .port_info 1 /INPUT 5 "Rs2D";
    .port_info 2 /INPUT 5 "Rs1E";
    .port_info 3 /INPUT 5 "Rs2E";
    .port_info 4 /INPUT 5 "RdE";
    .port_info 5 /INPUT 5 "RdM";
    .port_info 6 /INPUT 5 "RdW";
    .port_info 7 /INPUT 1 "RegWriteM";
    .port_info 8 /INPUT 1 "RegWriteW";
    .port_info 9 /INPUT 1 "MemReadE";
    .port_info 10 /INPUT 1 "PCSrcTakenE";
    .port_info 11 /OUTPUT 1 "StallF";
    .port_info 12 /OUTPUT 1 "StallD";
    .port_info 13 /OUTPUT 1 "FlushD";
    .port_info 14 /OUTPUT 1 "FlushE";
    .port_info 15 /OUTPUT 2 "ForwardAE";
    .port_info 16 /OUTPUT 2 "ForwardBE";
L_000001ff61f5af40 .functor AND 1, L_000001ff61f55400, L_000001ff61f55f40, C4<1>, C4<1>;
L_000001ff61f5b100 .functor AND 1, L_000001ff61f5af40, v000001ff61f084e0_0, C4<1>, C4<1>;
L_000001ff61f5ab50 .functor AND 1, L_000001ff61f561c0, L_000001ff61f573e0, C4<1>, C4<1>;
L_000001ff61f5b170 .functor AND 1, L_000001ff61f5ab50, v000001ff61f09340_0, C4<1>, C4<1>;
L_000001ff61f5b090 .functor AND 1, L_000001ff61f577a0, L_000001ff61f57020, C4<1>, C4<1>;
L_000001ff61f5a8b0 .functor AND 1, L_000001ff61f5b090, v000001ff61f084e0_0, C4<1>, C4<1>;
L_000001ff61f5a290 .functor AND 1, L_000001ff61f57520, L_000001ff61f57c00, C4<1>, C4<1>;
L_000001ff61f5a7d0 .functor AND 1, L_000001ff61f5a290, v000001ff61f09340_0, C4<1>, C4<1>;
L_000001ff61f5ad80 .functor AND 1, L_000001ff61f0a420, L_000001ff61f57de0, C4<1>, C4<1>;
L_000001ff61f5a990 .functor OR 1, L_000001ff61f57fc0, L_000001ff61f58060, C4<0>, C4<0>;
L_000001ff61f5afb0 .functor AND 1, L_000001ff61f5ad80, L_000001ff61f5a990, C4<1>, C4<1>;
L_000001ff61f5a3e0 .functor BUFZ 1, L_000001ff61f5afb0, C4<0>, C4<0>, C4<0>;
L_000001ff61f5ad10 .functor BUFZ 1, L_000001ff61f5afb0, C4<0>, C4<0>, C4<0>;
L_000001ff61f5adf0 .functor BUFZ 1, L_000001ff61f0a920, C4<0>, C4<0>, C4<0>;
L_000001ff61f5a530 .functor OR 1, L_000001ff61f5afb0, L_000001ff61f0a920, C4<0>, C4<0>;
v000001ff61ef6320_0 .net "FlushD", 0 0, L_000001ff61f5adf0;  alias, 1 drivers
v000001ff61ef8080_0 .net "FlushE", 0 0, L_000001ff61f5a530;  alias, 1 drivers
v000001ff61ef6f00_0 .net "ForwardAE", 1 0, L_000001ff61f56ee0;  alias, 1 drivers
v000001ff61ef7f40_0 .net "ForwardBE", 1 0, L_000001ff61f57ac0;  alias, 1 drivers
v000001ff61ef63c0_0 .net "MemReadE", 0 0, L_000001ff61f0a420;  alias, 1 drivers
v000001ff61ef6c80_0 .net "PCSrcTakenE", 0 0, L_000001ff61f0a920;  alias, 1 drivers
v000001ff61ef68c0_0 .net "RdE", 4 0, v000001ff61f09c00_0;  alias, 1 drivers
v000001ff61ef7c20_0 .net "RdM", 4 0, v000001ff61f097a0_0;  1 drivers
v000001ff61ef7680_0 .net "RdW", 4 0, v000001ff61f09700_0;  1 drivers
v000001ff61ef7720_0 .net "RegWriteM", 0 0, v000001ff61f084e0_0;  1 drivers
v000001ff61ef7ea0_0 .net "RegWriteW", 0 0, v000001ff61f09340_0;  1 drivers
v000001ff61ef74a0_0 .net "Rs1D", 4 0, L_000001ff61f56800;  alias, 1 drivers
v000001ff61ef6aa0_0 .net "Rs1E", 4 0, v000001ff61f09b60_0;  1 drivers
v000001ff61ef7cc0_0 .net "Rs2D", 4 0, L_000001ff61f54a00;  alias, 1 drivers
v000001ff61ef7540_0 .net "Rs2E", 4 0, v000001ff61f092a0_0;  1 drivers
v000001ff61ef7900_0 .net "StallD", 0 0, L_000001ff61f5ad10;  alias, 1 drivers
v000001ff61ef7fe0_0 .net "StallF", 0 0, L_000001ff61f5a3e0;  alias, 1 drivers
v000001ff61ef6460_0 .net *"_ivl_0", 31 0, L_000001ff61f55220;  1 drivers
v000001ff61ef6960_0 .net *"_ivl_11", 0 0, L_000001ff61f5af40;  1 drivers
v000001ff61ef7ae0_0 .net *"_ivl_13", 0 0, L_000001ff61f5b100;  1 drivers
L_000001ff61f0c920 .functor BUFT 1, C4<10>, C4<0>, C4<0>, C4<0>;
v000001ff61ef7d60_0 .net/2u *"_ivl_14", 1 0, L_000001ff61f0c920;  1 drivers
v000001ff61ef7040_0 .net *"_ivl_16", 31 0, L_000001ff61f56080;  1 drivers
L_000001ff61f0c968 .functor BUFT 1, C4<000000000000000000000000000>, C4<0>, C4<0>, C4<0>;
v000001ff61ef61e0_0 .net *"_ivl_19", 26 0, L_000001ff61f0c968;  1 drivers
L_000001ff61f0c9b0 .functor BUFT 1, C4<00000000000000000000000000000000>, C4<0>, C4<0>, C4<0>;
v000001ff61ef6280_0 .net/2u *"_ivl_20", 31 0, L_000001ff61f0c9b0;  1 drivers
v000001ff61ef6500_0 .net *"_ivl_22", 0 0, L_000001ff61f561c0;  1 drivers
v000001ff61ef77c0_0 .net *"_ivl_24", 0 0, L_000001ff61f573e0;  1 drivers
v000001ff61ef7860_0 .net *"_ivl_27", 0 0, L_000001ff61f5ab50;  1 drivers
v000001ff61ef79a0_0 .net *"_ivl_29", 0 0, L_000001ff61f5b170;  1 drivers
L_000001ff61f0c890 .functor BUFT 1, C4<000000000000000000000000000>, C4<0>, C4<0>, C4<0>;
v000001ff61ef6d20_0 .net *"_ivl_3", 26 0, L_000001ff61f0c890;  1 drivers
L_000001ff61f0c9f8 .functor BUFT 1, C4<01>, C4<0>, C4<0>, C4<0>;
v000001ff61ef65a0_0 .net/2u *"_ivl_30", 1 0, L_000001ff61f0c9f8;  1 drivers
L_000001ff61f0ca40 .functor BUFT 1, C4<00>, C4<0>, C4<0>, C4<0>;
v000001ff61ef6640_0 .net/2u *"_ivl_32", 1 0, L_000001ff61f0ca40;  1 drivers
v000001ff61ef66e0_0 .net *"_ivl_34", 1 0, L_000001ff61f57480;  1 drivers
v000001ff61ef6a00_0 .net *"_ivl_38", 31 0, L_000001ff61f57160;  1 drivers
L_000001ff61f0c8d8 .functor BUFT 1, C4<00000000000000000000000000000000>, C4<0>, C4<0>, C4<0>;
v000001ff61ef70e0_0 .net/2u *"_ivl_4", 31 0, L_000001ff61f0c8d8;  1 drivers
L_000001ff61f0ca88 .functor BUFT 1, C4<000000000000000000000000000>, C4<0>, C4<0>, C4<0>;
v000001ff61ef6b40_0 .net *"_ivl_41", 26 0, L_000001ff61f0ca88;  1 drivers
L_000001ff61f0cad0 .functor BUFT 1, C4<00000000000000000000000000000000>, C4<0>, C4<0>, C4<0>;
v000001ff61ef6dc0_0 .net/2u *"_ivl_42", 31 0, L_000001ff61f0cad0;  1 drivers
v000001ff61ef6e60_0 .net *"_ivl_44", 0 0, L_000001ff61f577a0;  1 drivers
v000001ff61ef6fa0_0 .net *"_ivl_46", 0 0, L_000001ff61f57020;  1 drivers
v000001ff61ef7180_0 .net *"_ivl_49", 0 0, L_000001ff61f5b090;  1 drivers
v000001ff61ef72c0_0 .net *"_ivl_51", 0 0, L_000001ff61f5a8b0;  1 drivers
L_000001ff61f0cb18 .functor BUFT 1, C4<10>, C4<0>, C4<0>, C4<0>;
v000001ff61ef7220_0 .net/2u *"_ivl_52", 1 0, L_000001ff61f0cb18;  1 drivers
v000001ff61ef7360_0 .net *"_ivl_54", 31 0, L_000001ff61f57d40;  1 drivers
L_000001ff61f0cb60 .functor BUFT 1, C4<000000000000000000000000000>, C4<0>, C4<0>, C4<0>;
v000001ff61ef7400_0 .net *"_ivl_57", 26 0, L_000001ff61f0cb60;  1 drivers
L_000001ff61f0cba8 .functor BUFT 1, C4<00000000000000000000000000000000>, C4<0>, C4<0>, C4<0>;
v000001ff61ef92d0_0 .net/2u *"_ivl_58", 31 0, L_000001ff61f0cba8;  1 drivers
v000001ff61ef8650_0 .net *"_ivl_6", 0 0, L_000001ff61f55400;  1 drivers
v000001ff61ef8fb0_0 .net *"_ivl_60", 0 0, L_000001ff61f57520;  1 drivers
v000001ff61ef9af0_0 .net *"_ivl_62", 0 0, L_000001ff61f57c00;  1 drivers
v000001ff61ef9370_0 .net *"_ivl_65", 0 0, L_000001ff61f5a290;  1 drivers
v000001ff61ef8470_0 .net *"_ivl_67", 0 0, L_000001ff61f5a7d0;  1 drivers
L_000001ff61f0cbf0 .functor BUFT 1, C4<01>, C4<0>, C4<0>, C4<0>;
v000001ff61efa090_0 .net/2u *"_ivl_68", 1 0, L_000001ff61f0cbf0;  1 drivers
L_000001ff61f0cc38 .functor BUFT 1, C4<00>, C4<0>, C4<0>, C4<0>;
v000001ff61ef8f10_0 .net/2u *"_ivl_70", 1 0, L_000001ff61f0cc38;  1 drivers
v000001ff61ef8790_0 .net *"_ivl_72", 1 0, L_000001ff61f57f20;  1 drivers
v000001ff61ef9050_0 .net *"_ivl_76", 31 0, L_000001ff61f57840;  1 drivers
L_000001ff61f0cc80 .functor BUFT 1, C4<000000000000000000000000000>, C4<0>, C4<0>, C4<0>;
v000001ff61ef86f0_0 .net *"_ivl_79", 26 0, L_000001ff61f0cc80;  1 drivers
v000001ff61ef8830_0 .net *"_ivl_8", 0 0, L_000001ff61f55f40;  1 drivers
L_000001ff61f0ccc8 .functor BUFT 1, C4<00000000000000000000000000000000>, C4<0>, C4<0>, C4<0>;
v000001ff61ef88d0_0 .net/2u *"_ivl_80", 31 0, L_000001ff61f0ccc8;  1 drivers
v000001ff61ef8290_0 .net *"_ivl_82", 0 0, L_000001ff61f57de0;  1 drivers
v000001ff61ef9a50_0 .net *"_ivl_85", 0 0, L_000001ff61f5ad80;  1 drivers
v000001ff61ef8ab0_0 .net *"_ivl_86", 0 0, L_000001ff61f57fc0;  1 drivers
v000001ff61ef9410_0 .net *"_ivl_88", 0 0, L_000001ff61f58060;  1 drivers
v000001ff61ef8970_0 .net *"_ivl_91", 0 0, L_000001ff61f5a990;  1 drivers
v000001ff61ef8a10_0 .net "lwStall", 0 0, L_000001ff61f5afb0;  1 drivers
L_000001ff61f55220 .concat [ 5 27 0 0], v000001ff61f09b60_0, L_000001ff61f0c890;
L_000001ff61f55400 .cmp/ne 32, L_000001ff61f55220, L_000001ff61f0c8d8;
L_000001ff61f55f40 .cmp/eq 5, v000001ff61f09b60_0, v000001ff61f097a0_0;
L_000001ff61f56080 .concat [ 5 27 0 0], v000001ff61f09b60_0, L_000001ff61f0c968;
L_000001ff61f561c0 .cmp/ne 32, L_000001ff61f56080, L_000001ff61f0c9b0;
L_000001ff61f573e0 .cmp/eq 5, v000001ff61f09b60_0, v000001ff61f09700_0;
L_000001ff61f57480 .functor MUXZ 2, L_000001ff61f0ca40, L_000001ff61f0c9f8, L_000001ff61f5b170, C4<>;
L_000001ff61f56ee0 .functor MUXZ 2, L_000001ff61f57480, L_000001ff61f0c920, L_000001ff61f5b100, C4<>;
L_000001ff61f57160 .concat [ 5 27 0 0], v000001ff61f092a0_0, L_000001ff61f0ca88;
L_000001ff61f577a0 .cmp/ne 32, L_000001ff61f57160, L_000001ff61f0cad0;
L_000001ff61f57020 .cmp/eq 5, v000001ff61f092a0_0, v000001ff61f097a0_0;
L_000001ff61f57d40 .concat [ 5 27 0 0], v000001ff61f092a0_0, L_000001ff61f0cb60;
L_000001ff61f57520 .cmp/ne 32, L_000001ff61f57d40, L_000001ff61f0cba8;
L_000001ff61f57c00 .cmp/eq 5, v000001ff61f092a0_0, v000001ff61f09700_0;
L_000001ff61f57f20 .functor MUXZ 2, L_000001ff61f0cc38, L_000001ff61f0cbf0, L_000001ff61f5a7d0, C4<>;
L_000001ff61f57ac0 .functor MUXZ 2, L_000001ff61f57f20, L_000001ff61f0cb18, L_000001ff61f5a8b0, C4<>;
L_000001ff61f57840 .concat [ 5 27 0 0], v000001ff61f09c00_0, L_000001ff61f0cc80;
L_000001ff61f57de0 .cmp/ne 32, L_000001ff61f57840, L_000001ff61f0ccc8;
L_000001ff61f57fc0 .cmp/eq 5, L_000001ff61f56800, v000001ff61f09c00_0;
L_000001ff61f58060 .cmp/eq 5, L_000001ff61f54a00, v000001ff61f09c00_0;
S_000001ff61d69ed0 .scope module, "ids" "id_stage" 5 56, 14 1 0, S_000001ff61e9fa20;
 .timescale 0 0;
    .port_info 0 /INPUT 1 "clk";
    .port_info 1 /INPUT 1 "reset";
    .port_info 2 /INPUT 32 "InstrD";
    .port_info 3 /INPUT 32 "PCD";
    .port_info 4 /INPUT 32 "PCPlus4D";
    .port_info 5 /INPUT 1 "RegWriteW";
    .port_info 6 /INPUT 5 "RdW";
    .port_info 7 /INPUT 32 "ResultW";
    .port_info 8 /INPUT 3 "ImmSrcD";
    .port_info 9 /OUTPUT 32 "RD1D";
    .port_info 10 /OUTPUT 32 "RD2D";
    .port_info 11 /OUTPUT 32 "ImmExtD";
    .port_info 12 /OUTPUT 5 "Rs1D";
    .port_info 13 /OUTPUT 5 "Rs2D";
    .port_info 14 /OUTPUT 5 "RdD";
    .port_info 15 /OUTPUT 7 "opD";
    .port_info 16 /OUTPUT 3 "funct3D";
    .port_info 17 /OUTPUT 1 "funct7b5D";
v000001ff61efbf60_0 .net "ImmExtD", 31 0, L_000001ff61e2ab60;  alias, 1 drivers
v000001ff61efade0_0 .net "ImmSrcD", 2 0, L_000001ff61f54c80;  alias, 1 drivers
v000001ff61efb9c0_0 .net "InstrD", 31 0, v000001ff61f0ace0_0;  1 drivers
v000001ff61efc0a0_0 .net "PCD", 31 0, v000001ff61f0bf00_0;  1 drivers
v000001ff61efbd80_0 .net "PCPlus4D", 31 0, v000001ff61f0b3c0_0;  1 drivers
v000001ff61efac00_0 .net "RD1D", 31 0, L_000001ff61f55900;  alias, 1 drivers
v000001ff61efaca0_0 .net "RD2D", 31 0, L_000001ff61f56760;  alias, 1 drivers
v000001ff61efb600_0 .net "RdD", 4 0, L_000001ff61f550e0;  alias, 1 drivers
v000001ff61efba60_0 .net "RdW", 4 0, v000001ff61f09700_0;  alias, 1 drivers
v000001ff61efb6a0_0 .net "RegWriteW", 0 0, v000001ff61f09340_0;  alias, 1 drivers
v000001ff61efb100_0 .net "ResultW", 31 0, L_000001ff61f55e00;  alias, 1 drivers
v000001ff61efc000_0 .net "Rs1D", 4 0, L_000001ff61f56800;  alias, 1 drivers
v000001ff61efb060_0 .net "Rs2D", 4 0, L_000001ff61f54a00;  alias, 1 drivers
v000001ff61efb2e0_0 .net "clk", 0 0, v000001ff61f0a1a0_0;  alias, 1 drivers
v000001ff61efb4c0_0 .net "funct3D", 2 0, L_000001ff61f545a0;  alias, 1 drivers
v000001ff61efafc0_0 .net "funct7b5D", 0 0, L_000001ff61f54460;  alias, 1 drivers
v000001ff61efbb00_0 .net "opD", 6 0, L_000001ff61f55ae0;  alias, 1 drivers
v000001ff61efa480_0 .net "reset", 0 0, v000001ff61f0a6a0_0;  alias, 1 drivers
L_000001ff61f55ae0 .part v000001ff61f0ace0_0, 0, 7;
L_000001ff61f545a0 .part v000001ff61f0ace0_0, 12, 3;
L_000001ff61f54460 .part v000001ff61f0ace0_0, 30, 1;
L_000001ff61f56800 .part v000001ff61f0ace0_0, 15, 5;
L_000001ff61f54a00 .part v000001ff61f0ace0_0, 20, 5;
L_000001ff61f550e0 .part v000001ff61f0ace0_0, 7, 5;
L_000001ff61f56120 .part v000001ff61f0ace0_0, 7, 25;
S_000001ff61d6a060 .scope module, "ext" "extend" 14 37, 15 1 0, S_000001ff61d69ed0;
 .timescale 0 0;
    .port_info 0 /INPUT 25 "instr";
    .port_info 1 /INPUT 3 "immsrc";
    .port_info 2 /OUTPUT 32 "immext";
L_000001ff61e2ab60 .functor BUFZ 32, v000001ff61ef81f0_0, C4<00000000000000000000000000000000>, C4<00000000000000000000000000000000>, C4<00000000000000000000000000000000>;
v000001ff61ef8510_0 .net "immext", 31 0, L_000001ff61e2ab60;  alias, 1 drivers
v000001ff61ef81f0_0 .var "immext_reg", 31 0;
v000001ff61ef9f50_0 .net "immsrc", 2 0, L_000001ff61f54c80;  alias, 1 drivers
v000001ff61ef8c90_0 .net "instr", 31 7, L_000001ff61f56120;  1 drivers
E_000001ff61e85790 .event anyedge, v000001ff61e97b70_0, v000001ff61ef8c90_0;
S_000001ff61d90110 .scope module, "rf" "regfile" 14 27, 16 1 0, S_000001ff61d69ed0;
 .timescale 0 0;
    .port_info 0 /INPUT 1 "clk";
    .port_info 1 /INPUT 1 "we3";
    .port_info 2 /INPUT 5 "a1";
    .port_info 3 /INPUT 5 "a2";
    .port_info 4 /INPUT 5 "a3";
    .port_info 5 /INPUT 32 "wd3";
    .port_info 6 /OUTPUT 32 "rd1";
    .port_info 7 /OUTPUT 32 "rd2";
v000001ff61ef8e70_0 .net *"_ivl_0", 31 0, L_000001ff61f56300;  1 drivers
v000001ff61ef9e10_0 .net *"_ivl_10", 6 0, L_000001ff61f56440;  1 drivers
L_000001ff61f0c578 .functor BUFT 1, C4<00>, C4<0>, C4<0>, C4<0>;
v000001ff61ef94b0_0 .net *"_ivl_13", 1 0, L_000001ff61f0c578;  1 drivers
L_000001ff61f0c5c0 .functor BUFT 1, C4<00000000000000000000000000000000>, C4<0>, C4<0>, C4<0>;
v000001ff61ef99b0_0 .net/2u *"_ivl_14", 31 0, L_000001ff61f0c5c0;  1 drivers
v000001ff61ef9d70_0 .net *"_ivl_18", 31 0, L_000001ff61f564e0;  1 drivers
L_000001ff61f0c608 .functor BUFT 1, C4<000000000000000000000000000>, C4<0>, C4<0>, C4<0>;
v000001ff61ef8d30_0 .net *"_ivl_21", 26 0, L_000001ff61f0c608;  1 drivers
L_000001ff61f0c650 .functor BUFT 1, C4<00000000000000000000000000000000>, C4<0>, C4<0>, C4<0>;
v000001ff61ef9cd0_0 .net/2u *"_ivl_22", 31 0, L_000001ff61f0c650;  1 drivers
v000001ff61ef90f0_0 .net *"_ivl_24", 0 0, L_000001ff61f56940;  1 drivers
v000001ff61ef9b90_0 .net *"_ivl_26", 31 0, L_000001ff61f552c0;  1 drivers
v000001ff61ef8330_0 .net *"_ivl_28", 6 0, L_000001ff61f56580;  1 drivers
L_000001ff61f0c4e8 .functor BUFT 1, C4<000000000000000000000000000>, C4<0>, C4<0>, C4<0>;
v000001ff61ef8bf0_0 .net *"_ivl_3", 26 0, L_000001ff61f0c4e8;  1 drivers
L_000001ff61f0c698 .functor BUFT 1, C4<00>, C4<0>, C4<0>, C4<0>;
v000001ff61ef9c30_0 .net *"_ivl_31", 1 0, L_000001ff61f0c698;  1 drivers
L_000001ff61f0c6e0 .functor BUFT 1, C4<00000000000000000000000000000000>, C4<0>, C4<0>, C4<0>;
v000001ff61ef9870_0 .net/2u *"_ivl_32", 31 0, L_000001ff61f0c6e0;  1 drivers
L_000001ff61f0c530 .functor BUFT 1, C4<00000000000000000000000000000000>, C4<0>, C4<0>, C4<0>;
v000001ff61ef9eb0_0 .net/2u *"_ivl_4", 31 0, L_000001ff61f0c530;  1 drivers
v000001ff61ef9ff0_0 .net *"_ivl_6", 0 0, L_000001ff61f566c0;  1 drivers
v000001ff61ef83d0_0 .net *"_ivl_8", 31 0, L_000001ff61f554a0;  1 drivers
v000001ff61ef97d0_0 .net "a1", 4 0, L_000001ff61f56800;  alias, 1 drivers
v000001ff61ef8dd0_0 .net "a2", 4 0, L_000001ff61f54a00;  alias, 1 drivers
v000001ff61ef9910_0 .net "a3", 4 0, v000001ff61f09700_0;  alias, 1 drivers
v000001ff61ef85b0_0 .net "clk", 0 0, v000001ff61f0a1a0_0;  alias, 1 drivers
v000001ff61ef9550_0 .var/i "i", 31 0;
v000001ff61ef9230_0 .net "rd1", 31 0, L_000001ff61f55900;  alias, 1 drivers
v000001ff61ef95f0_0 .net "rd2", 31 0, L_000001ff61f56760;  alias, 1 drivers
v000001ff61ef9190 .array "rf", 0 31, 31 0;
v000001ff61ef9690_0 .net "wd3", 31 0, L_000001ff61f55e00;  alias, 1 drivers
v000001ff61ef9730_0 .net "we3", 0 0, v000001ff61f09340_0;  alias, 1 drivers
E_000001ff61e86810 .event negedge, v000001ff61ef85b0_0;
L_000001ff61f56300 .concat [ 5 27 0 0], L_000001ff61f56800, L_000001ff61f0c4e8;
L_000001ff61f566c0 .cmp/ne 32, L_000001ff61f56300, L_000001ff61f0c530;
L_000001ff61f554a0 .array/port v000001ff61ef9190, L_000001ff61f56440;
L_000001ff61f56440 .concat [ 5 2 0 0], L_000001ff61f56800, L_000001ff61f0c578;
L_000001ff61f55900 .functor MUXZ 32, L_000001ff61f0c5c0, L_000001ff61f554a0, L_000001ff61f566c0, C4<>;
L_000001ff61f564e0 .concat [ 5 27 0 0], L_000001ff61f54a00, L_000001ff61f0c608;
L_000001ff61f56940 .cmp/ne 32, L_000001ff61f564e0, L_000001ff61f0c650;
L_000001ff61f552c0 .array/port v000001ff61ef9190, L_000001ff61f56580;
L_000001ff61f56580 .concat [ 5 2 0 0], L_000001ff61f54a00, L_000001ff61f0c698;
L_000001ff61f56760 .functor MUXZ 32, L_000001ff61f0c6e0, L_000001ff61f552c0, L_000001ff61f56940, C4<>;
S_000001ff61d902a0 .scope module, "ifs" "if_stage" 5 40, 17 1 0, S_000001ff61e9fa20;
 .timescale 0 0;
    .port_info 0 /INPUT 1 "clk";
    .port_info 1 /INPUT 1 "reset";
    .port_info 2 /INPUT 1 "StallF";
    .port_info 3 /INPUT 2 "PCSrcE";
    .port_info 4 /INPUT 32 "PCTargetE";
    .port_info 5 /INPUT 32 "PCJalrE";
    .port_info 6 /OUTPUT 32 "PCF";
    .port_info 7 /OUTPUT 32 "InstrF";
    .port_info 8 /OUTPUT 32 "PCPlus4F";
P_000001ff61e865d0 .param/str "INSTR_MEM_FILE" 0 17 2, "mem/test_ls_rvc.mem";
L_000001ff61e2ac40 .functor BUFZ 32, L_000001ff61f55360, C4<00000000000000000000000000000000>, C4<00000000000000000000000000000000>, C4<00000000000000000000000000000000>;
v000001ff61f06a60_0 .net "DecompInstrF", 31 0, v000001ff61efb740_0;  1 drivers
v000001ff61f06420_0 .net "InstrF", 31 0, L_000001ff61f563a0;  alias, 1 drivers
v000001ff61f07f00_0 .net "IsCompressedF", 0 0, L_000001ff61f08260;  1 drivers
v000001ff61f07aa0_0 .net "PCF", 31 0, v000001ff61f07140_0;  alias, 1 drivers
v000001ff61f080e0_0 .net "PCIncF", 31 0, L_000001ff61f55360;  1 drivers
v000001ff61f07dc0_0 .net "PCJalrE", 31 0, L_000001ff61f54aa0;  alias, 1 drivers
v000001ff61f07320_0 .net "PCMuxOut", 31 0, L_000001ff61f56620;  1 drivers
v000001ff61f06ba0_0 .net "PCNextF", 31 0, L_000001ff61f54500;  1 drivers
v000001ff61f06ec0_0 .net "PCPlus4F", 31 0, L_000001ff61e2ac40;  alias, 1 drivers
v000001ff61f07be0_0 .net "PCSrcE", 1 0, L_000001ff61f557c0;  alias, 1 drivers
v000001ff61f07b40_0 .net "PCTargetE", 31 0, L_000001ff61f55ea0;  alias, 1 drivers
v000001ff61f06240_0 .net "RawInstrF", 31 0, L_000001ff61f08da0;  1 drivers
v000001ff61f062e0_0 .net "StallF", 0 0, L_000001ff61f5a3e0;  alias, 1 drivers
v000001ff61f06b00_0 .net *"_ivl_10", 31 0, L_000001ff61f55a40;  1 drivers
L_000001ff61f0c458 .functor BUFT 1, C4<00000000000000000000000000000010>, C4<0>, C4<0>, C4<0>;
v000001ff61f06c40_0 .net/2u *"_ivl_4", 31 0, L_000001ff61f0c458;  1 drivers
v000001ff61f06ce0_0 .net *"_ivl_6", 31 0, L_000001ff61f54d20;  1 drivers
L_000001ff61f0c4a0 .functor BUFT 1, C4<00000000000000000000000000000100>, C4<0>, C4<0>, C4<0>;
v000001ff61f064c0_0 .net/2u *"_ivl_8", 31 0, L_000001ff61f0c4a0;  1 drivers
v000001ff61f069c0_0 .net "clk", 0 0, v000001ff61f0a1a0_0;  alias, 1 drivers
v000001ff61f07460_0 .net "reset", 0 0, v000001ff61f0a6a0_0;  alias, 1 drivers
L_000001ff61f088a0 .part L_000001ff61f08da0, 0, 16;
L_000001ff61f563a0 .functor MUXZ 32, L_000001ff61f08da0, v000001ff61efb740_0, L_000001ff61f08260, C4<>;
L_000001ff61f54d20 .arith/sum 32, v000001ff61f07140_0, L_000001ff61f0c458;
L_000001ff61f55a40 .arith/sum 32, v000001ff61f07140_0, L_000001ff61f0c4a0;
L_000001ff61f55360 .functor MUXZ 32, L_000001ff61f55a40, L_000001ff61f54d20, L_000001ff61f08260, C4<>;
L_000001ff61f54500 .functor MUXZ 32, L_000001ff61f56620, v000001ff61f07140_0, L_000001ff61f5a3e0, C4<>;
S_000001ff61efc530 .scope module, "decomp" "decompressor" 17 20, 18 1 0, S_000001ff61d902a0;
 .timescale 0 0;
    .port_info 0 /INPUT 16 "instr16";
    .port_info 1 /OUTPUT 32 "instr32";
    .port_info 2 /OUTPUT 1 "is_compressed";
v000001ff61efbc40_0 .net *"_ivl_1", 1 0, L_000001ff61f0a9c0;  1 drivers
L_000001ff61f0c3c8 .functor BUFT 1, C4<01>, C4<0>, C4<0>, C4<0>;
v000001ff61efa2a0_0 .net/2u *"_ivl_12", 1 0, L_000001ff61f0c3c8;  1 drivers
v000001ff61efa7a0_0 .net *"_ivl_15", 2 0, L_000001ff61f08620;  1 drivers
L_000001ff61f0c410 .functor BUFT 1, C4<01>, C4<0>, C4<0>, C4<0>;
v000001ff61efb420_0 .net/2u *"_ivl_18", 1 0, L_000001ff61f0c410;  1 drivers
L_000001ff61f0c338 .functor BUFT 1, C4<11>, C4<0>, C4<0>, C4<0>;
v000001ff61efbe20_0 .net/2u *"_ivl_2", 1 0, L_000001ff61f0c338;  1 drivers
v000001ff61efa5c0_0 .net *"_ivl_21", 2 0, L_000001ff61f095c0;  1 drivers
L_000001ff61f0c380 .functor BUFT 1, C4<01>, C4<0>, C4<0>, C4<0>;
v000001ff61efad40_0 .net/2u *"_ivl_6", 1 0, L_000001ff61f0c380;  1 drivers
v000001ff61efae80_0 .net *"_ivl_9", 2 0, L_000001ff61f08300;  1 drivers
v000001ff61efb920_0 .net "instr16", 15 0, L_000001ff61f088a0;  1 drivers
v000001ff61efb740_0 .var "instr32", 31 0;
v000001ff61efaac0_0 .net "is_compressed", 0 0, L_000001ff61f08260;  alias, 1 drivers
v000001ff61efa660_0 .net "rd_f", 4 0, L_000001ff61f08760;  1 drivers
v000001ff61efb560_0 .net "rd_p", 4 0, L_000001ff61f09480;  1 drivers
v000001ff61efaf20_0 .net "rs1_p", 4 0, L_000001ff61f086c0;  1 drivers
v000001ff61efbec0_0 .net "rs2_f", 4 0, L_000001ff61f08800;  1 drivers
v000001ff61efa340_0 .net "rs2_p", 4 0, L_000001ff61f09a20;  1 drivers
E_000001ff61e86850/0 .event anyedge, v000001ff61efb920_0, v000001ff61efaf20_0, v000001ff61efb560_0, v000001ff61efa340_0;
E_000001ff61e86850/1 .event anyedge, v000001ff61efa660_0, v000001ff61efbec0_0;
E_000001ff61e86850 .event/or E_000001ff61e86850/0, E_000001ff61e86850/1;
L_000001ff61f0a9c0 .part L_000001ff61f088a0, 0, 2;
L_000001ff61f08260 .cmp/ne 2, L_000001ff61f0a9c0, L_000001ff61f0c338;
L_000001ff61f08300 .part L_000001ff61f088a0, 2, 3;
L_000001ff61f09480 .concat [ 3 2 0 0], L_000001ff61f08300, L_000001ff61f0c380;
L_000001ff61f08620 .part L_000001ff61f088a0, 7, 3;
L_000001ff61f086c0 .concat [ 3 2 0 0], L_000001ff61f08620, L_000001ff61f0c3c8;
L_000001ff61f095c0 .part L_000001ff61f088a0, 2, 3;
L_000001ff61f09a20 .concat [ 3 2 0 0], L_000001ff61f095c0, L_000001ff61f0c410;
L_000001ff61f08760 .part L_000001ff61f088a0, 7, 5;
L_000001ff61f08800 .part L_000001ff61f088a0, 2, 5;
S_000001ff61efce90 .scope module, "im" "imem" 17 19, 19 1 0, S_000001ff61d902a0;
 .timescale 0 0;
    .port_info 0 /INPUT 32 "a";
    .port_info 1 /OUTPUT 32 "rd";
P_000001ff61e86890 .param/str "MEM_FILE" 0 19 2, "mem/test_ls_rvc.mem";
v000001ff61efb1a0 .array "RAM", 127 0, 15 0;
L_000001ff61f0c2a8 .functor BUFT 1, C4<00>, C4<0>, C4<0>, C4<0>;
v000001ff61efb380_0 .net *"_ivl_11", 1 0, L_000001ff61f0c2a8;  1 drivers
v000001ff61efb240_0 .net *"_ivl_12", 15 0, L_000001ff61f089e0;  1 drivers
v000001ff61efa520_0 .net *"_ivl_14", 8 0, L_000001ff61f08a80;  1 drivers
L_000001ff61f0c2f0 .functor BUFT 1, C4<00>, C4<0>, C4<0>, C4<0>;
v000001ff61efa3e0_0 .net *"_ivl_17", 1 0, L_000001ff61f0c2f0;  1 drivers
v000001ff61efa700_0 .net *"_ivl_2", 15 0, L_000001ff61f08940;  1 drivers
L_000001ff61f0c260 .functor BUFT 1, C4<0000001>, C4<0>, C4<0>, C4<0>;
v000001ff61efa840_0 .net/2u *"_ivl_4", 6 0, L_000001ff61f0c260;  1 drivers
v000001ff61efab60_0 .net *"_ivl_6", 6 0, L_000001ff61f093e0;  1 drivers
v000001ff61efa980_0 .net *"_ivl_8", 8 0, L_000001ff61f0a600;  1 drivers
v000001ff61efbba0_0 .net "a", 31 0, v000001ff61f07140_0;  alias, 1 drivers
v000001ff61efbce0_0 .net "idx", 6 0, L_000001ff61f0a560;  1 drivers
v000001ff61efaa20_0 .net "rd", 31 0, L_000001ff61f08da0;  alias, 1 drivers
L_000001ff61f0a560 .part v000001ff61f07140_0, 1, 7;
L_000001ff61f08940 .array/port v000001ff61efb1a0, L_000001ff61f0a600;
L_000001ff61f093e0 .arith/sum 7, L_000001ff61f0a560, L_000001ff61f0c260;
L_000001ff61f0a600 .concat [ 7 2 0 0], L_000001ff61f093e0, L_000001ff61f0c2a8;
L_000001ff61f089e0 .array/port v000001ff61efb1a0, L_000001ff61f08a80;
L_000001ff61f08a80 .concat [ 7 2 0 0], L_000001ff61f0a560, L_000001ff61f0c2f0;
L_000001ff61f08da0 .concat [ 16 16 0 0], L_000001ff61f089e0, L_000001ff61f08940;
S_000001ff61efcb70 .scope module, "pcmux" "mux3" 17 28, 12 1 0, S_000001ff61d902a0;
 .timescale 0 0;
    .port_info 0 /INPUT 32 "d0";
    .port_info 1 /INPUT 32 "d1";
    .port_info 2 /INPUT 32 "d2";
    .port_info 3 /INPUT 2 "s";
    .port_info 4 /OUTPUT 32 "y";
P_000001ff61e86950 .param/l "WIDTH" 0 12 4, +C4<00000000000000000000000000100000>;
v000001ff61efb7e0_0 .net *"_ivl_1", 0 0, L_000001ff61f543c0;  1 drivers
v000001ff61efb880_0 .net *"_ivl_3", 0 0, L_000001ff61f568a0;  1 drivers
v000001ff61ef8b50_0 .net *"_ivl_4", 31 0, L_000001ff61f55b80;  1 drivers
v000001ff61f06880_0 .net "d0", 31 0, L_000001ff61f55360;  alias, 1 drivers
v000001ff61f07fa0_0 .net "d1", 31 0, L_000001ff61f55ea0;  alias, 1 drivers
v000001ff61f08040_0 .net "d2", 31 0, L_000001ff61f54aa0;  alias, 1 drivers
v000001ff61f06380_0 .net "s", 1 0, L_000001ff61f557c0;  alias, 1 drivers
v000001ff61f071e0_0 .net "y", 31 0, L_000001ff61f56620;  alias, 1 drivers
L_000001ff61f543c0 .part L_000001ff61f557c0, 1, 1;
L_000001ff61f568a0 .part L_000001ff61f557c0, 0, 1;
L_000001ff61f55b80 .functor MUXZ 32, L_000001ff61f55360, L_000001ff61f55ea0, L_000001ff61f568a0, C4<>;
L_000001ff61f56620 .functor MUXZ 32, L_000001ff61f55b80, L_000001ff61f54aa0, L_000001ff61f543c0, C4<>;
S_000001ff61efc210 .scope module, "pcreg" "flopr" 17 18, 20 1 0, S_000001ff61d902a0;
 .timescale 0 0;
    .port_info 0 /INPUT 1 "clk";
    .port_info 1 /INPUT 1 "reset";
    .port_info 2 /INPUT 32 "d";
    .port_info 3 /OUTPUT 32 "q";
P_000001ff61e87f10 .param/l "WIDTH" 0 20 4, +C4<00000000000000000000000000100000>;
v000001ff61f07280_0 .net "clk", 0 0, v000001ff61f0a1a0_0;  alias, 1 drivers
v000001ff61f06740_0 .net "d", 31 0, L_000001ff61f54500;  alias, 1 drivers
v000001ff61f07140_0 .var "q", 31 0;
v000001ff61f07e60_0 .net "reset", 0 0, v000001ff61f0a6a0_0;  alias, 1 drivers
E_000001ff61e87250 .event posedge, v000001ff61efa480_0, v000001ff61ef85b0_0;
S_000001ff61efc6c0 .scope module, "mems" "mem_stage" 5 103, 21 1 0, S_000001ff61e9fa20;
 .timescale 0 0;
    .port_info 0 /INPUT 1 "clk";
    .port_info 1 /INPUT 1 "MemWriteM";
    .port_info 2 /INPUT 32 "ALUResultM";
    .port_info 3 /INPUT 32 "WriteDataM";
    .port_info 4 /OUTPUT 32 "ReadDataM";
v000001ff61f06e20_0 .net "ALUResultM", 31 0, v000001ff61f0b500_0;  alias, 1 drivers
v000001ff61f067e0_0 .net "MemWriteM", 0 0, v000001ff61f0c0e0_0;  1 drivers
v000001ff61f06600_0 .net "ReadDataM", 31 0, L_000001ff61f5ac30;  alias, 1 drivers
v000001ff61f07960_0 .net "WriteDataM", 31 0, v000001ff61f08bc0_0;  1 drivers
v000001ff61f06920_0 .net "clk", 0 0, v000001ff61f0a1a0_0;  alias, 1 drivers
S_000001ff61efd020 .scope module, "dm" "dmem" 21 8, 22 1 0, S_000001ff61efc6c0;
 .timescale 0 0;
    .port_info 0 /INPUT 1 "clk";
    .port_info 1 /INPUT 1 "we";
    .port_info 2 /INPUT 32 "a";
    .port_info 3 /INPUT 32 "wd";
    .port_info 4 /OUTPUT 32 "rd";
L_000001ff61f5ac30 .functor BUFZ 32, L_000001ff61f54f00, C4<00000000000000000000000000000000>, C4<00000000000000000000000000000000>, C4<00000000000000000000000000000000>;
v000001ff61f066a0 .array "RAM", 0 63, 31 0;
v000001ff61f07d20_0 .net *"_ivl_0", 31 0, L_000001ff61f54f00;  1 drivers
v000001ff61f073c0_0 .net *"_ivl_3", 29 0, L_000001ff61f55fe0;  1 drivers
v000001ff61f06f60_0 .net "a", 31 0, v000001ff61f0b500_0;  alias, 1 drivers
v000001ff61f06d80_0 .net "clk", 0 0, v000001ff61f0a1a0_0;  alias, 1 drivers
v000001ff61f06560_0 .net "rd", 31 0, L_000001ff61f5ac30;  alias, 1 drivers
v000001ff61f07000_0 .net "wd", 31 0, v000001ff61f08bc0_0;  alias, 1 drivers
v000001ff61f07a00_0 .net "we", 0 0, v000001ff61f0c0e0_0;  alias, 1 drivers
E_000001ff61e878d0 .event posedge, v000001ff61ef85b0_0;
L_000001ff61f54f00 .array/port v000001ff61f066a0, L_000001ff61f55fe0;
L_000001ff61f55fe0 .part v000001ff61f0b500_0, 2, 30;
S_000001ff61efc850 .scope module, "wbs" "wb_stage" 5 115, 23 1 0, S_000001ff61e9fa20;
 .timescale 0 0;
    .port_info 0 /INPUT 32 "ALUResultW";
    .port_info 1 /INPUT 32 "ReadDataW";
    .port_info 2 /INPUT 32 "PCPlus4W";
    .port_info 3 /INPUT 2 "ResultSrcW";
    .port_info 4 /OUTPUT 32 "ResultW";
v000001ff61f07c80_0 .net "ALUResultW", 31 0, v000001ff61f0aec0_0;  1 drivers
v000001ff61f0b820_0 .net "PCPlus4W", 31 0, v000001ff61f09020_0;  1 drivers
v000001ff61f0aa60_0 .net "ReadDataW", 31 0, v000001ff61f08b20_0;  1 drivers
v000001ff61f0b6e0_0 .net "ResultSrcW", 1 0, v000001ff61f08e40_0;  1 drivers
v000001ff61f0ab00_0 .net "ResultW", 31 0, L_000001ff61f55e00;  alias, 1 drivers
S_000001ff61efc3a0 .scope module, "result_mux" "mux3" 23 8, 12 1 0, S_000001ff61efc850;
 .timescale 0 0;
    .port_info 0 /INPUT 32 "d0";
    .port_info 1 /INPUT 32 "d1";
    .port_info 2 /INPUT 32 "d2";
    .port_info 3 /INPUT 2 "s";
    .port_info 4 /OUTPUT 32 "y";
P_000001ff61e87110 .param/l "WIDTH" 0 12 4, +C4<00000000000000000000000000100000>;
v000001ff61f070a0_0 .net *"_ivl_1", 0 0, L_000001ff61f54fa0;  1 drivers
v000001ff61f07500_0 .net *"_ivl_3", 0 0, L_000001ff61f55040;  1 drivers
v000001ff61f075a0_0 .net *"_ivl_4", 31 0, L_000001ff61f55180;  1 drivers
v000001ff61f07640_0 .net "d0", 31 0, v000001ff61f0aec0_0;  alias, 1 drivers
v000001ff61f076e0_0 .net "d1", 31 0, v000001ff61f08b20_0;  alias, 1 drivers
v000001ff61f07780_0 .net "d2", 31 0, v000001ff61f09020_0;  alias, 1 drivers
v000001ff61f07820_0 .net "s", 1 0, v000001ff61f08e40_0;  alias, 1 drivers
v000001ff61f078c0_0 .net "y", 31 0, L_000001ff61f55e00;  alias, 1 drivers
L_000001ff61f54fa0 .part v000001ff61f08e40_0, 1, 1;
L_000001ff61f55040 .part v000001ff61f08e40_0, 0, 1;
L_000001ff61f55180 .functor MUXZ 32, v000001ff61f0aec0_0, v000001ff61f08b20_0, L_000001ff61f55040, C4<>;
L_000001ff61f55e00 .functor MUXZ 32, L_000001ff61f55180, v000001ff61f09020_0, L_000001ff61f54fa0, C4<>;
    .scope S_000001ff61efc210;
T_0 ;
    %wait E_000001ff61e87250;
    %load/vec4 v000001ff61f07e60_0;
    %flag_set/vec4 8;
    %jmp/0xz  T_0.0, 8;
    %pushi/vec4 0, 0, 32;
    %assign/vec4 v000001ff61f07140_0, 0;
    %jmp T_0.1;
T_0.0 ;
    %load/vec4 v000001ff61f06740_0;
    %assign/vec4 v000001ff61f07140_0, 0;
T_0.1 ;
    %jmp T_0;
    .thread T_0;
    .scope S_000001ff61efce90;
T_1 ;
    %vpi_call 19 9 "$readmemh", P_000001ff61e86890, v000001ff61efb1a0 {0 0 0};
    %vpi_call 19 10 "$display", "imem: Loaded instructions from %s", P_000001ff61e86890 {0 0 0};
    %end;
    .thread T_1;
    .scope S_000001ff61efc530;
T_2 ;
    %wait E_000001ff61e86850;
    %load/vec4 v000001ff61efb920_0;
    %parti/s 2, 0, 2;
    %dup/vec4;
    %pushi/vec4 0, 0, 2;
    %cmp/u;
    %jmp/1 T_2.0, 6;
    %dup/vec4;
    %pushi/vec4 1, 0, 2;
    %cmp/u;
    %jmp/1 T_2.1, 6;
    %dup/vec4;
    %pushi/vec4 2, 0, 2;
    %cmp/u;
    %jmp/1 T_2.2, 6;
    %pushi/vec4 19, 0, 32;
    %store/vec4 v000001ff61efb740_0, 0, 32;
    %jmp T_2.4;
T_2.0 ;
    %load/vec4 v000001ff61efb920_0;
    %parti/s 3, 13, 5;
    %dup/vec4;
    %pushi/vec4 2, 0, 3;
    %cmp/u;
    %jmp/1 T_2.5, 6;
    %dup/vec4;
    %pushi/vec4 6, 0, 3;
    %cmp/u;
    %jmp/1 T_2.6, 6;
    %pushi/vec4 19, 0, 32;
    %store/vec4 v000001ff61efb740_0, 0, 32;
    %jmp T_2.8;
T_2.5 ;
    %pushi/vec4 0, 0, 5;
    %load/vec4 v000001ff61efb920_0;
    %parti/s 1, 5, 4;
    %concat/vec4; draw_concat_vec4
    %load/vec4 v000001ff61efb920_0;
    %parti/s 3, 10, 5;
    %concat/vec4; draw_concat_vec4
    %load/vec4 v000001ff61efb920_0;
    %parti/s 1, 6, 4;
    %concat/vec4; draw_concat_vec4
    %concati/vec4 0, 0, 2;
    %load/vec4 v000001ff61efaf20_0;
    %concat/vec4; draw_concat_vec4
    %concati/vec4 2, 0, 3;
    %load/vec4 v000001ff61efb560_0;
    %concat/vec4; draw_concat_vec4
    %concati/vec4 3, 0, 7;
    %store/vec4 v000001ff61efb740_0, 0, 32;
    %jmp T_2.8;
T_2.6 ;
    %pushi/vec4 0, 0, 5;
    %load/vec4 v000001ff61efb920_0;
    %parti/s 1, 5, 4;
    %concat/vec4; draw_concat_vec4
    %load/vec4 v000001ff61efb920_0;
    %parti/s 1, 12, 5;
    %concat/vec4; draw_concat_vec4
    %load/vec4 v000001ff61efa340_0;
    %concat/vec4; draw_concat_vec4
    %load/vec4 v000001ff61efaf20_0;
    %concat/vec4; draw_concat_vec4
    %concati/vec4 2, 0, 3;
    %load/vec4 v000001ff61efb920_0;
    %parti/s 2, 10, 5;
    %concat/vec4; draw_concat_vec4
    %load/vec4 v000001ff61efb920_0;
    %parti/s 1, 6, 4;
    %concat/vec4; draw_concat_vec4
    %concati/vec4 0, 0, 2;
    %concati/vec4 35, 0, 7;
    %store/vec4 v000001ff61efb740_0, 0, 32;
    %jmp T_2.8;
T_2.8 ;
    %pop/vec4 1;
    %jmp T_2.4;
T_2.1 ;
    %load/vec4 v000001ff61efb920_0;
    %parti/s 3, 13, 5;
    %dup/vec4;
    %pushi/vec4 0, 0, 3;
    %cmp/u;
    %jmp/1 T_2.9, 6;
    %dup/vec4;
    %pushi/vec4 1, 0, 3;
    %cmp/u;
    %jmp/1 T_2.10, 6;
    %dup/vec4;
    %pushi/vec4 3, 0, 3;
    %cmp/u;
    %jmp/1 T_2.11, 6;
    %dup/vec4;
    %pushi/vec4 4, 0, 3;
    %cmp/u;
    %jmp/1 T_2.12, 6;
    %dup/vec4;
    %pushi/vec4 5, 0, 3;
    %cmp/u;
    %jmp/1 T_2.13, 6;
    %dup/vec4;
    %pushi/vec4 6, 0, 3;
    %cmp/u;
    %jmp/1 T_2.14, 6;
    %dup/vec4;
    %pushi/vec4 7, 0, 3;
    %cmp/u;
    %jmp/1 T_2.15, 6;
    %pushi/vec4 19, 0, 32;
    %store/vec4 v000001ff61efb740_0, 0, 32;
    %jmp T_2.17;
T_2.9 ;
    %load/vec4 v000001ff61efb920_0;
    %parti/s 1, 12, 5;
    %replicate 6;
    %load/vec4 v000001ff61efb920_0;
    %parti/s 1, 12, 5;
    %concat/vec4; draw_concat_vec4
    %load/vec4 v000001ff61efb920_0;
    %parti/s 5, 2, 3;
    %concat/vec4; draw_concat_vec4
    %load/vec4 v000001ff61efa660_0;
    %concat/vec4; draw_concat_vec4
    %concati/vec4 0, 0, 3;
    %load/vec4 v000001ff61efa660_0;
    %concat/vec4; draw_concat_vec4
    %concati/vec4 19, 0, 7;
    %store/vec4 v000001ff61efb740_0, 0, 32;
    %jmp T_2.17;
T_2.10 ;
    %load/vec4 v000001ff61efb920_0;
    %parti/s 1, 12, 5;
    %load/vec4 v000001ff61efb920_0;
    %parti/s 1, 8, 5;
    %concat/vec4; draw_concat_vec4
    %load/vec4 v000001ff61efb920_0;
    %parti/s 2, 9, 5;
    %concat/vec4; draw_concat_vec4
    %load/vec4 v000001ff61efb920_0;
    %parti/s 1, 6, 4;
    %concat/vec4; draw_concat_vec4
    %load/vec4 v000001ff61efb920_0;
    %parti/s 1, 7, 4;
    %concat/vec4; draw_concat_vec4
    %load/vec4 v000001ff61efb920_0;
    %parti/s 1, 2, 3;
    %concat/vec4; draw_concat_vec4
    %load/vec4 v000001ff61efb920_0;
    %parti/s 1, 11, 5;
    %concat/vec4; draw_concat_vec4
    %load/vec4 v000001ff61efb920_0;
    %parti/s 3, 3, 3;
    %concat/vec4; draw_concat_vec4
    %load/vec4 v000001ff61efb920_0;
    %parti/s 1, 12, 5;
    %concat/vec4; draw_concat_vec4
    %load/vec4 v000001ff61efb920_0;
    %parti/s 1, 12, 5;
    %replicate 8;
    %concat/vec4; draw_concat_vec4
    %concati/vec4 1, 0, 5;
    %concati/vec4 111, 0, 7;
    %store/vec4 v000001ff61efb740_0, 0, 32;
    %jmp T_2.17;
T_2.11 ;
    %load/vec4 v000001ff61efb920_0;
    %parti/s 1, 12, 5;
    %replicate 14;
    %load/vec4 v000001ff61efb920_0;
    %parti/s 1, 12, 5;
    %concat/vec4; draw_concat_vec4
    %load/vec4 v000001ff61efb920_0;
    %parti/s 5, 2, 3;
    %concat/vec4; draw_concat_vec4
    %load/vec4 v000001ff61efa660_0;
    %concat/vec4; draw_concat_vec4
    %concati/vec4 55, 0, 7;
    %store/vec4 v000001ff61efb740_0, 0, 32;
    %jmp T_2.17;
T_2.12 ;
    %load/vec4 v000001ff61efb920_0;
    %parti/s 2, 10, 5;
    %dup/vec4;
    %pushi/vec4 0, 0, 2;
    %cmp/u;
    %jmp/1 T_2.18, 6;
    %dup/vec4;
    %pushi/vec4 1, 0, 2;
    %cmp/u;
    %jmp/1 T_2.19, 6;
    %dup/vec4;
    %pushi/vec4 2, 0, 2;
    %cmp/u;
    %jmp/1 T_2.20, 6;
    %dup/vec4;
    %pushi/vec4 3, 0, 2;
    %cmp/u;
    %jmp/1 T_2.21, 6;
    %jmp T_2.22;
T_2.18 ;
    %pushi/vec4 0, 0, 7;
    %load/vec4 v000001ff61efb920_0;
    %parti/s 5, 2, 3;
    %concat/vec4; draw_concat_vec4
    %load/vec4 v000001ff61efaf20_0;
    %concat/vec4; draw_concat_vec4
    %concati/vec4 5, 0, 3;
    %load/vec4 v000001ff61efaf20_0;
    %concat/vec4; draw_concat_vec4
    %concati/vec4 19, 0, 7;
    %store/vec4 v000001ff61efb740_0, 0, 32;
    %jmp T_2.22;
T_2.19 ;
    %pushi/vec4 32, 0, 7;
    %load/vec4 v000001ff61efb920_0;
    %parti/s 5, 2, 3;
    %concat/vec4; draw_concat_vec4
    %load/vec4 v000001ff61efaf20_0;
    %concat/vec4; draw_concat_vec4
    %concati/vec4 5, 0, 3;
    %load/vec4 v000001ff61efaf20_0;
    %concat/vec4; draw_concat_vec4
    %concati/vec4 19, 0, 7;
    %store/vec4 v000001ff61efb740_0, 0, 32;
    %jmp T_2.22;
T_2.20 ;
    %load/vec4 v000001ff61efb920_0;
    %parti/s 1, 12, 5;
    %replicate 6;
    %load/vec4 v000001ff61efb920_0;
    %parti/s 1, 12, 5;
    %concat/vec4; draw_concat_vec4
    %load/vec4 v000001ff61efb920_0;
    %parti/s 5, 2, 3;
    %concat/vec4; draw_concat_vec4
    %load/vec4 v000001ff61efaf20_0;
    %concat/vec4; draw_concat_vec4
    %concati/vec4 7, 0, 3;
    %load/vec4 v000001ff61efaf20_0;
    %concat/vec4; draw_concat_vec4
    %concati/vec4 19, 0, 7;
    %store/vec4 v000001ff61efb740_0, 0, 32;
    %jmp T_2.22;
T_2.21 ;
    %load/vec4 v000001ff61efb920_0;
    %parti/s 1, 12, 5;
    %load/vec4 v000001ff61efb920_0;
    %parti/s 2, 5, 4;
    %concat/vec4; draw_concat_vec4
    %dup/vec4;
    %pushi/vec4 0, 0, 3;
    %cmp/u;
    %jmp/1 T_2.23, 6;
    %dup/vec4;
    %pushi/vec4 1, 0, 3;
    %cmp/u;
    %jmp/1 T_2.24, 6;
    %dup/vec4;
    %pushi/vec4 2, 0, 3;
    %cmp/u;
    %jmp/1 T_2.25, 6;
    %dup/vec4;
    %pushi/vec4 3, 0, 3;
    %cmp/u;
    %jmp/1 T_2.26, 6;
    %pushi/vec4 19, 0, 32;
    %store/vec4 v000001ff61efb740_0, 0, 32;
    %jmp T_2.28;
T_2.23 ;
    %pushi/vec4 32, 0, 7;
    %load/vec4 v000001ff61efa340_0;
    %concat/vec4; draw_concat_vec4
    %load/vec4 v000001ff61efaf20_0;
    %concat/vec4; draw_concat_vec4
    %concati/vec4 0, 0, 3;
    %load/vec4 v000001ff61efaf20_0;
    %concat/vec4; draw_concat_vec4
    %concati/vec4 51, 0, 7;
    %store/vec4 v000001ff61efb740_0, 0, 32;
    %jmp T_2.28;
T_2.24 ;
    %pushi/vec4 0, 0, 7;
    %load/vec4 v000001ff61efa340_0;
    %concat/vec4; draw_concat_vec4
    %load/vec4 v000001ff61efaf20_0;
    %concat/vec4; draw_concat_vec4
    %concati/vec4 4, 0, 3;
    %load/vec4 v000001ff61efaf20_0;
    %concat/vec4; draw_concat_vec4
    %concati/vec4 51, 0, 7;
    %store/vec4 v000001ff61efb740_0, 0, 32;
    %jmp T_2.28;
T_2.25 ;
    %pushi/vec4 0, 0, 7;
    %load/vec4 v000001ff61efa340_0;
    %concat/vec4; draw_concat_vec4
    %load/vec4 v000001ff61efaf20_0;
    %concat/vec4; draw_concat_vec4
    %concati/vec4 6, 0, 3;
    %load/vec4 v000001ff61efaf20_0;
    %concat/vec4; draw_concat_vec4
    %concati/vec4 51, 0, 7;
    %store/vec4 v000001ff61efb740_0, 0, 32;
    %jmp T_2.28;
T_2.26 ;
    %pushi/vec4 0, 0, 7;
    %load/vec4 v000001ff61efa340_0;
    %concat/vec4; draw_concat_vec4
    %load/vec4 v000001ff61efaf20_0;
    %concat/vec4; draw_concat_vec4
    %concati/vec4 7, 0, 3;
    %load/vec4 v000001ff61efaf20_0;
    %concat/vec4; draw_concat_vec4
    %concati/vec4 51, 0, 7;
    %store/vec4 v000001ff61efb740_0, 0, 32;
    %jmp T_2.28;
T_2.28 ;
    %pop/vec4 1;
    %jmp T_2.22;
T_2.22 ;
    %pop/vec4 1;
    %jmp T_2.17;
T_2.13 ;
    %load/vec4 v000001ff61efb920_0;
    %parti/s 1, 12, 5;
    %load/vec4 v000001ff61efb920_0;
    %parti/s 1, 8, 5;
    %concat/vec4; draw_concat_vec4
    %load/vec4 v000001ff61efb920_0;
    %parti/s 2, 9, 5;
    %concat/vec4; draw_concat_vec4
    %load/vec4 v000001ff61efb920_0;
    %parti/s 1, 6, 4;
    %concat/vec4; draw_concat_vec4
    %load/vec4 v000001ff61efb920_0;
    %parti/s 1, 7, 4;
    %concat/vec4; draw_concat_vec4
    %load/vec4 v000001ff61efb920_0;
    %parti/s 1, 2, 3;
    %concat/vec4; draw_concat_vec4
    %load/vec4 v000001ff61efb920_0;
    %parti/s 1, 11, 5;
    %concat/vec4; draw_concat_vec4
    %load/vec4 v000001ff61efb920_0;
    %parti/s 3, 3, 3;
    %concat/vec4; draw_concat_vec4
    %load/vec4 v000001ff61efb920_0;
    %parti/s 1, 12, 5;
    %concat/vec4; draw_concat_vec4
    %load/vec4 v000001ff61efb920_0;
    %parti/s 1, 12, 5;
    %replicate 8;
    %concat/vec4; draw_concat_vec4
    %concati/vec4 0, 0, 5;
    %concati/vec4 111, 0, 7;
    %store/vec4 v000001ff61efb740_0, 0, 32;
    %jmp T_2.17;
T_2.14 ;
    %load/vec4 v000001ff61efb920_0;
    %parti/s 1, 12, 5;
    %load/vec4 v000001ff61efb920_0;
    %parti/s 1, 12, 5;
    %concat/vec4; draw_concat_vec4
    %load/vec4 v000001ff61efb920_0;
    %parti/s 1, 12, 5;
    %concat/vec4; draw_concat_vec4
    %load/vec4 v000001ff61efb920_0;
    %parti/s 1, 12, 5;
    %concat/vec4; draw_concat_vec4
    %load/vec4 v000001ff61efb920_0;
    %parti/s 1, 6, 4;
    %concat/vec4; draw_concat_vec4
    %load/vec4 v000001ff61efb920_0;
    %parti/s 1, 5, 4;
    %concat/vec4; draw_concat_vec4
    %load/vec4 v000001ff61efb920_0;
    %parti/s 1, 2, 3;
    %concat/vec4; draw_concat_vec4
    %concati/vec4 0, 0, 5;
    %load/vec4 v000001ff61efaf20_0;
    %concat/vec4; draw_concat_vec4
    %concati/vec4 0, 0, 3;
    %load/vec4 v000001ff61efb920_0;
    %parti/s 2, 10, 5;
    %concat/vec4; draw_concat_vec4
    %load/vec4 v000001ff61efb920_0;
    %parti/s 2, 3, 3;
    %concat/vec4; draw_concat_vec4
    %load/vec4 v000001ff61efb920_0;
    %parti/s 1, 12, 5;
    %concat/vec4; draw_concat_vec4
    %concati/vec4 99, 0, 7;
    %store/vec4 v000001ff61efb740_0, 0, 32;
    %jmp T_2.17;
T_2.15 ;
    %load/vec4 v000001ff61efb920_0;
    %parti/s 1, 12, 5;
    %load/vec4 v000001ff61efb920_0;
    %parti/s 1, 12, 5;
    %concat/vec4; draw_concat_vec4
    %load/vec4 v000001ff61efb920_0;
    %parti/s 1, 12, 5;
    %concat/vec4; draw_concat_vec4
    %load/vec4 v000001ff61efb920_0;
    %parti/s 1, 12, 5;
    %concat/vec4; draw_concat_vec4
    %load/vec4 v000001ff61efb920_0;
    %parti/s 1, 6, 4;
    %concat/vec4; draw_concat_vec4
    %load/vec4 v000001ff61efb920_0;
    %parti/s 1, 5, 4;
    %concat/vec4; draw_concat_vec4
    %load/vec4 v000001ff61efb920_0;
    %parti/s 1, 2, 3;
    %concat/vec4; draw_concat_vec4
    %concati/vec4 0, 0, 5;
    %load/vec4 v000001ff61efaf20_0;
    %concat/vec4; draw_concat_vec4
    %concati/vec4 1, 0, 3;
    %load/vec4 v000001ff61efb920_0;
    %parti/s 2, 10, 5;
    %concat/vec4; draw_concat_vec4
    %load/vec4 v000001ff61efb920_0;
    %parti/s 2, 3, 3;
    %concat/vec4; draw_concat_vec4
    %load/vec4 v000001ff61efb920_0;
    %parti/s 1, 12, 5;
    %concat/vec4; draw_concat_vec4
    %concati/vec4 99, 0, 7;
    %store/vec4 v000001ff61efb740_0, 0, 32;
    %jmp T_2.17;
T_2.17 ;
    %pop/vec4 1;
    %jmp T_2.4;
T_2.2 ;
    %load/vec4 v000001ff61efb920_0;
    %parti/s 3, 13, 5;
    %dup/vec4;
    %pushi/vec4 0, 0, 3;
    %cmp/u;
    %jmp/1 T_2.29, 6;
    %dup/vec4;
    %pushi/vec4 2, 0, 3;
    %cmp/u;
    %jmp/1 T_2.30, 6;
    %dup/vec4;
    %pushi/vec4 4, 0, 3;
    %cmp/u;
    %jmp/1 T_2.31, 6;
    %dup/vec4;
    %pushi/vec4 6, 0, 3;
    %cmp/u;
    %jmp/1 T_2.32, 6;
    %pushi/vec4 19, 0, 32;
    %store/vec4 v000001ff61efb740_0, 0, 32;
    %jmp T_2.34;
T_2.29 ;
    %pushi/vec4 0, 0, 7;
    %load/vec4 v000001ff61efb920_0;
    %parti/s 5, 2, 3;
    %concat/vec4; draw_concat_vec4
    %load/vec4 v000001ff61efa660_0;
    %concat/vec4; draw_concat_vec4
    %concati/vec4 1, 0, 3;
    %load/vec4 v000001ff61efa660_0;
    %concat/vec4; draw_concat_vec4
    %concati/vec4 19, 0, 7;
    %store/vec4 v000001ff61efb740_0, 0, 32;
    %jmp T_2.34;
T_2.30 ;
    %pushi/vec4 0, 0, 4;
    %load/vec4 v000001ff61efb920_0;
    %parti/s 2, 2, 3;
    %concat/vec4; draw_concat_vec4
    %load/vec4 v000001ff61efb920_0;
    %parti/s 1, 12, 5;
    %concat/vec4; draw_concat_vec4
    %load/vec4 v000001ff61efb920_0;
    %parti/s 3, 4, 4;
    %concat/vec4; draw_concat_vec4
    %concati/vec4 0, 0, 2;
    %concati/vec4 2, 0, 5;
    %concati/vec4 2, 0, 3;
    %load/vec4 v000001ff61efa660_0;
    %concat/vec4; draw_concat_vec4
    %concati/vec4 3, 0, 7;
    %store/vec4 v000001ff61efb740_0, 0, 32;
    %jmp T_2.34;
T_2.31 ;
    %load/vec4 v000001ff61efb920_0;
    %parti/s 1, 12, 5;
    %nor/r;
    %flag_set/vec4 8;
    %jmp/0xz  T_2.35, 8;
    %load/vec4 v000001ff61efb920_0;
    %parti/s 5, 2, 3;
    %cmpi/e 0, 0, 5;
    %jmp/0xz  T_2.37, 4;
    %pushi/vec4 0, 0, 12;
    %load/vec4 v000001ff61efa660_0;
    %concat/vec4; draw_concat_vec4
    %concati/vec4 0, 0, 3;
    %concati/vec4 0, 0, 5;
    %concati/vec4 103, 0, 7;
    %store/vec4 v000001ff61efb740_0, 0, 32;
    %jmp T_2.38;
T_2.37 ;
    %pushi/vec4 0, 0, 7;
    %load/vec4 v000001ff61efbec0_0;
    %concat/vec4; draw_concat_vec4
    %concati/vec4 0, 0, 5;
    %concati/vec4 0, 0, 3;
    %load/vec4 v000001ff61efa660_0;
    %concat/vec4; draw_concat_vec4
    %concati/vec4 51, 0, 7;
    %store/vec4 v000001ff61efb740_0, 0, 32;
T_2.38 ;
    %jmp T_2.36;
T_2.35 ;
    %load/vec4 v000001ff61efb920_0;
    %parti/s 5, 2, 3;
    %cmpi/e 0, 0, 5;
    %jmp/0xz  T_2.39, 4;
    %pushi/vec4 0, 0, 12;
    %load/vec4 v000001ff61efa660_0;
    %concat/vec4; draw_concat_vec4
    %concati/vec4 0, 0, 3;
    %concati/vec4 1, 0, 5;
    %concati/vec4 103, 0, 7;
    %store/vec4 v000001ff61efb740_0, 0, 32;
    %jmp T_2.40;
T_2.39 ;
    %pushi/vec4 0, 0, 7;
    %load/vec4 v000001ff61efbec0_0;
    %concat/vec4; draw_concat_vec4
    %load/vec4 v000001ff61efa660_0;
    %concat/vec4; draw_concat_vec4
    %concati/vec4 0, 0, 3;
    %load/vec4 v000001ff61efa660_0;
    %concat/vec4; draw_concat_vec4
    %concati/vec4 51, 0, 7;
    %store/vec4 v000001ff61efb740_0, 0, 32;
T_2.40 ;
T_2.36 ;
    %jmp T_2.34;
T_2.32 ;
    %pushi/vec4 0, 0, 4;
    %load/vec4 v000001ff61efb920_0;
    %parti/s 2, 7, 4;
    %concat/vec4; draw_concat_vec4
    %load/vec4 v000001ff61efb920_0;
    %parti/s 1, 12, 5;
    %concat/vec4; draw_concat_vec4
    %load/vec4 v000001ff61efbec0_0;
    %concat/vec4; draw_concat_vec4
    %concati/vec4 2, 0, 5;
    %concati/vec4 2, 0, 3;
    %load/vec4 v000001ff61efb920_0;
    %parti/s 3, 9, 5;
    %concat/vec4; draw_concat_vec4
    %concati/vec4 0, 0, 2;
    %concati/vec4 35, 0, 7;
    %store/vec4 v000001ff61efb740_0, 0, 32;
    %jmp T_2.34;
T_2.34 ;
    %pop/vec4 1;
    %jmp T_2.4;
T_2.4 ;
    %pop/vec4 1;
    %jmp T_2;
    .thread T_2, $push;
    .scope S_000001ff61d90110;
T_3 ;
    %pushi/vec4 0, 0, 32;
    %store/vec4 v000001ff61ef9550_0, 0, 32;
T_3.0 ;
    %load/vec4 v000001ff61ef9550_0;
    %cmpi/s 32, 0, 32;
    %jmp/0xz T_3.1, 5;
    %pushi/vec4 0, 0, 32;
    %ix/getv/s 4, v000001ff61ef9550_0;
    %store/vec4a v000001ff61ef9190, 4, 0;
    %load/vec4 v000001ff61ef9550_0;
    %addi 1, 0, 32;
    %store/vec4 v000001ff61ef9550_0, 0, 32;
    %jmp T_3.0;
T_3.1 ;
    %end;
    .thread T_3;
    .scope S_000001ff61d90110;
T_4 ;
    %wait E_000001ff61e86810;
    %load/vec4 v000001ff61ef9730_0;
    %flag_set/vec4 8;
    %jmp/0xz  T_4.0, 8;
    %load/vec4 v000001ff61ef9690_0;
    %load/vec4 v000001ff61ef9910_0;
    %pad/u 7;
    %ix/vec4 3;
    %ix/load 4, 0, 0; Constant delay
    %assign/vec4/a/d v000001ff61ef9190, 0, 4;
T_4.0 ;
    %jmp T_4;
    .thread T_4;
    .scope S_000001ff61d6a060;
T_5 ;
    %wait E_000001ff61e85790;
    %load/vec4 v000001ff61ef9f50_0;
    %dup/vec4;
    %pushi/vec4 0, 0, 3;
    %cmp/u;
    %jmp/1 T_5.0, 6;
    %dup/vec4;
    %pushi/vec4 1, 0, 3;
    %cmp/u;
    %jmp/1 T_5.1, 6;
    %dup/vec4;
    %pushi/vec4 2, 0, 3;
    %cmp/u;
    %jmp/1 T_5.2, 6;
    %dup/vec4;
    %pushi/vec4 3, 0, 3;
    %cmp/u;
    %jmp/1 T_5.3, 6;
    %dup/vec4;
    %pushi/vec4 4, 0, 3;
    %cmp/u;
    %jmp/1 T_5.4, 6;
    %pushi/vec4 0, 0, 32;
    %store/vec4 v000001ff61ef81f0_0, 0, 32;
    %jmp T_5.6;
T_5.0 ;
    %load/vec4 v000001ff61ef8c90_0;
    %parti/s 1, 24, 6;
    %replicate 20;
    %load/vec4 v000001ff61ef8c90_0;
    %parti/s 12, 13, 5;
    %concat/vec4; draw_concat_vec4
    %store/vec4 v000001ff61ef81f0_0, 0, 32;
    %jmp T_5.6;
T_5.1 ;
    %load/vec4 v000001ff61ef8c90_0;
    %parti/s 1, 24, 6;
    %replicate 20;
    %load/vec4 v000001ff61ef8c90_0;
    %parti/s 7, 18, 6;
    %concat/vec4; draw_concat_vec4
    %load/vec4 v000001ff61ef8c90_0;
    %parti/s 5, 0, 2;
    %concat/vec4; draw_concat_vec4
    %store/vec4 v000001ff61ef81f0_0, 0, 32;
    %jmp T_5.6;
T_5.2 ;
    %load/vec4 v000001ff61ef8c90_0;
    %parti/s 1, 24, 6;
    %replicate 20;
    %load/vec4 v000001ff61ef8c90_0;
    %parti/s 1, 0, 2;
    %concat/vec4; draw_concat_vec4
    %load/vec4 v000001ff61ef8c90_0;
    %parti/s 6, 18, 6;
    %concat/vec4; draw_concat_vec4
    %load/vec4 v000001ff61ef8c90_0;
    %parti/s 4, 1, 2;
    %concat/vec4; draw_concat_vec4
    %concati/vec4 0, 0, 1;
    %store/vec4 v000001ff61ef81f0_0, 0, 32;
    %jmp T_5.6;
T_5.3 ;
    %load/vec4 v000001ff61ef8c90_0;
    %parti/s 1, 24, 6;
    %replicate 12;
    %load/vec4 v000001ff61ef8c90_0;
    %parti/s 8, 5, 4;
    %concat/vec4; draw_concat_vec4
    %load/vec4 v000001ff61ef8c90_0;
    %parti/s 1, 13, 5;
    %concat/vec4; draw_concat_vec4
    %load/vec4 v000001ff61ef8c90_0;
    %parti/s 10, 14, 5;
    %concat/vec4; draw_concat_vec4
    %concati/vec4 0, 0, 1;
    %store/vec4 v000001ff61ef81f0_0, 0, 32;
    %jmp T_5.6;
T_5.4 ;
    %load/vec4 v000001ff61ef8c90_0;
    %parti/s 20, 5, 4;
    %concati/vec4 0, 0, 12;
    %store/vec4 v000001ff61ef81f0_0, 0, 32;
    %jmp T_5.6;
T_5.6 ;
    %pop/vec4 1;
    %jmp T_5;
    .thread T_5, $push;
    .scope S_000001ff61d9d490;
T_6 ;
    %wait E_000001ff61e84a10;
    %load/vec4 v000001ff61e96950_0;
    %dup/vec4;
    %pushi/vec4 3, 0, 7;
    %cmp/u;
    %jmp/1 T_6.0, 6;
    %dup/vec4;
    %pushi/vec4 35, 0, 7;
    %cmp/u;
    %jmp/1 T_6.1, 6;
    %dup/vec4;
    %pushi/vec4 51, 0, 7;
    %cmp/u;
    %jmp/1 T_6.2, 6;
    %dup/vec4;
    %pushi/vec4 99, 0, 7;
    %cmp/u;
    %jmp/1 T_6.3, 6;
    %dup/vec4;
    %pushi/vec4 19, 0, 7;
    %cmp/u;
    %jmp/1 T_6.4, 6;
    %dup/vec4;
    %pushi/vec4 111, 0, 7;
    %cmp/u;
    %jmp/1 T_6.5, 6;
    %dup/vec4;
    %pushi/vec4 103, 0, 7;
    %cmp/u;
    %jmp/1 T_6.6, 6;
    %dup/vec4;
    %pushi/vec4 55, 0, 7;
    %cmp/u;
    %jmp/1 T_6.7, 6;
    %pushi/vec4 0, 0, 13;
    %store/vec4 v000001ff61e96c70_0, 0, 13;
    %jmp T_6.9;
T_6.0 ;
    %pushi/vec4 4384, 0, 13;
    %store/vec4 v000001ff61e96c70_0, 0, 13;
    %jmp T_6.9;
T_6.1 ;
    %pushi/vec4 896, 0, 13;
    %store/vec4 v000001ff61e96c70_0, 0, 13;
    %jmp T_6.9;
T_6.2 ;
    %pushi/vec4 4104, 0, 13;
    %store/vec4 v000001ff61e96c70_0, 0, 13;
    %jmp T_6.9;
T_6.3 ;
    %pushi/vec4 1044, 0, 13;
    %store/vec4 v000001ff61e96c70_0, 0, 13;
    %jmp T_6.9;
T_6.4 ;
    %pushi/vec4 4360, 0, 13;
    %store/vec4 v000001ff61e96c70_0, 0, 13;
    %jmp T_6.9;
T_6.5 ;
    %pushi/vec4 5698, 0, 13;
    %store/vec4 v000001ff61e96c70_0, 0, 13;
    %jmp T_6.9;
T_6.6 ;
    %pushi/vec4 4419, 0, 13;
    %store/vec4 v000001ff61e96c70_0, 0, 13;
    %jmp T_6.9;
T_6.7 ;
    %pushi/vec4 6412, 0, 13;
    %store/vec4 v000001ff61e96c70_0, 0, 13;
    %jmp T_6.9;
T_6.9 ;
    %pop/vec4 1;
    %jmp T_6;
    .thread T_6, $push;
    .scope S_000001ff61d9d300;
T_7 ;
    %wait E_000001ff61e84650;
    %load/vec4 v000001ff61e97cb0_0;
    %dup/vec4;
    %pushi/vec4 0, 0, 2;
    %cmp/u;
    %jmp/1 T_7.0, 6;
    %dup/vec4;
    %pushi/vec4 1, 0, 2;
    %cmp/u;
    %jmp/1 T_7.1, 6;
    %dup/vec4;
    %pushi/vec4 3, 0, 2;
    %cmp/u;
    %jmp/1 T_7.2, 6;
    %load/vec4 v000001ff61e973f0_0;
    %dup/vec4;
    %pushi/vec4 0, 0, 3;
    %cmp/u;
    %jmp/1 T_7.5, 6;
    %dup/vec4;
    %pushi/vec4 1, 0, 3;
    %cmp/u;
    %jmp/1 T_7.6, 6;
    %dup/vec4;
    %pushi/vec4 2, 0, 3;
    %cmp/u;
    %jmp/1 T_7.7, 6;
    %dup/vec4;
    %pushi/vec4 4, 0, 3;
    %cmp/u;
    %jmp/1 T_7.8, 6;
    %dup/vec4;
    %pushi/vec4 5, 0, 3;
    %cmp/u;
    %jmp/1 T_7.9, 6;
    %dup/vec4;
    %pushi/vec4 6, 0, 3;
    %cmp/u;
    %jmp/1 T_7.10, 6;
    %dup/vec4;
    %pushi/vec4 7, 0, 3;
    %cmp/u;
    %jmp/1 T_7.11, 6;
    %pushi/vec4 0, 0, 4;
    %store/vec4 v000001ff61e972b0_0, 0, 4;
    %jmp T_7.13;
T_7.5 ;
    %load/vec4 v000001ff61e96bd0_0;
    %flag_set/vec4 8;
    %jmp/0 T_7.14, 8;
    %pushi/vec4 1, 0, 4;
    %jmp/1 T_7.15, 8;
T_7.14 ; End of true expr.
    %pushi/vec4 0, 0, 4;
    %jmp/0 T_7.15, 8;
 ; End of false expr.
    %blend;
T_7.15;
    %store/vec4 v000001ff61e972b0_0, 0, 4;
    %jmp T_7.13;
T_7.6 ;
    %pushi/vec4 6, 0, 4;
    %store/vec4 v000001ff61e972b0_0, 0, 4;
    %jmp T_7.13;
T_7.7 ;
    %pushi/vec4 5, 0, 4;
    %store/vec4 v000001ff61e972b0_0, 0, 4;
    %jmp T_7.13;
T_7.8 ;
    %pushi/vec4 4, 0, 4;
    %store/vec4 v000001ff61e972b0_0, 0, 4;
    %jmp T_7.13;
T_7.9 ;
    %load/vec4 v000001ff61e97530_0;
    %flag_set/vec4 8;
    %jmp/0 T_7.16, 8;
    %pushi/vec4 8, 0, 4;
    %jmp/1 T_7.17, 8;
T_7.16 ; End of true expr.
    %pushi/vec4 7, 0, 4;
    %jmp/0 T_7.17, 8;
 ; End of false expr.
    %blend;
T_7.17;
    %store/vec4 v000001ff61e972b0_0, 0, 4;
    %jmp T_7.13;
T_7.10 ;
    %pushi/vec4 3, 0, 4;
    %store/vec4 v000001ff61e972b0_0, 0, 4;
    %jmp T_7.13;
T_7.11 ;
    %pushi/vec4 2, 0, 4;
    %store/vec4 v000001ff61e972b0_0, 0, 4;
    %jmp T_7.13;
T_7.13 ;
    %pop/vec4 1;
    %jmp T_7.4;
T_7.0 ;
    %pushi/vec4 0, 0, 4;
    %store/vec4 v000001ff61e972b0_0, 0, 4;
    %jmp T_7.4;
T_7.1 ;
    %pushi/vec4 1, 0, 4;
    %store/vec4 v000001ff61e972b0_0, 0, 4;
    %jmp T_7.4;
T_7.2 ;
    %pushi/vec4 9, 0, 4;
    %store/vec4 v000001ff61e972b0_0, 0, 4;
    %jmp T_7.4;
T_7.4 ;
    %pop/vec4 1;
    %jmp T_7;
    .thread T_7, $push;
    .scope S_000001ff61e798d0;
T_8 ;
    %wait E_000001ff61e85750;
    %load/vec4 v000001ff61e97850_0;
    %dup/vec4;
    %pushi/vec4 0, 0, 4;
    %cmp/u;
    %jmp/1 T_8.0, 6;
    %dup/vec4;
    %pushi/vec4 1, 0, 4;
    %cmp/u;
    %jmp/1 T_8.1, 6;
    %dup/vec4;
    %pushi/vec4 2, 0, 4;
    %cmp/u;
    %jmp/1 T_8.2, 6;
    %dup/vec4;
    %pushi/vec4 3, 0, 4;
    %cmp/u;
    %jmp/1 T_8.3, 6;
    %dup/vec4;
    %pushi/vec4 4, 0, 4;
    %cmp/u;
    %jmp/1 T_8.4, 6;
    %dup/vec4;
    %pushi/vec4 5, 0, 4;
    %cmp/u;
    %jmp/1 T_8.5, 6;
    %dup/vec4;
    %pushi/vec4 6, 0, 4;
    %cmp/u;
    %jmp/1 T_8.6, 6;
    %dup/vec4;
    %pushi/vec4 7, 0, 4;
    %cmp/u;
    %jmp/1 T_8.7, 6;
    %dup/vec4;
    %pushi/vec4 8, 0, 4;
    %cmp/u;
    %jmp/1 T_8.8, 6;
    %dup/vec4;
    %pushi/vec4 9, 0, 4;
    %cmp/u;
    %jmp/1 T_8.9, 6;
    %pushi/vec4 0, 0, 32;
    %store/vec4 v000001ff61eed1f0_0, 0, 32;
    %jmp T_8.11;
T_8.0 ;
    %load/vec4 v000001ff61e977b0_0;
    %load/vec4 v000001ff61e97990_0;
    %add;
    %store/vec4 v000001ff61eed1f0_0, 0, 32;
    %jmp T_8.11;
T_8.1 ;
    %load/vec4 v000001ff61e977b0_0;
    %load/vec4 v000001ff61e97990_0;
    %sub;
    %store/vec4 v000001ff61eed1f0_0, 0, 32;
    %jmp T_8.11;
T_8.2 ;
    %load/vec4 v000001ff61e977b0_0;
    %load/vec4 v000001ff61e97990_0;
    %and;
    %store/vec4 v000001ff61eed1f0_0, 0, 32;
    %jmp T_8.11;
T_8.3 ;
    %load/vec4 v000001ff61e977b0_0;
    %load/vec4 v000001ff61e97990_0;
    %or;
    %store/vec4 v000001ff61eed1f0_0, 0, 32;
    %jmp T_8.11;
T_8.4 ;
    %load/vec4 v000001ff61e977b0_0;
    %load/vec4 v000001ff61e97990_0;
    %xor;
    %store/vec4 v000001ff61eed1f0_0, 0, 32;
    %jmp T_8.11;
T_8.5 ;
    %load/vec4 v000001ff61e977b0_0;
    %load/vec4 v000001ff61e97990_0;
    %cmp/s;
    %flag_mov 8, 5;
    %jmp/0 T_8.12, 8;
    %pushi/vec4 1, 0, 32;
    %jmp/1 T_8.13, 8;
T_8.12 ; End of true expr.
    %pushi/vec4 0, 0, 32;
    %jmp/0 T_8.13, 8;
 ; End of false expr.
    %blend;
T_8.13;
    %store/vec4 v000001ff61eed1f0_0, 0, 32;
    %jmp T_8.11;
T_8.6 ;
    %load/vec4 v000001ff61e977b0_0;
    %load/vec4 v000001ff61e97990_0;
    %parti/s 5, 0, 2;
    %ix/vec4 4;
    %shiftl 4;
    %store/vec4 v000001ff61eed1f0_0, 0, 32;
    %jmp T_8.11;
T_8.7 ;
    %load/vec4 v000001ff61e977b0_0;
    %load/vec4 v000001ff61e97990_0;
    %parti/s 5, 0, 2;
    %ix/vec4 4;
    %shiftr 4;
    %store/vec4 v000001ff61eed1f0_0, 0, 32;
    %jmp T_8.11;
T_8.8 ;
    %load/vec4 v000001ff61e977b0_0;
    %load/vec4 v000001ff61e97990_0;
    %parti/s 5, 0, 2;
    %ix/vec4 4;
    %shiftr/s 4;
    %store/vec4 v000001ff61eed1f0_0, 0, 32;
    %jmp T_8.11;
T_8.9 ;
    %load/vec4 v000001ff61e97990_0;
    %store/vec4 v000001ff61eed1f0_0, 0, 32;
    %jmp T_8.11;
T_8.11 ;
    %pop/vec4 1;
    %jmp T_8;
    .thread T_8, $push;
    .scope S_000001ff61e79740;
T_9 ;
    %wait E_000001ff61e85710;
    %load/vec4 v000001ff61ef6be0_0;
    %dup/vec4;
    %pushi/vec4 0, 0, 3;
    %cmp/u;
    %jmp/1 T_9.0, 6;
    %dup/vec4;
    %pushi/vec4 1, 0, 3;
    %cmp/u;
    %jmp/1 T_9.1, 6;
    %dup/vec4;
    %pushi/vec4 4, 0, 3;
    %cmp/u;
    %jmp/1 T_9.2, 6;
    %dup/vec4;
    %pushi/vec4 5, 0, 3;
    %cmp/u;
    %jmp/1 T_9.3, 6;
    %pushi/vec4 0, 0, 1;
    %store/vec4 v000001ff61ef6780_0, 0, 1;
    %jmp T_9.5;
T_9.0 ;
    %load/vec4 v000001ff61ef6820_0;
    %store/vec4 v000001ff61ef6780_0, 0, 1;
    %jmp T_9.5;
T_9.1 ;
    %load/vec4 v000001ff61ef6820_0;
    %inv;
    %store/vec4 v000001ff61ef6780_0, 0, 1;
    %jmp T_9.5;
T_9.2 ;
    %load/vec4 v000001ff61ef75e0_0;
    %store/vec4 v000001ff61ef6780_0, 0, 1;
    %jmp T_9.5;
T_9.3 ;
    %load/vec4 v000001ff61ef75e0_0;
    %inv;
    %store/vec4 v000001ff61ef6780_0, 0, 1;
    %jmp T_9.5;
T_9.5 ;
    %pop/vec4 1;
    %jmp T_9;
    .thread T_9, $push;
    .scope S_000001ff61efd020;
T_10 ;
    %wait E_000001ff61e878d0;
    %load/vec4 v000001ff61f07a00_0;
    %flag_set/vec4 8;
    %jmp/0xz  T_10.0, 8;
    %load/vec4 v000001ff61f07000_0;
    %load/vec4 v000001ff61f06f60_0;
    %parti/s 30, 2, 3;
    %ix/vec4 3;
    %ix/load 4, 0, 0; Constant delay
    %assign/vec4/a/d v000001ff61f066a0, 0, 4;
T_10.0 ;
    %jmp T_10;
    .thread T_10;
    .scope S_000001ff61e9fa20;
T_11 ;
    %wait E_000001ff61e87250;
    %load/vec4 v000001ff61f09ac0_0;
    %flag_set/vec4 8;
    %jmp/1 T_11.2, 8;
    %load/vec4 v000001ff61f0b5a0_0;
    %flag_set/vec4 9;
    %flag_or 8, 9;
T_11.2;
    %jmp/0xz  T_11.0, 8;
    %pushi/vec4 0, 0, 32;
    %assign/vec4 v000001ff61f0bf00_0, 0;
    %pushi/vec4 0, 0, 32;
    %assign/vec4 v000001ff61f0ace0_0, 0;
    %pushi/vec4 0, 0, 32;
    %assign/vec4 v000001ff61f0b3c0_0, 0;
    %jmp T_11.1;
T_11.0 ;
    %load/vec4 v000001ff61f0a880_0;
    %nor/r;
    %flag_set/vec4 8;
    %jmp/0xz  T_11.3, 8;
    %load/vec4 v000001ff61f0b280_0;
    %assign/vec4 v000001ff61f0bf00_0, 0;
    %load/vec4 v000001ff61f0bc80_0;
    %assign/vec4 v000001ff61f0ace0_0, 0;
    %load/vec4 v000001ff61f0b460_0;
    %assign/vec4 v000001ff61f0b3c0_0, 0;
T_11.3 ;
T_11.1 ;
    %jmp T_11;
    .thread T_11;
    .scope S_000001ff61e9fa20;
T_12 ;
    %wait E_000001ff61e87250;
    %load/vec4 v000001ff61f09ac0_0;
    %flag_set/vec4 8;
    %jmp/1 T_12.2, 8;
    %load/vec4 v000001ff61f0bdc0_0;
    %flag_set/vec4 9;
    %flag_or 8, 9;
T_12.2;
    %jmp/0xz  T_12.0, 8;
    %pushi/vec4 0, 0, 32;
    %assign/vec4 v000001ff61f0b140_0, 0;
    %pushi/vec4 0, 0, 32;
    %assign/vec4 v000001ff61f0bfa0_0, 0;
    %pushi/vec4 0, 0, 32;
    %assign/vec4 v000001ff61f0a380_0, 0;
    %pushi/vec4 0, 0, 32;
    %assign/vec4 v000001ff61f0a060_0, 0;
    %pushi/vec4 0, 0, 32;
    %assign/vec4 v000001ff61f0b960_0, 0;
    %pushi/vec4 0, 0, 5;
    %assign/vec4 v000001ff61f09b60_0, 0;
    %pushi/vec4 0, 0, 5;
    %assign/vec4 v000001ff61f092a0_0, 0;
    %pushi/vec4 0, 0, 5;
    %assign/vec4 v000001ff61f09c00_0, 0;
    %pushi/vec4 0, 0, 3;
    %assign/vec4 v000001ff61f08440_0, 0;
    %pushi/vec4 0, 0, 4;
    %assign/vec4 v000001ff61f0b320_0, 0;
    %pushi/vec4 0, 0, 2;
    %assign/vec4 v000001ff61f09980_0, 0;
    %pushi/vec4 0, 0, 1;
    %assign/vec4 v000001ff61f09660_0, 0;
    %pushi/vec4 0, 0, 1;
    %assign/vec4 v000001ff61f0b000_0, 0;
    %pushi/vec4 0, 0, 1;
    %assign/vec4 v000001ff61f0c040_0, 0;
    %pushi/vec4 0, 0, 1;
    %assign/vec4 v000001ff61f0bbe0_0, 0;
    %pushi/vec4 0, 0, 1;
    %assign/vec4 v000001ff61f0aba0_0, 0;
    %pushi/vec4 0, 0, 1;
    %assign/vec4 v000001ff61f0b8c0_0, 0;
    %jmp T_12.1;
T_12.0 ;
    %load/vec4 v000001ff61f0bf00_0;
    %assign/vec4 v000001ff61f0b140_0, 0;
    %load/vec4 v000001ff61f0b3c0_0;
    %assign/vec4 v000001ff61f0bfa0_0, 0;
    %load/vec4 v000001ff61f08c60_0;
    %assign/vec4 v000001ff61f0a380_0, 0;
    %load/vec4 v000001ff61f09520_0;
    %assign/vec4 v000001ff61f0a060_0, 0;
    %load/vec4 v000001ff61f0af60_0;
    %assign/vec4 v000001ff61f0b960_0, 0;
    %load/vec4 v000001ff61f09de0_0;
    %assign/vec4 v000001ff61f09b60_0, 0;
    %load/vec4 v000001ff61f0a740_0;
    %assign/vec4 v000001ff61f092a0_0, 0;
    %load/vec4 v000001ff61f08ee0_0;
    %assign/vec4 v000001ff61f09c00_0, 0;
    %load/vec4 v000001ff61f083a0_0;
    %assign/vec4 v000001ff61f08440_0, 0;
    %load/vec4 v000001ff61f0bb40_0;
    %assign/vec4 v000001ff61f0b320_0, 0;
    %load/vec4 v000001ff61f09d40_0;
    %assign/vec4 v000001ff61f09980_0, 0;
    %load/vec4 v000001ff61f09160_0;
    %assign/vec4 v000001ff61f09660_0, 0;
    %load/vec4 v000001ff61f0ae20_0;
    %assign/vec4 v000001ff61f0b000_0, 0;
    %load/vec4 v000001ff61f0bd20_0;
    %assign/vec4 v000001ff61f0c040_0, 0;
    %load/vec4 v000001ff61f0b0a0_0;
    %assign/vec4 v000001ff61f0bbe0_0, 0;
    %load/vec4 v000001ff61f0ad80_0;
    %assign/vec4 v000001ff61f0aba0_0, 0;
    %load/vec4 v000001ff61f0be60_0;
    %assign/vec4 v000001ff61f0b8c0_0, 0;
T_12.1 ;
    %jmp T_12;
    .thread T_12;
    .scope S_000001ff61e9fa20;
T_13 ;
    %wait E_000001ff61e87250;
    %load/vec4 v000001ff61f09ac0_0;
    %flag_set/vec4 8;
    %jmp/0xz  T_13.0, 8;
    %pushi/vec4 0, 0, 32;
    %assign/vec4 v000001ff61f08f80_0, 0;
    %pushi/vec4 0, 0, 32;
    %assign/vec4 v000001ff61f0b500_0, 0;
    %pushi/vec4 0, 0, 32;
    %assign/vec4 v000001ff61f08bc0_0, 0;
    %pushi/vec4 0, 0, 5;
    %assign/vec4 v000001ff61f097a0_0, 0;
    %pushi/vec4 0, 0, 2;
    %assign/vec4 v000001ff61f09200_0, 0;
    %pushi/vec4 0, 0, 1;
    %assign/vec4 v000001ff61f084e0_0, 0;
    %pushi/vec4 0, 0, 1;
    %assign/vec4 v000001ff61f0c0e0_0, 0;
    %jmp T_13.1;
T_13.0 ;
    %load/vec4 v000001ff61f0bfa0_0;
    %assign/vec4 v000001ff61f08f80_0, 0;
    %load/vec4 v000001ff61f0b640_0;
    %assign/vec4 v000001ff61f0b500_0, 0;
    %load/vec4 v000001ff61f09f20_0;
    %assign/vec4 v000001ff61f08bc0_0, 0;
    %load/vec4 v000001ff61f09c00_0;
    %assign/vec4 v000001ff61f097a0_0, 0;
    %load/vec4 v000001ff61f09980_0;
    %assign/vec4 v000001ff61f09200_0, 0;
    %load/vec4 v000001ff61f09660_0;
    %assign/vec4 v000001ff61f084e0_0, 0;
    %load/vec4 v000001ff61f0b000_0;
    %assign/vec4 v000001ff61f0c0e0_0, 0;
T_13.1 ;
    %jmp T_13;
    .thread T_13;
    .scope S_000001ff61e9fa20;
T_14 ;
    %wait E_000001ff61e87250;
    %load/vec4 v000001ff61f09ac0_0;
    %flag_set/vec4 8;
    %jmp/0xz  T_14.0, 8;
    %pushi/vec4 0, 0, 32;
    %assign/vec4 v000001ff61f09020_0, 0;
    %pushi/vec4 0, 0, 32;
    %assign/vec4 v000001ff61f0aec0_0, 0;
    %pushi/vec4 0, 0, 32;
    %assign/vec4 v000001ff61f08b20_0, 0;
    %pushi/vec4 0, 0, 5;
    %assign/vec4 v000001ff61f09700_0, 0;
    %pushi/vec4 0, 0, 2;
    %assign/vec4 v000001ff61f08e40_0, 0;
    %pushi/vec4 0, 0, 1;
    %assign/vec4 v000001ff61f09340_0, 0;
    %jmp T_14.1;
T_14.0 ;
    %load/vec4 v000001ff61f08f80_0;
    %assign/vec4 v000001ff61f09020_0, 0;
    %load/vec4 v000001ff61f0b500_0;
    %assign/vec4 v000001ff61f0aec0_0, 0;
    %load/vec4 v000001ff61f0a2e0_0;
    %assign/vec4 v000001ff61f08b20_0, 0;
    %load/vec4 v000001ff61f097a0_0;
    %assign/vec4 v000001ff61f09700_0, 0;
    %load/vec4 v000001ff61f09200_0;
    %assign/vec4 v000001ff61f08e40_0, 0;
    %load/vec4 v000001ff61f084e0_0;
    %assign/vec4 v000001ff61f09340_0, 0;
T_14.1 ;
    %jmp T_14;
    .thread T_14;
    .scope S_000001ff61e2ed60;
T_15 ;
    %pushi/vec4 0, 0, 1;
    %store/vec4 v000001ff61f0a1a0_0, 0, 1;
T_15.0 ;
    %delay 5, 0;
    %load/vec4 v000001ff61f0a1a0_0;
    %inv;
    %store/vec4 v000001ff61f0a1a0_0, 0, 1;
    %jmp T_15.0;
    %end;
    .thread T_15;
    .scope S_000001ff61e2ed60;
T_16 ;
    %pushi/vec4 1, 0, 1;
    %store/vec4 v000001ff61f0a6a0_0, 0, 1;
    %delay 25, 0;
    %pushi/vec4 0, 0, 1;
    %store/vec4 v000001ff61f0a6a0_0, 0, 1;
    %vpi_call 3 17 "$display", "=== TB Load/Store RVC: C.LW, C.SW, C.LWSP, C.SWSP ===" {0 0 0};
    %end;
    .thread T_16;
    .scope S_000001ff61e2ed60;
T_17 ;
    %delay 1000, 0;
    %vpi_call 3 21 "$display", "--- Resultados ---" {0 0 0};
    %vpi_call 3 22 "$display", "x8  = %0d (esperado: 16)", &A<v000001ff61ef9190, 8> {0 0 0};
    %vpi_call 3 23 "$display", "x9  = %0d (esperado:  7)", &A<v000001ff61ef9190, 9> {0 0 0};
    %vpi_call 3 24 "$display", "x10 = %0d (esperado:  7)", &A<v000001ff61ef9190, 10> {0 0 0};
    %vpi_call 3 25 "$display", "x11 = %0d (esperado:  7)", &A<v000001ff61ef9190, 11> {0 0 0};
    %vpi_call 3 26 "$display", "x2  = %0d (esperado: 16)", &A<v000001ff61ef9190, 2> {0 0 0};
    %ix/load 4, 8, 0;
    %flag_set/imm 4, 0;
    %load/vec4a v000001ff61ef9190, 4;
    %cmpi/e 16, 0, 32;
    %flag_get/vec4 6;
    %jmp/0 T_17.5, 6;
    %ix/load 4, 9, 0;
    %flag_set/imm 4, 0;
    %load/vec4a v000001ff61ef9190, 4;
    %pushi/vec4 7, 0, 32;
    %cmp/e;
    %flag_get/vec4 6;
    %and;
T_17.5;
    %flag_set/vec4 11;
    %flag_get/vec4 11;
    %jmp/0 T_17.4, 11;
    %ix/load 4, 10, 0;
    %flag_set/imm 4, 0;
    %load/vec4a v000001ff61ef9190, 4;
    %pushi/vec4 7, 0, 32;
    %cmp/e;
    %flag_get/vec4 6;
    %and;
T_17.4;
    %flag_set/vec4 10;
    %flag_get/vec4 10;
    %jmp/0 T_17.3, 10;
    %ix/load 4, 11, 0;
    %flag_set/imm 4, 0;
    %load/vec4a v000001ff61ef9190, 4;
    %pushi/vec4 7, 0, 32;
    %cmp/e;
    %flag_get/vec4 6;
    %and;
T_17.3;
    %flag_set/vec4 9;
    %flag_get/vec4 9;
    %jmp/0 T_17.2, 9;
    %ix/load 4, 2, 0;
    %flag_set/imm 4, 0;
    %load/vec4a v000001ff61ef9190, 4;
    %pushi/vec4 16, 0, 32;
    %cmp/e;
    %flag_get/vec4 6;
    %and;
T_17.2;
    %flag_set/vec4 8;
    %jmp/0xz  T_17.0, 8;
    %vpi_call 3 32 "$display", "PASS" {0 0 0};
    %jmp T_17.1;
T_17.0 ;
    %vpi_call 3 34 "$display", "FAIL" {0 0 0};
T_17.1 ;
    %vpi_call 3 35 "$finish" {0 0 0};
    %end;
    .thread T_17;
    .scope S_000001ff61e2ed60;
T_18 ;
    %vpi_call 3 38 "$dumpfile", "waveform/tb_test_ls_rvc.vcd" {0 0 0};
    %vpi_call 3 39 "$dumpvars", 32'sb00000000000000000000000000000000, v000001ff61f0b280_0 {0 0 0};
    %vpi_call 3 40 "$dumpvars", 32'sb00000000000000000000000000000000, v000001ff61f0bc80_0 {0 0 0};
    %vpi_call 3 41 "$dumpvars", 32'sb00000000000000000000000000000000, v000001ff61f0ace0_0 {0 0 0};
    %vpi_call 3 42 "$dumpvars", 32'sb00000000000000000000000000000000, v000001ff61f07f00_0 {0 0 0};
    %vpi_call 3 43 "$dumpvars", 32'sb00000000000000000000000000000000, v000001ff61f0b640_0 {0 0 0};
    %vpi_call 3 44 "$dumpvars", 32'sb00000000000000000000000000000000, &A<v000001ff61ef9190, 8> {0 0 0};
    %vpi_call 3 45 "$dumpvars", 32'sb00000000000000000000000000000000, &A<v000001ff61ef9190, 9> {0 0 0};
    %vpi_call 3 46 "$dumpvars", 32'sb00000000000000000000000000000000, &A<v000001ff61ef9190, 10> {0 0 0};
    %vpi_call 3 47 "$dumpvars", 32'sb00000000000000000000000000000000, &A<v000001ff61ef9190, 11> {0 0 0};
    %end;
    .thread T_18;
# The file index is used to find the file name in the following table.
:file_names 24;
    "N/A";
    "<interactive>";
    "src/mux2.v";
    "tb/tb_test_ls_rvc.v";
    "src/top_pipe.v";
    "src/pipeline.v";
    "src/controller_pipe.v";
    "src/aludec.v";
    "src/maindec.v";
    "src/ex_stage.v";
    "src/alu.v";
    "src/adder.v";
    "src/mux3.v";
    "src/hazard_unit.v";
    "src/id_stage.v";
    "src/extend.v";
    "src/regfile.v";
    "src/if_stage.v";
    "src/decompressor.v";
    "src/imem.v";
    "src/flopr.v";
    "src/mem_stage.v";
    "src/dmem.v";
    "src/wb_stage.v";
